<html>
<head>
<title>TestNG:  Default test</title>
<link href="../testng.css" rel="stylesheet" type="text/css" />
<link href="../my-testng.css" rel="stylesheet" type="text/css" />

<style type="text/css">
.log { display: none;} 
.stack-trace { display: none;} 
</style>
<script type="text/javascript">
<!--
function flip(e) {
  current = e.style.display;
  if (current == 'block') {
    e.style.display = 'none';
    return 0;
  }
  else {
    e.style.display = 'block';
    return 1;
  }
}

function toggleBox(szDivId, elem, msg1, msg2)
{
  var res = -1;  if (document.getElementById) {
    res = flip(document.getElementById(szDivId));
  }
  else if (document.all) {
    // this is the way old msie versions work
    res = flip(document.all[szDivId]);
  }
  if(elem) {
    if(res == 0) elem.innerHTML = msg1; else elem.innerHTML = msg2;
  }

}

function toggleAllBoxes() {
  if (document.getElementsByTagName) {
    d = document.getElementsByTagName('div');
    for (i = 0; i < d.length; i++) {
      if (d[i].className == 'log') {
        flip(d[i]);
      }
    }
  }
}

// -->
</script>

</head>
<body>
<h2 align='center'>Default test</h2><table border='1' align="center">
<tr>
<<<<<<< HEAD
<td>Tests passed/Failed/Skipped:</td><td>5/0/0</td>
</tr><tr>
<td>Started on:</td><td>Wed Sep 03 11:51:17 IST 2025</td>
</tr>
<tr><td>Total time:</td><td>32 seconds (32774 ms)</td>
=======
<td>Tests passed/Failed/Skipped:</td><td>11/1/0</td>
</tr><tr>
<td>Started on:</td><td>Wed Sep 03 15:34:20 IST 2025</td>
</tr>
<tr><td>Total time:</td><td>121 seconds (121835 ms)</td>
>>>>>>> 266c3619eab6a22af47713953d7b92a6d68eb094
</tr><tr>
<td>Included groups:</td><td></td>
</tr><tr>
<td>Excluded groups:</td><td></td>
</tr>
</table><p/>
<small><i>(Hover the method name to see the test class name)</i></small><p/>
<table width='100%' border='1' class='invocation-passed'>
<tr><td colspan='4' align='center'><b>PASSED TESTS</b></td></tr>
<tr><td><b>Test method</b></td>
<td><b>Attribute(s)</b></td>
<td width="30%"><b>Exception</b></td>
<td width="10%"><b>Time (seconds)</b></td>
<td><b>Instance</b></td>
</tr>
<tr>
<<<<<<< HEAD
<td title='com.automationexercise.tests.TC_ECOM_Tests.TC_ECOM_TestCase_004()'><b>TC_ECOM_TestCase_004</b><br>Test class: com.automationexercise.tests.TC_ECOM_Tests</td>
<td></td>
<td>2</td>
<td>com.automationexercise.tests.TC_ECOM_Tests@48d5f34e</td></tr>
<tr>
<td title='com.automationexercise.tests.TC_ECOM_Tests.TC_ECOM_TestCase_005()'><b>TC_ECOM_TestCase_005</b><br>Test class: com.automationexercise.tests.TC_ECOM_Tests</td>
<td></td>
<td>2</td>
<td>com.automationexercise.tests.TC_ECOM_Tests@48d5f34e</td></tr>
<tr>
<td title='com.automationexercise.tests.TC_ECOM_Tests.TC_ECOM_TestCase_002()'><b>TC_ECOM_TestCase_002</b><br>Test class: com.automationexercise.tests.TC_ECOM_Tests</td>
<td></td>
<td>12</td>
<td>com.automationexercise.tests.TC_ECOM_Tests@48d5f34e</td></tr>
<tr>
<td title='com.automationexercise.tests.TC_ECOM_Tests.TC_ECOM_TestCase_003()'><b>TC_ECOM_TestCase_003</b><br>Test class: com.automationexercise.tests.TC_ECOM_Tests</td>
<td></td>
<td>4</td>
<td>com.automationexercise.tests.TC_ECOM_Tests@48d5f34e</td></tr>
<tr>
<td title='com.automationexercise.tests.TC_ECOM_Tests.TC_ECOM_TestCase_001()'><b>TC_ECOM_TestCase_001</b><br>Test class: com.automationexercise.tests.TC_ECOM_Tests</td>
<td></td>
<td>2</td>
<td>com.automationexercise.tests.TC_ECOM_Tests@48d5f34e</td></tr>
=======
<td title='com.automationexercise.tests.ContactUsTest.testContactUsForm()'><b>testContactUsForm</b><br>Test class: com.automationexercise.tests.ContactUsTest<br>Parameters: John@123#, validemail@example.com, Invalid Name TC, Testing invalid characters., INVALID_NAME</td>
<td><div><pre>java.lang.RuntimeException: org.openqa.selenium.UnhandledAlertException: unexpected alert open: {Alert text : Press OK to proceed!}
  (Session info: chrome=139.0.7258.155): Press OK to proceed!
Build info: version: &apos;4.23.0&apos;, revision: &apos;4df0a231af&apos;
System info: os.name: &apos;Windows 11&apos;, os.arch: &apos;amd64&apos;, os.version: &apos;10.0&apos;, java.version: &apos;21.0.8&apos;
Driver info: org.openqa.selenium.chrome.ChromeDriver
Command: [02e14b1fdd1443457887b73ac833c87c, findElement {using=css selector, value=.status.alert-success, .status.alert, .error}]
Capabilities {acceptInsecureCerts: false, browserName: chrome, browserVersion: 139.0.7258.155, chrome: {chromedriverVersion: 139.0.7258.154 (9e0d6b2b47f..., userDataDir: C:\Users\91951\AppData\Loca...}, fedcm:accounts: true, goog:chromeOptions: {debuggerAddress: localhost:51737}, networkConnectionEnabled: false, pageLoadStrategy: normal, platformName: windows, proxy: Proxy(), se:cdp: ws://localhost:51737/devtoo..., se:cdpVersion: 139.0.7258.155, setWindowRect: true, strictFileInteractability: false, timeouts: {implicit: 0, pageLoad: 300000, script: 30000}, unhandledPromptBehavior: dismiss and notify, webauthn:extension:credBlob: true, webauthn:extension:largeBlob: true, webauthn:extension:minPinLength: true, webauthn:extension:prf: true, webauthn:virtualAuthenticators: true}
Session ID: 02e14b1fdd1443457887b73ac833c87c
	at com.automationexercise.tests.ContactUsTest.testContactUsForm(ContactUsTest.java:139)
	at java.base/jdk.internal.reflect.DirectMethodHandleAccessor.invoke(DirectMethodHandleAccessor.java:103)
	at java.base/java.lang.reflect.Method.invoke(Method.java:580)
	at org.testng.internal.invokers.MethodInvocationHelper.invokeMethod(MethodInvocationHelper.java:141)
	at org.testng.internal.invokers.TestInvoker.invokeMethod(TestInvoker.java:687)
	at org.testng.internal.invokers.TestInvoker.invokeTestMethod(TestInvoker.java:230)
	at org.testng.internal.invokers.MethodRunner.runInSequence(MethodRunner.java:63)
	at org.testng.internal.invokers.TestInvoker$MethodInvocationAgent.invoke(TestInvoker.java:995)
	at org.testng.internal.invokers.TestInvoker.invokeTestMethods(TestInvoker.java:203)
	at org.testng.internal.invokers.TestMethodWorker.invokeTestMethods(TestMethodWorker.java:154)
	at org.testng.internal.invokers.TestMethodWorker.run(TestMethodWorker.java:134)
	at java.base/java.util.ArrayList.forEach(ArrayList.java:1596)
	at org.testng.TestRunner.privateRun(TestRunner.java:741)
	at org.testng.TestRunner.run(TestRunner.java:616)
	at org.testng.SuiteRunner.runTest(SuiteRunner.java:421)
	at org.testng.SuiteRunner.runSequentially(SuiteRunner.java:413)
	at org.testng.SuiteRunner.privateRun(SuiteRunner.java:373)
	at org.testng.SuiteRunner.run(SuiteRunner.java:312)
	at org.testng.SuiteRunnerWorker.runSuite(SuiteRunnerWorker.java:52)
	at org.testng.SuiteRunnerWorker.run(SuiteRunnerWorker.java:95)
	at org.testng.TestNG.runSuitesSequentially(TestNG.java:1274)
	at org.testng.TestNG.runSuitesLocally(TestNG.java:1208)
	at org.testng.TestNG.runSuites(TestNG.java:1112)
	at org.testng.TestNG.run(TestNG.java:1079)
	at org.testng.remote.AbstractRemoteTestNG.run(AbstractRemoteTestNG.java:115)
	at org.testng.remote.RemoteTestNG.initAndRun(RemoteTestNG.java:293)
	at org.testng.remote.RemoteTestNG.main(RemoteTestNG.java:91)
Caused by: org.openqa.selenium.UnhandledAlertException: unexpected alert open: {Alert text : Press OK to proceed!}
  (Session info: chrome=139.0.7258.155): Press OK to proceed!
Build info: version: &apos;4.23.0&apos;, revision: &apos;4df0a231af&apos;
System info: os.name: &apos;Windows 11&apos;, os.arch: &apos;amd64&apos;, os.version: &apos;10.0&apos;, java.version: &apos;21.0.8&apos;
Driver info: org.openqa.selenium.chrome.ChromeDriver
Command: [02e14b1fdd1443457887b73ac833c87c, findElement {using=css selector, value=.status.alert-success, .status.alert, .error}]
Capabilities {acceptInsecureCerts: false, browserName: chrome, browserVersion: 139.0.7258.155, chrome: {chromedriverVersion: 139.0.7258.154 (9e0d6b2b47f..., userDataDir: C:\Users\91951\AppData\Loca...}, fedcm:accounts: true, goog:chromeOptions: {debuggerAddress: localhost:51737}, networkConnectionEnabled: false, pageLoadStrategy: normal, platformName: windows, proxy: Proxy(), se:cdp: ws://localhost:51737/devtoo..., se:cdpVersion: 139.0.7258.155, setWindowRect: true, strictFileInteractability: false, timeouts: {implicit: 0, pageLoad: 300000, script: 30000}, unhandledPromptBehavior: dismiss and notify, webauthn:extension:credBlob: true, webauthn:extension:largeBlob: true, webauthn:extension:minPinLength: true, webauthn:extension:prf: true, webauthn:virtualAuthenticators: true}
Session ID: 02e14b1fdd1443457887b73ac833c87c
	at org.openqa.selenium.remote.codec.w3c.W3CHttpResponseCodec.decode(W3CHttpResponseCodec.java:136)
	at org.openqa.selenium.remote.codec.w3c.W3CHttpResponseCodec.decode(W3CHttpResponseCodec.java:50)
	at org.openqa.selenium.remote.HttpCommandExecutor.execute(HttpCommandExecutor.java:190)
	at org.openqa.selenium.remote.service.DriverCommandExecutor.invokeExecute(DriverCommandExecutor.java:216)
	at org.openqa.selenium.remote.service.DriverCommandExecutor.execute(DriverCommandExecutor.java:174)
	at org.openqa.selenium.remote.RemoteWebDriver.execute(RemoteWebDriver.java:527)
	at org.openqa.selenium.remote.ElementLocation$ElementFinder$2.findElement(ElementLocation.java:165)
	at org.openqa.selenium.remote.ElementLocation.findElement(ElementLocation.java:59)
	at org.openqa.selenium.remote.RemoteWebDriver.findElement(RemoteWebDriver.java:357)
	at org.openqa.selenium.remote.RemoteWebDriver.findElement(RemoteWebDriver.java:351)
	at org.openqa.selenium.support.ui.ExpectedConditions$7.apply(ExpectedConditions.java:194)
	at org.openqa.selenium.support.ui.ExpectedConditions$7.apply(ExpectedConditions.java:190)
	at org.openqa.selenium.support.ui.FluentWait.until(FluentWait.java:203)
	at com.automationexercise.tests.ContactUsTest.testContactUsForm(ContactUsTest.java:63)
	... 26 more
</pre></div><a href='#' onClick='toggleBox("stack-trace943512909", this, "Click to show all stack frames", "Click to hide stack frames")'>Click to show all stack frames</a>
<div class='stack-trace' id='stack-trace943512909'><pre>java.lang.RuntimeException: org.openqa.selenium.UnhandledAlertException: unexpected alert open: {Alert text : Press OK to proceed!}
  (Session info: chrome=139.0.7258.155): Press OK to proceed!
Build info: version: &apos;4.23.0&apos;, revision: &apos;4df0a231af&apos;
System info: os.name: &apos;Windows 11&apos;, os.arch: &apos;amd64&apos;, os.version: &apos;10.0&apos;, java.version: &apos;21.0.8&apos;
Driver info: org.openqa.selenium.chrome.ChromeDriver
Command: [02e14b1fdd1443457887b73ac833c87c, findElement {using=css selector, value=.status.alert-success, .status.alert, .error}]
Capabilities {acceptInsecureCerts: false, browserName: chrome, browserVersion: 139.0.7258.155, chrome: {chromedriverVersion: 139.0.7258.154 (9e0d6b2b47f..., userDataDir: C:\Users\91951\AppData\Loca...}, fedcm:accounts: true, goog:chromeOptions: {debuggerAddress: localhost:51737}, networkConnectionEnabled: false, pageLoadStrategy: normal, platformName: windows, proxy: Proxy(), se:cdp: ws://localhost:51737/devtoo..., se:cdpVersion: 139.0.7258.155, setWindowRect: true, strictFileInteractability: false, timeouts: {implicit: 0, pageLoad: 300000, script: 30000}, unhandledPromptBehavior: dismiss and notify, webauthn:extension:credBlob: true, webauthn:extension:largeBlob: true, webauthn:extension:minPinLength: true, webauthn:extension:prf: true, webauthn:virtualAuthenticators: true}
Session ID: 02e14b1fdd1443457887b73ac833c87c
	at com.automationexercise.tests.ContactUsTest.testContactUsForm(ContactUsTest.java:139)
	at java.base/jdk.internal.reflect.DirectMethodHandleAccessor.invoke(DirectMethodHandleAccessor.java:103)
	at java.base/java.lang.reflect.Method.invoke(Method.java:580)
	at org.testng.internal.invokers.MethodInvocationHelper.invokeMethod(MethodInvocationHelper.java:141)
	at org.testng.internal.invokers.TestInvoker.invokeMethod(TestInvoker.java:687)
	at org.testng.internal.invokers.TestInvoker.invokeTestMethod(TestInvoker.java:230)
	at org.testng.internal.invokers.MethodRunner.runInSequence(MethodRunner.java:63)
	at org.testng.internal.invokers.TestInvoker$MethodInvocationAgent.invoke(TestInvoker.java:995)
	at org.testng.internal.invokers.TestInvoker.invokeTestMethods(TestInvoker.java:203)
	at org.testng.internal.invokers.TestMethodWorker.invokeTestMethods(TestMethodWorker.java:154)
	at org.testng.internal.invokers.TestMethodWorker.run(TestMethodWorker.java:134)
	at java.base/java.util.ArrayList.forEach(ArrayList.java:1596)
	at org.testng.TestRunner.privateRun(TestRunner.java:741)
	at org.testng.TestRunner.run(TestRunner.java:616)
	at org.testng.SuiteRunner.runTest(SuiteRunner.java:421)
	at org.testng.SuiteRunner.runSequentially(SuiteRunner.java:413)
	at org.testng.SuiteRunner.privateRun(SuiteRunner.java:373)
	at org.testng.SuiteRunner.run(SuiteRunner.java:312)
	at org.testng.SuiteRunnerWorker.runSuite(SuiteRunnerWorker.java:52)
	at org.testng.SuiteRunnerWorker.run(SuiteRunnerWorker.java:95)
	at org.testng.TestNG.runSuitesSequentially(TestNG.java:1274)
	at org.testng.TestNG.runSuitesLocally(TestNG.java:1208)
	at org.testng.TestNG.runSuites(TestNG.java:1112)
	at org.testng.TestNG.run(TestNG.java:1079)
	at org.testng.remote.AbstractRemoteTestNG.run(AbstractRemoteTestNG.java:115)
	at org.testng.remote.RemoteTestNG.initAndRun(RemoteTestNG.java:293)
	at org.testng.remote.RemoteTestNG.main(RemoteTestNG.java:91)
Caused by: org.openqa.selenium.UnhandledAlertException: unexpected alert open: {Alert text : Press OK to proceed!}
  (Session info: chrome=139.0.7258.155): Press OK to proceed!
Build info: version: &apos;4.23.0&apos;, revision: &apos;4df0a231af&apos;
System info: os.name: &apos;Windows 11&apos;, os.arch: &apos;amd64&apos;, os.version: &apos;10.0&apos;, java.version: &apos;21.0.8&apos;
Driver info: org.openqa.selenium.chrome.ChromeDriver
Command: [02e14b1fdd1443457887b73ac833c87c, findElement {using=css selector, value=.status.alert-success, .status.alert, .error}]
Capabilities {acceptInsecureCerts: false, browserName: chrome, browserVersion: 139.0.7258.155, chrome: {chromedriverVersion: 139.0.7258.154 (9e0d6b2b47f..., userDataDir: C:\Users\91951\AppData\Loca...}, fedcm:accounts: true, goog:chromeOptions: {debuggerAddress: localhost:51737}, networkConnectionEnabled: false, pageLoadStrategy: normal, platformName: windows, proxy: Proxy(), se:cdp: ws://localhost:51737/devtoo..., se:cdpVersion: 139.0.7258.155, setWindowRect: true, strictFileInteractability: false, timeouts: {implicit: 0, pageLoad: 300000, script: 30000}, unhandledPromptBehavior: dismiss and notify, webauthn:extension:credBlob: true, webauthn:extension:largeBlob: true, webauthn:extension:minPinLength: true, webauthn:extension:prf: true, webauthn:virtualAuthenticators: true}
Session ID: 02e14b1fdd1443457887b73ac833c87c
	at org.openqa.selenium.remote.codec.w3c.W3CHttpResponseCodec.decode(W3CHttpResponseCodec.java:136)
	at org.openqa.selenium.remote.codec.w3c.W3CHttpResponseCodec.decode(W3CHttpResponseCodec.java:50)
	at org.openqa.selenium.remote.HttpCommandExecutor.execute(HttpCommandExecutor.java:190)
	at org.openqa.selenium.remote.service.DriverCommandExecutor.invokeExecute(DriverCommandExecutor.java:216)
	at org.openqa.selenium.remote.service.DriverCommandExecutor.execute(DriverCommandExecutor.java:174)
	at org.openqa.selenium.remote.RemoteWebDriver.execute(RemoteWebDriver.java:527)
	at org.openqa.selenium.remote.ElementLocation$ElementFinder$2.findElement(ElementLocation.java:165)
	at org.openqa.selenium.remote.ElementLocation.findElement(ElementLocation.java:59)
	at org.openqa.selenium.remote.RemoteWebDriver.findElement(RemoteWebDriver.java:357)
	at org.openqa.selenium.remote.RemoteWebDriver.findElement(RemoteWebDriver.java:351)
	at org.openqa.selenium.support.ui.ExpectedConditions$7.apply(ExpectedConditions.java:194)
	at org.openqa.selenium.support.ui.ExpectedConditions$7.apply(ExpectedConditions.java:190)
	at org.openqa.selenium.support.ui.FluentWait.until(FluentWait.java:203)
	at com.automationexercise.tests.ContactUsTest.testContactUsForm(ContactUsTest.java:63)
	... 26 more
</pre></div></td>
<td>4</td>
<td>com.automationexercise.tests.ContactUsTest@119020fb</td></tr>
</table><p>
<table width='100%' border='1' class='invocation-passed'>
<tr><td colspan='4' align='center'><b>PASSED TESTS</b></td></tr>
<tr><td><b>Test method</b></td>
<td><b>Attribute(s)</b></td>
<td width="30%"><b>Exception</b></td>
<td width="10%"><b>Time (seconds)</b></td>
<td><b>Instance</b></td>
</tr>
<tr>
<td title='com.automationexercise.tests.ContactUsTest.verifyAllInputFieldsVisible()'><b>verifyAllInputFieldsVisible</b><br>Test class: com.automationexercise.tests.ContactUsTest</td>
<td></td>
<td>3</td>
<td>com.automationexercise.tests.ContactUsTest@119020fb</td></tr>
<tr>
<td title='com.automationexercise.tests.ContactUsTest.testContactUsForm()'><b>testContactUsForm</b><br>Test class: com.automationexercise.tests.ContactUsTest<br>Parameters: Invalid, invalid-email, Test Error, Missing proper email format., Please enter a valid email address.</td>
<td></td>
<td>3</td>
<td>com.automationexercise.tests.ContactUsTest@119020fb</td></tr>
<tr>
<td title='com.automationexercise.tests.ContactUsTest.verifySubmitButtonEnabled()'><b>verifySubmitButtonEnabled</b><br>Test class: com.automationexercise.tests.ContactUsTest</td>
<td></td>
<td>2</td>
<td>com.automationexercise.tests.ContactUsTest@119020fb</td></tr>
<tr>
<td title='com.automationexercise.tests.ContactUsTest.testContactUsForm()'><b>testContactUsForm</b><br>Test class: com.automationexercise.tests.ContactUsTest<br>Parameters: Long Text, longtext@example.com, Test Long, Lorem ipsum dolor sit amet..., Success! Your details have been submitted successfully.</td>
<td></td>
<td>3</td>
<td>com.automationexercise.tests.ContactUsTest@119020fb</td></tr>
<tr>
<td title='com.automationexercise.tests.ContactUsTest.verifyFeedbackSectionVisible()'><b>verifyFeedbackSectionVisible</b><br>Test class: com.automationexercise.tests.ContactUsTest</td>
<td></td>
<td>2</td>
<td>com.automationexercise.tests.ContactUsTest@119020fb</td></tr>
<tr>
<td title='com.automationexercise.tests.ContactUsTest.testContactUsForm()'><b>testContactUsForm</b><br>Test class: com.automationexercise.tests.ContactUsTest<br>Parameters: John Doe, john@example.com, Test Subject 1, This is a test message., Success! Your details have been submitted successfully.</td>
<td></td>
<td>18</td>
<td>com.automationexercise.tests.ContactUsTest@119020fb</td></tr>
<tr>
<td title='com.automationexercise.tests.ContactUsTest.testContactUsForm()'><b>testContactUsForm</b><br>Test class: com.automationexercise.tests.ContactUsTest<br>Parameters: Jane Smith, jane@example.com, Feedback, Loved the website!, Success! Your details have been submitted successfully.</td>
<td></td>
<td>31</td>
<td>com.automationexercise.tests.ContactUsTest@119020fb</td></tr>
<tr>
<td title='com.automationexercise.tests.ContactUsTest.verifyContactUsPageLoadsProperly()'><b>verifyContactUsPageLoadsProperly</b><br>Test class: com.automationexercise.tests.ContactUsTest</td>
<td></td>
<td>2</td>
<td>com.automationexercise.tests.ContactUsTest@119020fb</td></tr>
<tr>
<td title='com.automationexercise.tests.ContactUsTest.testContactUsForm()'><b>testContactUsForm</b><br>Test class: com.automationexercise.tests.ContactUsTest<br>Parameters: Empty, , No Email, No email provided., Please fill out this field.</td>
<td></td>
<td>3</td>
<td>com.automationexercise.tests.ContactUsTest@119020fb</td></tr>
<tr>
<td title='com.automationexercise.tests.ContactUsTest.verifyContactUsPageTitle()'><b>verifyContactUsPageTitle</b><br>Test class: com.automationexercise.tests.ContactUsTest</td>
<td></td>
<td>16</td>
<td>com.automationexercise.tests.ContactUsTest@119020fb</td></tr>
<tr>
<td title='com.automationexercise.tests.ContactUsTest.verifyPlaceholderTexts()'><b>verifyPlaceholderTexts</b><br>Test class: com.automationexercise.tests.ContactUsTest</td>
<td></td>
<td>4</td>
<td>com.automationexercise.tests.ContactUsTest@119020fb</td></tr>
>>>>>>> 266c3619eab6a22af47713953d7b92a6d68eb094
</table><p>
</body>
</html>