<?xml version="1.0" encoding="UTF-8"?>
<!-- Generated by org.testng.reporters.JUnitXMLReporter -->
<testsuite ignored="10" hostname="LAPTOP-QMA3PVOQ" failures="2" tests="44" name="chrome - Smoke+Functional" time="572.158" errors="0" timestamp="2025-09-03T21:23:11 IST">
  <testcase classname="com.automationexercise.tests.TC_VideoTutorialsTest" name="TC_CheckVideoTutorialsIcon" time="14.748"/>
  <testcase classname="com.automationexercise.tests.TC_ECOM_Tests" name="TC_ECOM_TestCase_001" time="34.539">
    <failure type="java.lang.AssertionError" message="Page load time exceeded. expected [true] but found [false]">
      <![CDATA[java.lang.AssertionError: Page load time exceeded. expected [true] but found [false]
at com.automationexercise.tests.TC_ECOM_Tests.TC_ECOM_TestCase_001(TC_ECOM_Tests.java:27)
at java.base/java.util.ArrayList.forEach(ArrayList.java:1596)
at java.base/java.util.concurrent.FutureTask.run(FutureTask.java:317)
at java.base/java.util.concurrent.ThreadPoolExecutor.runWorker(ThreadPoolExecutor.java:1144)
at java.base/java.util.concurrent.ThreadPoolExecutor$Worker.run(ThreadPoolExecutor.java:642)
at java.base/java.lang.Thread.run(Thread.java:1583)
... Removed 18 stack frames]]>
    </failure>
  </testcase> <!-- TC_ECOM_TestCase_001 -->
  <testcase classname="com.automationexercise.tests.TC_ECOM_Tests" name="TC_ECOM_TestCase_002" time="13.29"/>
  <testcase classname="com.automationexercise.tests.TC_ECOM_Tests" name="TC_ECOM_TestCase_003" time="33.944"/>
  <testcase classname="com.automationexercise.tests.TC_ECOM_Tests" name="TC_ECOM_TestCase_004" time="2.745"/>
  <testcase classname="com.automationexercise.tests.TC_ECOM_Tests" name="TC_ECOM_TestCase_005" time="3.021"/>
  <testcase classname="com.automationexercise.tests.ContactUsTest" name="testContactUsForm" time="3.658"/>
  <testcase classname="com.automationexercise.tests.ContactUsTest" name="testContactUsForm" time="4.755"/>
  <testcase classname="com.automationexercise.tests.ContactUsTest" name="testContactUsForm" time="3.42"/>
  <testcase classname="com.automationexercise.tests.ContactUsTest" name="testContactUsForm" time="3.909"/>
  <testcase classname="com.automationexercise.tests.ContactUsTest" name="testContactUsForm" time="3.667"/>
  <testcase classname="com.automationexercise.tests.ContactUsTest" name="testContactUsForm" time="6.075">
    <failure type="java.lang.RuntimeException" message="org.openqa.selenium.UnhandledAlertException: unexpected alert open: {Alert text : Press OK to proceed!}
  (Session info: chrome=139.0.7258.155): Press OK to proceed!
Build info: version: &amp;apos;4.23.0&amp;apos;, revision: &amp;apos;4df0a231af&amp;apos;
System info: os.name: &amp;apos;Windows 11&amp;apos;, os.arch: &amp;apos;amd64&amp;apos;, os.version: &amp;apos;10.0&amp;apos;, java.version: &amp;apos;21.0.8&amp;apos;
Driver info: org.openqa.selenium.chrome.ChromeDriver
Command: [888a6d45e64db5cc8efee924f8b55671, findElement {value=.status.alert-success, .status.alert, .error, using=css selector}]
Capabilities {acceptInsecureCerts: false, browserName: chrome, browserVersion: 139.0.7258.155, chrome: {chromedriverVersion: 139.0.7258.154 (9e0d6b2b47f..., userDataDir: C:\Users\91951\AppData\Loca...}, fedcm:accounts: true, goog:chromeOptions: {debuggerAddress: localhost:57798}, networkConnectionEnabled: false, pageLoadStrategy: normal, platformName: windows, proxy: Proxy(), se:cdp: ws://localhost:57798/devtoo..., se:cdpVersion: 139.0.7258.155, setWindowRect: true, strictFileInteractability: false, timeouts: {implicit: 0, pageLoad: 300000, script: 30000}, unhandledPromptBehavior: dismiss and notify, webauthn:extension:credBlob: true, webauthn:extension:largeBlob: true, webauthn:extension:minPinLength: true, webauthn:extension:prf: true, webauthn:virtualAuthenticators: true}
Session ID: 888a6d45e64db5cc8efee924f8b55671">
      <![CDATA[java.lang.RuntimeException: org.openqa.selenium.UnhandledAlertException: unexpected alert open: {Alert text : Press OK to proceed!}
  (Session info: chrome=139.0.7258.155): Press OK to proceed!
Build info: version: '4.23.0', revision: '4df0a231af'
System info: os.name: 'Windows 11', os.arch: 'amd64', os.version: '10.0', java.version: '21.0.8'
Driver info: org.openqa.selenium.chrome.ChromeDriver
Command: [888a6d45e64db5cc8efee924f8b55671, findElement {value=.status.alert-success, .status.alert, .error, using=css selector}]
Capabilities {acceptInsecureCerts: false, browserName: chrome, browserVersion: 139.0.7258.155, chrome: {chromedriverVersion: 139.0.7258.154 (9e0d6b2b47f..., userDataDir: C:\Users\91951\AppData\Loca...}, fedcm:accounts: true, goog:chromeOptions: {debuggerAddress: localhost:57798}, networkConnectionEnabled: false, pageLoadStrategy: normal, platformName: windows, proxy: Proxy(), se:cdp: ws://localhost:57798/devtoo..., se:cdpVersion: 139.0.7258.155, setWindowRect: true, strictFileInteractability: false, timeouts: {implicit: 0, pageLoad: 300000, script: 30000}, unhandledPromptBehavior: dismiss and notify, webauthn:extension:credBlob: true, webauthn:extension:largeBlob: true, webauthn:extension:minPinLength: true, webauthn:extension:prf: true, webauthn:virtualAuthenticators: true}
Session ID: 888a6d45e64db5cc8efee924f8b55671
at com.automationexercise.tests.ContactUsTest.testContactUsForm(ContactUsTest.java:139)
at java.base/java.util.ArrayList.forEach(ArrayList.java:1596)
at java.base/java.util.concurrent.FutureTask.run(FutureTask.java:317)
at java.base/java.util.concurrent.ThreadPoolExecutor.runWorker(ThreadPoolExecutor.java:1144)
at java.base/java.util.concurrent.ThreadPoolExecutor$Worker.run(ThreadPoolExecutor.java:642)
at java.base/java.lang.Thread.run(Thread.java:1583)
Caused by: org.openqa.selenium.UnhandledAlertException: unexpected alert open: {Alert text : Press OK to proceed!}
  (Session info: chrome=139.0.7258.155): Press OK to proceed!
Build info: version: '4.23.0', revision: '4df0a231af'
System info: os.name: 'Windows 11', os.arch: 'amd64', os.version: '10.0', java.version: '21.0.8'
Driver info: org.openqa.selenium.chrome.ChromeDriver
Command: [888a6d45e64db5cc8efee924f8b55671, findElement {value=.status.alert-success, .status.alert, .error, using=css selector}]
Capabilities {acceptInsecureCerts: false, browserName: chrome, browserVersion: 139.0.7258.155, chrome: {chromedriverVersion: 139.0.7258.154 (9e0d6b2b47f..., userDataDir: C:\Users\91951\AppData\Loca...}, fedcm:accounts: true, goog:chromeOptions: {debuggerAddress: localhost:57798}, networkConnectionEnabled: false, pageLoadStrategy: normal, platformName: windows, proxy: Proxy(), se:cdp: ws://localhost:57798/devtoo..., se:cdpVersion: 139.0.7258.155, setWindowRect: true, strictFileInteractability: false, timeouts: {implicit: 0, pageLoad: 300000, script: 30000}, unhandledPromptBehavior: dismiss and notify, webauthn:extension:credBlob: true, webauthn:extension:largeBlob: true, webauthn:extension:minPinLength: true, webauthn:extension:prf: true, webauthn:virtualAuthenticators: true}
Session ID: 888a6d45e64db5cc8efee924f8b55671
at org.openqa.selenium.remote.codec.w3c.W3CHttpResponseCodec.decode(W3CHttpResponseCodec.java:136)
at org.openqa.selenium.remote.codec.w3c.W3CHttpResponseCodec.decode(W3CHttpResponseCodec.java:50)
at org.openqa.selenium.remote.HttpCommandExecutor.execute(HttpCommandExecutor.java:190)
at org.openqa.selenium.remote.service.DriverCommandExecutor.invokeExecute(DriverCommandExecutor.java:216)
at org.openqa.selenium.remote.service.DriverCommandExecutor.execute(DriverCommandExecutor.java:174)
at org.openqa.selenium.remote.RemoteWebDriver.execute(RemoteWebDriver.java:527)
at org.openqa.selenium.remote.ElementLocation$ElementFinder$2.findElement(ElementLocation.java:165)
at org.openqa.selenium.remote.ElementLocation.findElement(ElementLocation.java:59)
at org.openqa.selenium.remote.RemoteWebDriver.findElement(RemoteWebDriver.java:357)
at org.openqa.selenium.remote.RemoteWebDriver.findElement(RemoteWebDriver.java:351)
at org.openqa.selenium.support.ui.ExpectedConditions$7.apply(ExpectedConditions.java:194)
at org.openqa.selenium.support.ui.ExpectedConditions$7.apply(ExpectedConditions.java:190)
at org.openqa.selenium.support.ui.FluentWait.until(FluentWait.java:203)
at com.automationexercise.tests.ContactUsTest.testContactUsForm(ContactUsTest.java:63)
... 20 more
... Removed 15 stack frames]]>
    </failure>
  </testcase> <!-- testContactUsForm -->
  <testcase classname="com.automationexercise.tests.SubscriptionTest" name="testSubscriptionForm" time="3.745"/>
  <testcase classname="com.automationexercise.tests.SubscriptionTest" name="testSubscriptionForm" time="35.242"/>
  <testcase classname="com.automationexercise.tests.SubscriptionTest" name="testSubscriptionForm" time="6.693"/>
  <testcase classname="com.automationexercise.tests.ContactUsTest" name="verifyAllInputFieldsVisible" time="2.303"/>
  <testcase classname="com.automationexercise.tests.ContactUsTest" name="verifyContactUsPageLoadsProperly" time="2.208"/>
  <testcase classname="com.automationexercise.tests.ContactUsTest" name="verifyContactUsPageTitle" time="16.896"/>
  <testcase classname="com.automationexercise.tests.SubscriptionTest" name="verifyEmailFieldEnabled" time="21.57"/>
  <testcase classname="com.automationexercise.tests.SubscriptionTest" name="verifyEmailPlaceholder" time="55.613"/>
  <testcase classname="com.automationexercise.tests.ContactUsTest" name="verifyFeedbackSectionVisible" time="2.408"/>
  <testcase classname="com.automationexercise.tests.HomePageTest" name="verifyHomePageTitle" time="6.993"/>
  <testcase classname="com.automationexercise.tests.HomePageTest" name="verifyLogoIsDisplayed" time="5.004"/>
  <testcase classname="com.automationexercise.tests.ContactUsTest" name="verifyPlaceholderTexts" time="3.104"/>
  <testcase classname="com.automationexercise.tests.ContactUsTest" name="verifySubmitButtonEnabled" time="4.209"/>
  <testcase classname="com.automationexercise.tests.SubscriptionTest" name="verifySubscribeButtonEnabled" time="5.056"/>
  <testcase classname="com.automationexercise.tests.SubscriptionTest" name="verifySubscriptionSectionVisible" time="3.521"/>
  <testcase classname="com.automationexercise.tests.LoginTest" name="verifyLoginPageIsDisplayed" time="3.252"/>
  <testcase classname="com.automationexercise.tests.LoginTest" name="verifyLoginHeaderVisible" time="2.6"/>
  <testcase classname="com.automationexercise.tests.LoginTest" name="verifyNewUserSignupHeaderVisible" time="4.116"/>
  <testcase classname="com.automationexercise.tests.LoginTest" name="verifyLoginButtonVisibleAndClickable" time="3.021"/>
  <testcase classname="com.automationexercise.tests.LoginTest" name="verifySignUpButtonVisibleAndClickable" time="3.94"/>
  <testcase classname="com.automationexercise.tests.LoginTest" name="verifySignUpSectionIsDisplayed" time="2.967"/>
  <testcase classname="com.automationexercise.tests.LoginTest" name="verifyUserRegistration" time="13.488"/>
  <testcase classname="com.automationexercise.tests.LoginTest" name="verifyEnterAccountInformationHeaderIsDisplayed" time="4.104"/>
  <testcase classname="com.automationexercise.tests.LoginTest" name="verifyAddressInformationHeaderIsDisplayed" time="5.444"/>
  <testcase classname="com.automationexercise.tests.LoginTest" name="registerUserFromExcel" time="13.726"/>
  <testcase classname="com.automationexercise.tests.LoginTest" name="registerUserFromExcel" time="11.334"/>
  <testcase classname="com.automationexercise.tests.LoginTest" name="registerUserFromExcel" time="29.561"/>
  <testcase classname="com.automationexercise.tests.LoginTest" name="verifyLogin" time="38.685"/>
  <testcase classname="com.automationexercise.tests.LoginTest" name="verifyLogout" time="26.749"/>
  <testcase classname="com.automationexercise.tests.LoginTest" name="verifyLoginWithInvalidCredentialsFromExcel" time="13.888"/>
  <testcase classname="com.automationexercise.tests.LoginTest" name="verifyLoginWithValidEmailAndWrongPassword" time="13.858"/>
  <testcase classname="com.automationexercise.tests.LoginTest" name="verifySignUpWithInvalidEmailFormat_FromExcel" time="3.583"/>
  <testcase classname="com.automationexercise.base.BaseTest" name="@BeforeSuite setupReport" time="0.0">
    <ignored/>
  </testcase> <!-- @BeforeSuite setupReport -->
  <testcase classname="com.automationexercise.base.BaseTest" name="@AfterSuite flushReport" time="0.0">
    <ignored/>
  </testcase> <!-- @AfterSuite flushReport -->
  <testcase classname="com.automationexercise.base.BaseTest" name="@AfterSuite flushReport" time="0.0">
    <ignored/>
  </testcase> <!-- @AfterSuite flushReport -->
  <testcase classname="com.automationexercise.base.BaseTest" name="@BeforeSuite setupReport" time="0.0">
    <ignored/>
  </testcase> <!-- @BeforeSuite setupReport -->
  <testcase classname="com.automationexercise.base.BaseTest" name="@BeforeSuite setupReport" time="0.0">
    <ignored/>
  </testcase> <!-- @BeforeSuite setupReport -->
  <testcase classname="com.automationexercise.base.BaseTest" name="@AfterSuite flushReport" time="0.0">
    <ignored/>
  </testcase> <!-- @AfterSuite flushReport -->
  <testcase classname="com.automationexercise.base.BaseTest" name="@AfterSuite flushReport" time="0.0">
    <ignored/>
  </testcase> <!-- @AfterSuite flushReport -->
  <testcase classname="com.automationexercise.base.BaseTest" name="@BeforeSuite setupReport" time="0.0">
    <ignored/>
  </testcase> <!-- @BeforeSuite setupReport -->
  <testcase classname="com.automationexercise.base.BaseTest" name="@BeforeSuite setupReport" time="0.0">
    <ignored/>
  </testcase> <!-- @BeforeSuite setupReport -->
  <testcase classname="com.automationexercise.base.BaseTest" name="@AfterSuite flushReport" time="0.0">
    <ignored/>
  </testcase> <!-- @AfterSuite flushReport -->
</testsuite> <!-- chrome - Smoke+Functional -->
