<html>
<head>
<title>TestNG:  chrome - Smoke+Functional</title>
<link href="../testng.css" rel="stylesheet" type="text/css" />
<link href="../my-testng.css" rel="stylesheet" type="text/css" />

<style type="text/css">
.log { display: none;} 
.stack-trace { display: none;} 
</style>
<script type="text/javascript">
<!--
function flip(e) {
  current = e.style.display;
  if (current == 'block') {
    e.style.display = 'none';
    return 0;
  }
  else {
    e.style.display = 'block';
    return 1;
  }
}

function toggleBox(szDivId, elem, msg1, msg2)
{
  var res = -1;  if (document.getElementById) {
    res = flip(document.getElementById(szDivId));
  }
  else if (document.all) {
    // this is the way old msie versions work
    res = flip(document.all[szDivId]);
  }
  if(elem) {
    if(res == 0) elem.innerHTML = msg1; else elem.innerHTML = msg2;
  }

}

function toggleAllBoxes() {
  if (document.getElementsByTagName) {
    d = document.getElementsByTagName('div');
    for (i = 0; i < d.length; i++) {
      if (d[i].className == 'log') {
        flip(d[i]);
      }
    }
  }
}

// -->
</script>

</head>
<body>
<h2 align='center'>chrome - Smoke+Functional</h2><table border='1' align="center">
<tr>
<td>Tests passed/Failed/Skipped:</td><td>42/2/0</td>
</tr><tr>
<td>Started on:</td><td>Wed Sep 03 21:13:39 IST 2025</td>
</tr>
<tr><td>Total time:</td><td>572 seconds (572158 ms)</td>
</tr><tr>
<td>Included groups:</td><td>functional negative ui Data-Driven smoke Regression </td>
</tr><tr>
<td>Excluded groups:</td><td></td>
</tr>
</table><p/>
<small><i>(Hover the method name to see the test class name)</i></small><p/>
<table width='100%' border='1' class='invocation-failed'>
<tr><td colspan='4' align='center'><b>FAILED TESTS</b></td></tr>
<tr><td><b>Test method</b></td>
<td><b>Attribute(s)</b></td>
<td width="30%"><b>Exception</b></td>
<td width="10%"><b>Time (seconds)</b></td>
<td><b>Instance</b></td>
</tr>
<tr>
<td title='com.automationexercise.tests.TC_ECOM_Tests.TC_ECOM_TestCase_001()'><b>TC_ECOM_TestCase_001</b><br>Test class: com.automationexercise.tests.TC_ECOM_Tests</td>
<td><div><pre>java.lang.AssertionError: Page load time exceeded. expected [true] but found [false]
	at com.automationexercise.tests.TC_ECOM_Tests.TC_ECOM_TestCase_001(TC_ECOM_Tests.java:27)
	at java.base/java.util.ArrayList.forEach(ArrayList.java:1596)
	at java.base/java.util.concurrent.FutureTask.run(FutureTask.java:317)
	at java.base/java.util.concurrent.ThreadPoolExecutor.runWorker(ThreadPoolExecutor.java:1144)
	at java.base/java.util.concurrent.ThreadPoolExecutor$Worker.run(ThreadPoolExecutor.java:642)
	at java.base/java.lang.Thread.run(Thread.java:1583)
... Removed 18 stack frames</pre></div><a href='#' onClick='toggleBox("stack-trace434008846", this, "Click to show all stack frames", "Click to hide stack frames")'>Click to show all stack frames</a>
<div class='stack-trace' id='stack-trace434008846'><pre>java.lang.AssertionError: Page load time exceeded. expected [true] but found [false]
	at org.testng.Assert.fail(Assert.java:111)
	at org.testng.Assert.failNotEquals(Assert.java:1590)
	at org.testng.Assert.assertTrue(Assert.java:57)
	at com.automationexercise.tests.TC_ECOM_Tests.TC_ECOM_TestCase_001(TC_ECOM_Tests.java:27)
	at java.base/jdk.internal.reflect.DirectMethodHandleAccessor.invoke(DirectMethodHandleAccessor.java:103)
	at java.base/java.lang.reflect.Method.invoke(Method.java:580)
	at org.testng.internal.invokers.MethodInvocationHelper.invokeMethod(MethodInvocationHelper.java:141)
	at org.testng.internal.invokers.TestInvoker.invokeMethod(TestInvoker.java:687)
	at org.testng.internal.invokers.TestInvoker.invokeTestMethod(TestInvoker.java:230)
	at org.testng.internal.invokers.MethodRunner.runInSequence(MethodRunner.java:63)
	at org.testng.internal.invokers.TestInvoker$MethodInvocationAgent.invoke(TestInvoker.java:995)
	at org.testng.internal.invokers.TestInvoker.invokeTestMethods(TestInvoker.java:203)
	at org.testng.internal.invokers.TestMethodWorker.invokeTestMethods(TestMethodWorker.java:154)
	at org.testng.internal.invokers.TestMethodWorker.run(TestMethodWorker.java:134)
	at java.base/java.util.ArrayList.forEach(ArrayList.java:1596)
	at org.testng.TestRunner.privateRun(TestRunner.java:741)
	at org.testng.TestRunner.run(TestRunner.java:616)
	at org.testng.SuiteRunner.runTest(SuiteRunner.java:421)
	at org.testng.SuiteRunner$SuiteWorker.run(SuiteRunner.java:463)
	at org.testng.internal.thread.ThreadUtil.lambda$execute$0(ThreadUtil.java:64)
	at java.base/java.util.concurrent.FutureTask.run(FutureTask.java:317)
	at java.base/java.util.concurrent.ThreadPoolExecutor.runWorker(ThreadPoolExecutor.java:1144)
	at java.base/java.util.concurrent.ThreadPoolExecutor$Worker.run(ThreadPoolExecutor.java:642)
	at java.base/java.lang.Thread.run(Thread.java:1583)
</pre></div></td>
<td>34</td>
<td>com.automationexercise.tests.TC_ECOM_Tests@395b56bb</td></tr>
<tr>
<td title='com.automationexercise.tests.ContactUsTest.testContactUsForm()'><b>testContactUsForm</b><br>Test class: com.automationexercise.tests.ContactUsTest<br>Parameters: John@123#, validemail@example.com, Invalid Name TC, Testing invalid characters., INVALID_NAME</td>
<td><div><pre>java.lang.RuntimeException: org.openqa.selenium.UnhandledAlertException: unexpected alert open: {Alert text : Press OK to proceed!}
  (Session info: chrome=139.0.7258.155): Press OK to proceed!
Build info: version: &apos;4.23.0&apos;, revision: &apos;4df0a231af&apos;
System info: os.name: &apos;Windows 11&apos;, os.arch: &apos;amd64&apos;, os.version: &apos;10.0&apos;, java.version: &apos;21.0.8&apos;
Driver info: org.openqa.selenium.chrome.ChromeDriver
Command: [888a6d45e64db5cc8efee924f8b55671, findElement {value=.status.alert-success, .status.alert, .error, using=css selector}]
Capabilities {acceptInsecureCerts: false, browserName: chrome, browserVersion: 139.0.7258.155, chrome: {chromedriverVersion: 139.0.7258.154 (9e0d6b2b47f..., userDataDir: C:\Users\91951\AppData\Loca...}, fedcm:accounts: true, goog:chromeOptions: {debuggerAddress: localhost:57798}, networkConnectionEnabled: false, pageLoadStrategy: normal, platformName: windows, proxy: Proxy(), se:cdp: ws://localhost:57798/devtoo..., se:cdpVersion: 139.0.7258.155, setWindowRect: true, strictFileInteractability: false, timeouts: {implicit: 0, pageLoad: 300000, script: 30000}, unhandledPromptBehavior: dismiss and notify, webauthn:extension:credBlob: true, webauthn:extension:largeBlob: true, webauthn:extension:minPinLength: true, webauthn:extension:prf: true, webauthn:virtualAuthenticators: true}
Session ID: 888a6d45e64db5cc8efee924f8b55671
	at com.automationexercise.tests.ContactUsTest.testContactUsForm(ContactUsTest.java:139)
	at java.base/java.util.ArrayList.forEach(ArrayList.java:1596)
	at java.base/java.util.concurrent.FutureTask.run(FutureTask.java:317)
	at java.base/java.util.concurrent.ThreadPoolExecutor.runWorker(ThreadPoolExecutor.java:1144)
	at java.base/java.util.concurrent.ThreadPoolExecutor$Worker.run(ThreadPoolExecutor.java:642)
	at java.base/java.lang.Thread.run(Thread.java:1583)
Caused by: org.openqa.selenium.UnhandledAlertException: unexpected alert open: {Alert text : Press OK to proceed!}
  (Session info: chrome=139.0.7258.155): Press OK to proceed!
Build info: version: &apos;4.23.0&apos;, revision: &apos;4df0a231af&apos;
System info: os.name: &apos;Windows 11&apos;, os.arch: &apos;amd64&apos;, os.version: &apos;10.0&apos;, java.version: &apos;21.0.8&apos;
Driver info: org.openqa.selenium.chrome.ChromeDriver
Command: [888a6d45e64db5cc8efee924f8b55671, findElement {value=.status.alert-success, .status.alert, .error, using=css selector}]
Capabilities {acceptInsecureCerts: false, browserName: chrome, browserVersion: 139.0.7258.155, chrome: {chromedriverVersion: 139.0.7258.154 (9e0d6b2b47f..., userDataDir: C:\Users\91951\AppData\Loca...}, fedcm:accounts: true, goog:chromeOptions: {debuggerAddress: localhost:57798}, networkConnectionEnabled: false, pageLoadStrategy: normal, platformName: windows, proxy: Proxy(), se:cdp: ws://localhost:57798/devtoo..., se:cdpVersion: 139.0.7258.155, setWindowRect: true, strictFileInteractability: false, timeouts: {implicit: 0, pageLoad: 300000, script: 30000}, unhandledPromptBehavior: dismiss and notify, webauthn:extension:credBlob: true, webauthn:extension:largeBlob: true, webauthn:extension:minPinLength: true, webauthn:extension:prf: true, webauthn:virtualAuthenticators: true}
Session ID: 888a6d45e64db5cc8efee924f8b55671
	at org.openqa.selenium.remote.codec.w3c.W3CHttpResponseCodec.decode(W3CHttpResponseCodec.java:136)
	at org.openqa.selenium.remote.codec.w3c.W3CHttpResponseCodec.decode(W3CHttpResponseCodec.java:50)
	at org.openqa.selenium.remote.HttpCommandExecutor.execute(HttpCommandExecutor.java:190)
	at org.openqa.selenium.remote.service.DriverCommandExecutor.invokeExecute(DriverCommandExecutor.java:216)
	at org.openqa.selenium.remote.service.DriverCommandExecutor.execute(DriverCommandExecutor.java:174)
	at org.openqa.selenium.remote.RemoteWebDriver.execute(RemoteWebDriver.java:527)
	at org.openqa.selenium.remote.ElementLocation$ElementFinder$2.findElement(ElementLocation.java:165)
	at org.openqa.selenium.remote.ElementLocation.findElement(ElementLocation.java:59)
	at org.openqa.selenium.remote.RemoteWebDriver.findElement(RemoteWebDriver.java:357)
	at org.openqa.selenium.remote.RemoteWebDriver.findElement(RemoteWebDriver.java:351)
	at org.openqa.selenium.support.ui.ExpectedConditions$7.apply(ExpectedConditions.java:194)
	at org.openqa.selenium.support.ui.ExpectedConditions$7.apply(ExpectedConditions.java:190)
	at org.openqa.selenium.support.ui.FluentWait.until(FluentWait.java:203)
	at com.automationexercise.tests.ContactUsTest.testContactUsForm(ContactUsTest.java:63)
	... 20 more
... Removed 15 stack frames</pre></div><a href='#' onClick='toggleBox("stack-trace494533629", this, "Click to show all stack frames", "Click to hide stack frames")'>Click to show all stack frames</a>
<div class='stack-trace' id='stack-trace494533629'><pre>java.lang.RuntimeException: org.openqa.selenium.UnhandledAlertException: unexpected alert open: {Alert text : Press OK to proceed!}
  (Session info: chrome=139.0.7258.155): Press OK to proceed!
Build info: version: &apos;4.23.0&apos;, revision: &apos;4df0a231af&apos;
System info: os.name: &apos;Windows 11&apos;, os.arch: &apos;amd64&apos;, os.version: &apos;10.0&apos;, java.version: &apos;21.0.8&apos;
Driver info: org.openqa.selenium.chrome.ChromeDriver
Command: [888a6d45e64db5cc8efee924f8b55671, findElement {value=.status.alert-success, .status.alert, .error, using=css selector}]
Capabilities {acceptInsecureCerts: false, browserName: chrome, browserVersion: 139.0.7258.155, chrome: {chromedriverVersion: 139.0.7258.154 (9e0d6b2b47f..., userDataDir: C:\Users\91951\AppData\Loca...}, fedcm:accounts: true, goog:chromeOptions: {debuggerAddress: localhost:57798}, networkConnectionEnabled: false, pageLoadStrategy: normal, platformName: windows, proxy: Proxy(), se:cdp: ws://localhost:57798/devtoo..., se:cdpVersion: 139.0.7258.155, setWindowRect: true, strictFileInteractability: false, timeouts: {implicit: 0, pageLoad: 300000, script: 30000}, unhandledPromptBehavior: dismiss and notify, webauthn:extension:credBlob: true, webauthn:extension:largeBlob: true, webauthn:extension:minPinLength: true, webauthn:extension:prf: true, webauthn:virtualAuthenticators: true}
Session ID: 888a6d45e64db5cc8efee924f8b55671
	at com.automationexercise.tests.ContactUsTest.testContactUsForm(ContactUsTest.java:139)
	at java.base/jdk.internal.reflect.DirectMethodHandleAccessor.invoke(DirectMethodHandleAccessor.java:103)
	at java.base/java.lang.reflect.Method.invoke(Method.java:580)
	at org.testng.internal.invokers.MethodInvocationHelper.invokeMethod(MethodInvocationHelper.java:141)
	at org.testng.internal.invokers.TestInvoker.invokeMethod(TestInvoker.java:687)
	at org.testng.internal.invokers.TestInvoker.invokeTestMethod(TestInvoker.java:230)
	at org.testng.internal.invokers.MethodRunner.runInSequence(MethodRunner.java:63)
	at org.testng.internal.invokers.TestInvoker$MethodInvocationAgent.invoke(TestInvoker.java:995)
	at org.testng.internal.invokers.TestInvoker.invokeTestMethods(TestInvoker.java:203)
	at org.testng.internal.invokers.TestMethodWorker.invokeTestMethods(TestMethodWorker.java:154)
	at org.testng.internal.invokers.TestMethodWorker.run(TestMethodWorker.java:134)
	at java.base/java.util.ArrayList.forEach(ArrayList.java:1596)
	at org.testng.TestRunner.privateRun(TestRunner.java:741)
	at org.testng.TestRunner.run(TestRunner.java:616)
	at org.testng.SuiteRunner.runTest(SuiteRunner.java:421)
	at org.testng.SuiteRunner$SuiteWorker.run(SuiteRunner.java:463)
	at org.testng.internal.thread.ThreadUtil.lambda$execute$0(ThreadUtil.java:64)
	at java.base/java.util.concurrent.FutureTask.run(FutureTask.java:317)
	at java.base/java.util.concurrent.ThreadPoolExecutor.runWorker(ThreadPoolExecutor.java:1144)
	at java.base/java.util.concurrent.ThreadPoolExecutor$Worker.run(ThreadPoolExecutor.java:642)
	at java.base/java.lang.Thread.run(Thread.java:1583)
Caused by: org.openqa.selenium.UnhandledAlertException: unexpected alert open: {Alert text : Press OK to proceed!}
  (Session info: chrome=139.0.7258.155): Press OK to proceed!
Build info: version: &apos;4.23.0&apos;, revision: &apos;4df0a231af&apos;
System info: os.name: &apos;Windows 11&apos;, os.arch: &apos;amd64&apos;, os.version: &apos;10.0&apos;, java.version: &apos;21.0.8&apos;
Driver info: org.openqa.selenium.chrome.ChromeDriver
Command: [888a6d45e64db5cc8efee924f8b55671, findElement {value=.status.alert-success, .status.alert, .error, using=css selector}]
Capabilities {acceptInsecureCerts: false, browserName: chrome, browserVersion: 139.0.7258.155, chrome: {chromedriverVersion: 139.0.7258.154 (9e0d6b2b47f..., userDataDir: C:\Users\91951\AppData\Loca...}, fedcm:accounts: true, goog:chromeOptions: {debuggerAddress: localhost:57798}, networkConnectionEnabled: false, pageLoadStrategy: normal, platformName: windows, proxy: Proxy(), se:cdp: ws://localhost:57798/devtoo..., se:cdpVersion: 139.0.7258.155, setWindowRect: true, strictFileInteractability: false, timeouts: {implicit: 0, pageLoad: 300000, script: 30000}, unhandledPromptBehavior: dismiss and notify, webauthn:extension:credBlob: true, webauthn:extension:largeBlob: true, webauthn:extension:minPinLength: true, webauthn:extension:prf: true, webauthn:virtualAuthenticators: true}
Session ID: 888a6d45e64db5cc8efee924f8b55671
	at org.openqa.selenium.remote.codec.w3c.W3CHttpResponseCodec.decode(W3CHttpResponseCodec.java:136)
	at org.openqa.selenium.remote.codec.w3c.W3CHttpResponseCodec.decode(W3CHttpResponseCodec.java:50)
	at org.openqa.selenium.remote.HttpCommandExecutor.execute(HttpCommandExecutor.java:190)
	at org.openqa.selenium.remote.service.DriverCommandExecutor.invokeExecute(DriverCommandExecutor.java:216)
	at org.openqa.selenium.remote.service.DriverCommandExecutor.execute(DriverCommandExecutor.java:174)
	at org.openqa.selenium.remote.RemoteWebDriver.execute(RemoteWebDriver.java:527)
	at org.openqa.selenium.remote.ElementLocation$ElementFinder$2.findElement(ElementLocation.java:165)
	at org.openqa.selenium.remote.ElementLocation.findElement(ElementLocation.java:59)
	at org.openqa.selenium.remote.RemoteWebDriver.findElement(RemoteWebDriver.java:357)
	at org.openqa.selenium.remote.RemoteWebDriver.findElement(RemoteWebDriver.java:351)
	at org.openqa.selenium.support.ui.ExpectedConditions$7.apply(ExpectedConditions.java:194)
	at org.openqa.selenium.support.ui.ExpectedConditions$7.apply(ExpectedConditions.java:190)
	at org.openqa.selenium.support.ui.FluentWait.until(FluentWait.java:203)
	at com.automationexercise.tests.ContactUsTest.testContactUsForm(ContactUsTest.java:63)
	... 20 more
</pre></div></td>
<td>6</td>
<td>com.automationexercise.tests.ContactUsTest@3a1dd365</td></tr>
</table><p>
<table width='100%' border='1' class='invocation-passed'>
<tr><td colspan='4' align='center'><b>PASSED TESTS</b></td></tr>
<tr><td><b>Test method</b></td>
<td><b>Attribute(s)</b></td>
<td width="30%"><b>Exception</b></td>
<td width="10%"><b>Time (seconds)</b></td>
<td><b>Instance</b></td>
</tr>
<tr>
<td title='com.automationexercise.tests.LoginTest.verifyAddressInformationHeaderIsDisplayed()'><b>verifyAddressInformationHeaderIsDisplayed</b><br>Test class: com.automationexercise.tests.LoginTest</td>
<td></td>
<td>5</td>
<td>com.automationexercise.tests.LoginTest@6b7906b3</td></tr>
<tr>
<td title='com.automationexercise.tests.SubscriptionTest.testSubscriptionForm()'><b>testSubscriptionForm</b><br>Test class: com.automationexercise.tests.SubscriptionTest<br>Parameters: , Please fill out this field</td>
<td></td>
<td>35</td>
<td>com.automationexercise.tests.SubscriptionTest@68044f4</td></tr>
<tr>
<td title='com.automationexercise.tests.SubscriptionTest.verifySubscribeButtonEnabled()'><b>verifySubscribeButtonEnabled</b><br>Test class: com.automationexercise.tests.SubscriptionTest</td>
<td></td>
<td>5</td>
<td>com.automationexercise.tests.SubscriptionTest@68044f4</td></tr>
<tr>
<td title='com.automationexercise.tests.HomePageTest.verifyHomePageTitle()'><b>verifyHomePageTitle</b><br>Test class: com.automationexercise.tests.HomePageTest</td>
<td></td>
<td>6</td>
<td>com.automationexercise.tests.HomePageTest@6955cb39</td></tr>
<tr>
<td title='com.automationexercise.tests.TC_ECOM_Tests.TC_ECOM_TestCase_005()'><b>TC_ECOM_TestCase_005</b><br>Test class: com.automationexercise.tests.TC_ECOM_Tests</td>
<td></td>
<td>3</td>
<td>com.automationexercise.tests.TC_ECOM_Tests@395b56bb</td></tr>
<tr>
<td title='com.automationexercise.tests.ContactUsTest.testContactUsForm()'><b>testContactUsForm</b><br>Test class: com.automationexercise.tests.ContactUsTest<br>Parameters: Invalid, invalid-email, Test Error, Missing proper email format., Please enter a valid email address.</td>
<td></td>
<td>3</td>
<td>com.automationexercise.tests.ContactUsTest@3a1dd365</td></tr>
<tr>
<td title='com.automationexercise.tests.LoginTest.registerUserFromExcel()'><b>registerUserFromExcel</b><br>Test class: com.automationexercise.tests.LoginTest<br>Parameters: TestUser2, user2_{{unique}}@example.com, Secret456, 25, June, 1990, yes, yes, Alice, Smith, TechCorp, 456 Second Ave, Suite 200, Canada, Ontario, Toronto, M5H 2N2, 14165550123</td>
<td></td>
<td>11</td>
<td>com.automationexercise.tests.LoginTest@6b7906b3</td></tr>
<tr>
<td title='com.automationexercise.tests.TC_ECOM_Tests.TC_ECOM_TestCase_002()'><b>TC_ECOM_TestCase_002</b><br>Test class: com.automationexercise.tests.TC_ECOM_Tests</td>
<td></td>
<td>13</td>
<td>com.automationexercise.tests.TC_ECOM_Tests@395b56bb</td></tr>
<tr>
<td title='com.automationexercise.tests.LoginTest.verifyUserRegistration()'><b>verifyUserRegistration</b><br>Test class: com.automationexercise.tests.LoginTest</td>
<td></td>
<td>13</td>
<td>com.automationexercise.tests.LoginTest@6b7906b3</td></tr>
<tr>
<td title='com.automationexercise.tests.LoginTest.verifyLoginWithInvalidCredentialsFromExcel()'><b>verifyLoginWithInvalidCredentialsFromExcel</b><br>Test class: com.automationexercise.tests.LoginTest<br>Parameters: fakeuser@example.com, wrongPassword123, Your email or password is incorrect!</td>
<td></td>
<td>13</td>
<td>com.automationexercise.tests.LoginTest@6b7906b3</td></tr>
<tr>
<td title='com.automationexercise.tests.ContactUsTest.verifyAllInputFieldsVisible()'><b>verifyAllInputFieldsVisible</b><br>Test class: com.automationexercise.tests.ContactUsTest</td>
<td></td>
<td>2</td>
<td>com.automationexercise.tests.ContactUsTest@3a1dd365</td></tr>
<tr>
<td title='com.automationexercise.tests.SubscriptionTest.testSubscriptionForm()'><b>testSubscriptionForm</b><br>Test class: com.automationexercise.tests.SubscriptionTest<br>Parameters: valid@example.com, You have been successfully subscribed!</td>
<td></td>
<td>3</td>
<td>com.automationexercise.tests.SubscriptionTest@68044f4</td></tr>
<tr>
<td title='com.automationexercise.tests.LoginTest.verifyLoginHeaderVisible()'><b>verifyLoginHeaderVisible</b><br>Test class: com.automationexercise.tests.LoginTest</td>
<td></td>
<td>2</td>
<td>com.automationexercise.tests.LoginTest@6b7906b3</td></tr>
<tr>
<td title='com.automationexercise.tests.LoginTest.verifyNewUserSignupHeaderVisible()'><b>verifyNewUserSignupHeaderVisible</b><br>Test class: com.automationexercise.tests.LoginTest</td>
<td></td>
<td>4</td>
<td>com.automationexercise.tests.LoginTest@6b7906b3</td></tr>
<tr>
<td title='com.automationexercise.tests.LoginTest.verifyLoginButtonVisibleAndClickable()'><b>verifyLoginButtonVisibleAndClickable</b><br>Test class: com.automationexercise.tests.LoginTest</td>
<td></td>
<td>3</td>
<td>com.automationexercise.tests.LoginTest@6b7906b3</td></tr>
<tr>
<td title='com.automationexercise.tests.LoginTest.verifySignUpButtonVisibleAndClickable()'><b>verifySignUpButtonVisibleAndClickable</b><br>Test class: com.automationexercise.tests.LoginTest</td>
<td></td>
<td>3</td>
<td>com.automationexercise.tests.LoginTest@6b7906b3</td></tr>
<tr>
<td title='com.automationexercise.tests.ContactUsTest.testContactUsForm()'><b>testContactUsForm</b><br>Test class: com.automationexercise.tests.ContactUsTest<br>Parameters: Long Text, longtext@example.com, Test Long, Lorem ipsum dolor sit amet..., Success! Your details have been submitted successfully.</td>
<td></td>
<td>3</td>
<td>com.automationexercise.tests.ContactUsTest@3a1dd365</td></tr>
<tr>
<td title='com.automationexercise.tests.HomePageTest.verifyLogoIsDisplayed()'><b>verifyLogoIsDisplayed</b><br>Test class: com.automationexercise.tests.HomePageTest</td>
<td></td>
<td>5</td>
<td>com.automationexercise.tests.HomePageTest@6955cb39</td></tr>
<tr>
<td title='com.automationexercise.tests.ContactUsTest.testContactUsForm()'><b>testContactUsForm</b><br>Test class: com.automationexercise.tests.ContactUsTest<br>Parameters: John Doe, john@example.com, Test Subject 1, This is a test message., Success! Your details have been submitted successfully.</td>
<td></td>
<td>3</td>
<td>com.automationexercise.tests.ContactUsTest@3a1dd365</td></tr>
<tr>
<td title='com.automationexercise.tests.ContactUsTest.verifySubmitButtonEnabled()'><b>verifySubmitButtonEnabled</b><br>Test class: com.automationexercise.tests.ContactUsTest</td>
<td></td>
<td>4</td>
<td>com.automationexercise.tests.ContactUsTest@3a1dd365</td></tr>
<tr>
<td title='com.automationexercise.tests.TC_ECOM_Tests.TC_ECOM_TestCase_003()'><b>TC_ECOM_TestCase_003</b><br>Test class: com.automationexercise.tests.TC_ECOM_Tests</td>
<td></td>
<td>33</td>
<td>com.automationexercise.tests.TC_ECOM_Tests@395b56bb</td></tr>
<tr>
<td title='com.automationexercise.tests.SubscriptionTest.verifyEmailPlaceholder()'><b>verifyEmailPlaceholder</b><br>Test class: com.automationexercise.tests.SubscriptionTest</td>
<td></td>
<td>55</td>
<td>com.automationexercise.tests.SubscriptionTest@68044f4</td></tr>
<tr>
<td title='com.automationexercise.tests.SubscriptionTest.testSubscriptionForm()'><b>testSubscriptionForm</b><br>Test class: com.automationexercise.tests.SubscriptionTest<br>Parameters: invalidemail, Please include an '@' in the email address</td>
<td></td>
<td>6</td>
<td>com.automationexercise.tests.SubscriptionTest@68044f4</td></tr>
<tr>
<td title='com.automationexercise.tests.ContactUsTest.verifyContactUsPageTitle()'><b>verifyContactUsPageTitle</b><br>Test class: com.automationexercise.tests.ContactUsTest</td>
<td></td>
<td>16</td>
<td>com.automationexercise.tests.ContactUsTest@3a1dd365</td></tr>
<tr>
<td title='com.automationexercise.tests.TC_ECOM_Tests.TC_ECOM_TestCase_004()'><b>TC_ECOM_TestCase_004</b><br>Test class: com.automationexercise.tests.TC_ECOM_Tests</td>
<td></td>
<td>2</td>
<td>com.automationexercise.tests.TC_ECOM_Tests@395b56bb</td></tr>
<tr>
<td title='com.automationexercise.tests.SubscriptionTest.verifyEmailFieldEnabled()'><b>verifyEmailFieldEnabled</b><br>Test class: com.automationexercise.tests.SubscriptionTest</td>
<td></td>
<td>21</td>
<td>com.automationexercise.tests.SubscriptionTest@68044f4</td></tr>
<tr>
<td title='com.automationexercise.tests.LoginTest.verifyLoginWithValidEmailAndWrongPassword()'><b>verifyLoginWithValidEmailAndWrongPassword</b><br>Test class: com.automationexercise.tests.LoginTest<br>Parameters: fakeuser@example.com, wrongPassword123, Your email or password is incorrect!</td>
<td></td>
<td>13</td>
<td>com.automationexercise.tests.LoginTest@6b7906b3</td></tr>
<tr>
<td title='com.automationexercise.tests.ContactUsTest.verifyContactUsPageLoadsProperly()'><b>verifyContactUsPageLoadsProperly</b><br>Test class: com.automationexercise.tests.ContactUsTest</td>
<td></td>
<td>2</td>
<td>com.automationexercise.tests.ContactUsTest@3a1dd365</td></tr>
<tr>
<td title='com.automationexercise.tests.LoginTest.verifySignUpWithInvalidEmailFormat_FromExcel()'><b>verifySignUpWithInvalidEmailFormat_FromExcel</b><br>Test class: com.automationexercise.tests.LoginTest<br>Parameters: John, plainaddress, include an '@'</td>
<td></td>
<td>3</td>
<td>com.automationexercise.tests.LoginTest@6b7906b3</td></tr>
<tr>
<td title='com.automationexercise.tests.LoginTest.registerUserFromExcel()'><b>registerUserFromExcel</b><br>Test class: com.automationexercise.tests.LoginTest<br>Parameters: TestUser3, user3_{{unique}}@example.com, MyPass789, 5, January, 2000, no, TRUE, Bob, Williams, GlobalInc, 789 Third Blvd, , Australia, Victoria, Melbourne, 3000, 61390123456</td>
<td></td>
<td>29</td>
<td>com.automationexercise.tests.LoginTest@6b7906b3</td></tr>
<tr>
<td title='com.automationexercise.tests.ContactUsTest.verifyPlaceholderTexts()'><b>verifyPlaceholderTexts</b><br>Test class: com.automationexercise.tests.ContactUsTest</td>
<td></td>
<td>3</td>
<td>com.automationexercise.tests.ContactUsTest@3a1dd365</td></tr>
<tr>
<td title='com.automationexercise.tests.ContactUsTest.testContactUsForm()'><b>testContactUsForm</b><br>Test class: com.automationexercise.tests.ContactUsTest<br>Parameters: Jane Smith, jane@example.com, Feedback, Loved the website!, Success! Your details have been submitted successfully.</td>
<td></td>
<td>4</td>
<td>com.automationexercise.tests.ContactUsTest@3a1dd365</td></tr>
<tr>
<td title='com.automationexercise.tests.LoginTest.verifyEnterAccountInformationHeaderIsDisplayed()'><b>verifyEnterAccountInformationHeaderIsDisplayed</b><br>Test class: com.automationexercise.tests.LoginTest</td>
<td></td>
<td>4</td>
<td>com.automationexercise.tests.LoginTest@6b7906b3</td></tr>
<tr>
<td title='com.automationexercise.tests.ContactUsTest.verifyFeedbackSectionVisible()'><b>verifyFeedbackSectionVisible</b><br>Test class: com.automationexercise.tests.ContactUsTest</td>
<td></td>
<td>2</td>
<td>com.automationexercise.tests.ContactUsTest@3a1dd365</td></tr>
<tr>
<td title='com.automationexercise.tests.LoginTest.verifyLogout()'><b>verifyLogout</b><br>Test class: com.automationexercise.tests.LoginTest<br>Parameters: akashmangond6656@gmail.com, NrXqTP9VxF@Yt</td>
<td></td>
<td>26</td>
<td>com.automationexercise.tests.LoginTest@6b7906b3</td></tr>
<tr>
<td title='com.automationexercise.tests.SubscriptionTest.verifySubscriptionSectionVisible()'><b>verifySubscriptionSectionVisible</b><br>Test class: com.automationexercise.tests.SubscriptionTest</td>
<td></td>
<td>3</td>
<td>com.automationexercise.tests.SubscriptionTest@68044f4</td></tr>
<tr>
<td title='com.automationexercise.tests.LoginTest.verifyLoginPageIsDisplayed()'><b>verifyLoginPageIsDisplayed</b><br>Test class: com.automationexercise.tests.LoginTest</td>
<td></td>
<td>3</td>
<td>com.automationexercise.tests.LoginTest@6b7906b3</td></tr>
<tr>
<td title='com.automationexercise.tests.LoginTest.verifyLogin()'><b>verifyLogin</b><br>Test class: com.automationexercise.tests.LoginTest<br>Parameters: akashmangond6656@gmail.com, NrXqTP9VxF@Yt</td>
<td></td>
<td>38</td>
<td>com.automationexercise.tests.LoginTest@6b7906b3</td></tr>
<tr>
<td title='com.automationexercise.tests.ContactUsTest.testContactUsForm()'><b>testContactUsForm</b><br>Test class: com.automationexercise.tests.ContactUsTest<br>Parameters: Empty, , No Email, No email provided., Email is required.</td>
<td></td>
<td>3</td>
<td>com.automationexercise.tests.ContactUsTest@3a1dd365</td></tr>
<tr>
<td title='com.automationexercise.tests.LoginTest.registerUserFromExcel()'><b>registerUserFromExcel</b><br>Test class: com.automationexercise.tests.LoginTest<br>Parameters: TestUser1, user1_{{unique}}@example.com, Password123, 10, May, 1995, TRUE, FALSE, John, Doe, TestCompany, 123 Main Street, Apt 1, United States, California, Los Angeles, 90001, 1234567890</td>
<td></td>
<td>13</td>
<td>com.automationexercise.tests.LoginTest@6b7906b3</td></tr>
<tr>
<td title='com.automationexercise.tests.LoginTest.verifySignUpSectionIsDisplayed()'><b>verifySignUpSectionIsDisplayed</b><br>Test class: com.automationexercise.tests.LoginTest</td>
<td></td>
<td>2</td>
<td>com.automationexercise.tests.LoginTest@6b7906b3</td></tr>
<tr>
<td title='com.automationexercise.tests.TC_VideoTutorialsTest.TC_CheckVideoTutorialsIcon()'><b>TC_CheckVideoTutorialsIcon</b><br>Test class: com.automationexercise.tests.TC_VideoTutorialsTest</td>
<td></td>
<td>14</td>
<td>com.automationexercise.tests.TC_VideoTutorialsTest@256f8274</td></tr>
</table><p>
</body>
</html>