<html>
<head>
<title>TestNG:  Chrome - Smoke+Functional</title>
<link href="../testng.css" rel="stylesheet" type="text/css" />
<link href="../my-testng.css" rel="stylesheet" type="text/css" />

<style type="text/css">
.log { display: none;} 
.stack-trace { display: none;} 
</style>
<script type="text/javascript">
<!--
function flip(e) {
  current = e.style.display;
  if (current == 'block') {
    e.style.display = 'none';
    return 0;
  }
  else {
    e.style.display = 'block';
    return 1;
  }
}

function toggleBox(szDivId, elem, msg1, msg2)
{
  var res = -1;  if (document.getElementById) {
    res = flip(document.getElementById(szDivId));
  }
  else if (document.all) {
    // this is the way old msie versions work
    res = flip(document.all[szDivId]);
  }
  if(elem) {
    if(res == 0) elem.innerHTML = msg1; else elem.innerHTML = msg2;
  }

}

function toggleAllBoxes() {
  if (document.getElementsByTagName) {
    d = document.getElementsByTagName('div');
    for (i = 0; i < d.length; i++) {
      if (d[i].className == 'log') {
        flip(d[i]);
      }
    }
  }
}

// -->
</script>

</head>
<body>
<h2 align='center'>Chrome - Smoke+Functional</h2><table border='1' align="center">
<tr>
<td>Tests passed/Failed/Skipped:</td><td>15/1/0</td>
</tr><tr>
<td>Started on:</td><td>Tue Sep 02 17:04:20 IST 2025</td>
</tr>
<tr><td>Total time:</td><td>264 seconds (264559 ms)</td>
</tr><tr>
<td>Included groups:</td><td>functional smoke </td>
</tr><tr>
<td>Excluded groups:</td><td></td>
</tr>
</table><p/>
<small><i>(Hover the method name to see the test class name)</i></small><p/>
<table width='100%' border='1' class='invocation-failed'>
<tr><td colspan='4' align='center'><b>FAILED TESTS</b></td></tr>
<tr><td><b>Test method</b></td>
<td><b>Attribute(s)</b></td>
<td width="30%"><b>Exception</b></td>
<td width="10%"><b>Time (seconds)</b></td>
<td><b>Instance</b></td>
</tr>
<tr>
<td title='com.automationexercise.tests.LoginTest.registerUserFromExcel()'><b>registerUserFromExcel</b><br>Test class: com.automationexercise.tests.LoginTest<br>Parameters: TestUser3, user3_{{unique}}@example.com, MyPass789, 5, January, 2000, no, TRUE, Bob, Williams, GlobalInc, 789 Third Blvd, , Australia, Victoria, Melbourne, 3000, 61390123456</td>
<td><div><pre>org.openqa.selenium.ElementClickInterceptedException: element click intercepted: Element &lt;input type=&quot;checkbox&quot; name=&quot;optin&quot; id=&quot;optin&quot; value=&quot;1&quot;&gt; is not clickable at point (295, 705). Other element would receive the click: &lt;div id=&quot;aswift_1_host&quot; style=&quot;border: none !important; height: 90px !important; width: 100% !important; margin: 0px !important; padding: 0px !important; position: relative !important; visibility: visible !important; background-color: transparent !important; display: inline-block !important; inset: auto !important; clear: none !important; float: none !important; max-height: none !important; max-width: none !important; opacity: 1 !important; overflow: visible !important; vertical-align: baseline !important; z-index: auto !important;&quot;&gt;...&lt;/div&gt;
  (Session info: chrome=139.0.7258.155)
Build info: version: &apos;4.23.0&apos;, revision: &apos;4df0a231af&apos;
System info: os.name: &apos;Windows 11&apos;, os.arch: &apos;amd64&apos;, os.version: &apos;10.0&apos;, java.version: &apos;17.0.15&apos;
Driver info: org.openqa.selenium.chrome.ChromeDriver
Command: [0c7c2d8b0b27721dfebb6ebc13b357f3, clickElement {id=f.376904A31C7125A2ECCA7FF2DC318EDE.d.18BF0CC9AB639BAB592DC58AF8719F87.e.54}]
Capabilities {acceptInsecureCerts: false, browserName: chrome, browserVersion: 139.0.7258.155, chrome: {chromedriverVersion: 139.0.7258.154 (9e0d6b2b47f..., userDataDir: C:\Users\AKASH\AppData\Loca...}, fedcm:accounts: true, goog:chromeOptions: {debuggerAddress: localhost:61188}, networkConnectionEnabled: false, pageLoadStrategy: normal, platformName: windows, proxy: Proxy(), se:cdp: ws://localhost:61188/devtoo..., se:cdpVersion: 139.0.7258.155, setWindowRect: true, strictFileInteractability: false, timeouts: {implicit: 0, pageLoad: 300000, script: 30000}, unhandledPromptBehavior: dismiss and notify, webauthn:extension:credBlob: true, webauthn:extension:largeBlob: true, webauthn:extension:minPinLength: true, webauthn:extension:prf: true, webauthn:virtualAuthenticators: true}
Element: [[ChromeDriver: chrome on windows (0c7c2d8b0b27721dfebb6ebc13b357f3)] -&gt; id: optin]
Session ID: 0c7c2d8b0b27721dfebb6ebc13b357f3
	at org.openqa.selenium.remote.ErrorCodec.decode(ErrorCodec.java:167)
	at org.openqa.selenium.remote.codec.w3c.W3CHttpResponseCodec.decode(W3CHttpResponseCodec.java:138)
	at org.openqa.selenium.remote.codec.w3c.W3CHttpResponseCodec.decode(W3CHttpResponseCodec.java:50)
	at org.openqa.selenium.remote.HttpCommandExecutor.execute(HttpCommandExecutor.java:190)
	at org.openqa.selenium.remote.service.DriverCommandExecutor.invokeExecute(DriverCommandExecutor.java:216)
	at org.openqa.selenium.remote.service.DriverCommandExecutor.execute(DriverCommandExecutor.java:174)
	at org.openqa.selenium.remote.RemoteWebDriver.execute(RemoteWebDriver.java:527)
	at org.openqa.selenium.remote.RemoteWebElement.execute(RemoteWebElement.java:223)
	at org.openqa.selenium.remote.RemoteWebElement.click(RemoteWebElement.java:76)
	at com.automationexercise.pages.AccountInformationPage.toggleOffers(AccountInformationPage.java:147)
	at com.automationexercise.tests.LoginTest.registerUserFromExcel(LoginTest.java:185)
	at java.base/java.util.ArrayList.forEach(ArrayList.java:1511)
	at java.base/java.util.concurrent.FutureTask.run(FutureTask.java:264)
	at java.base/java.util.concurrent.ThreadPoolExecutor.runWorker(ThreadPoolExecutor.java:1136)
	at java.base/java.util.concurrent.ThreadPoolExecutor$Worker.run(ThreadPoolExecutor.java:635)
	at java.base/java.lang.Thread.run(Thread.java:840)
... Removed 22 stack frames</pre></div><a href='#' onClick='toggleBox("stack-trace2094991520", this, "Click to show all stack frames", "Click to hide stack frames")'>Click to show all stack frames</a>
<div class='stack-trace' id='stack-trace2094991520'><pre>org.openqa.selenium.ElementClickInterceptedException: element click intercepted: Element &lt;input type=&quot;checkbox&quot; name=&quot;optin&quot; id=&quot;optin&quot; value=&quot;1&quot;&gt; is not clickable at point (295, 705). Other element would receive the click: &lt;div id=&quot;aswift_1_host&quot; style=&quot;border: none !important; height: 90px !important; width: 100% !important; margin: 0px !important; padding: 0px !important; position: relative !important; visibility: visible !important; background-color: transparent !important; display: inline-block !important; inset: auto !important; clear: none !important; float: none !important; max-height: none !important; max-width: none !important; opacity: 1 !important; overflow: visible !important; vertical-align: baseline !important; z-index: auto !important;&quot;&gt;...&lt;/div&gt;
  (Session info: chrome=139.0.7258.155)
Build info: version: &apos;4.23.0&apos;, revision: &apos;4df0a231af&apos;
System info: os.name: &apos;Windows 11&apos;, os.arch: &apos;amd64&apos;, os.version: &apos;10.0&apos;, java.version: &apos;17.0.15&apos;
Driver info: org.openqa.selenium.chrome.ChromeDriver
Command: [0c7c2d8b0b27721dfebb6ebc13b357f3, clickElement {id=f.376904A31C7125A2ECCA7FF2DC318EDE.d.18BF0CC9AB639BAB592DC58AF8719F87.e.54}]
Capabilities {acceptInsecureCerts: false, browserName: chrome, browserVersion: 139.0.7258.155, chrome: {chromedriverVersion: 139.0.7258.154 (9e0d6b2b47f..., userDataDir: C:\Users\AKASH\AppData\Loca...}, fedcm:accounts: true, goog:chromeOptions: {debuggerAddress: localhost:61188}, networkConnectionEnabled: false, pageLoadStrategy: normal, platformName: windows, proxy: Proxy(), se:cdp: ws://localhost:61188/devtoo..., se:cdpVersion: 139.0.7258.155, setWindowRect: true, strictFileInteractability: false, timeouts: {implicit: 0, pageLoad: 300000, script: 30000}, unhandledPromptBehavior: dismiss and notify, webauthn:extension:credBlob: true, webauthn:extension:largeBlob: true, webauthn:extension:minPinLength: true, webauthn:extension:prf: true, webauthn:virtualAuthenticators: true}
Element: [[ChromeDriver: chrome on windows (0c7c2d8b0b27721dfebb6ebc13b357f3)] -&gt; id: optin]
Session ID: 0c7c2d8b0b27721dfebb6ebc13b357f3
	at java.base/jdk.internal.reflect.NativeConstructorAccessorImpl.newInstance0(Native Method)
	at java.base/jdk.internal.reflect.NativeConstructorAccessorImpl.newInstance(NativeConstructorAccessorImpl.java:77)
	at java.base/jdk.internal.reflect.DelegatingConstructorAccessorImpl.newInstance(DelegatingConstructorAccessorImpl.java:45)
	at java.base/java.lang.reflect.Constructor.newInstanceWithCaller(Constructor.java:500)
	at java.base/java.lang.reflect.Constructor.newInstance(Constructor.java:481)
	at org.openqa.selenium.remote.ErrorCodec.decode(ErrorCodec.java:167)
	at org.openqa.selenium.remote.codec.w3c.W3CHttpResponseCodec.decode(W3CHttpResponseCodec.java:138)
	at org.openqa.selenium.remote.codec.w3c.W3CHttpResponseCodec.decode(W3CHttpResponseCodec.java:50)
	at org.openqa.selenium.remote.HttpCommandExecutor.execute(HttpCommandExecutor.java:190)
	at org.openqa.selenium.remote.service.DriverCommandExecutor.invokeExecute(DriverCommandExecutor.java:216)
	at org.openqa.selenium.remote.service.DriverCommandExecutor.execute(DriverCommandExecutor.java:174)
	at org.openqa.selenium.remote.RemoteWebDriver.execute(RemoteWebDriver.java:527)
	at org.openqa.selenium.remote.RemoteWebElement.execute(RemoteWebElement.java:223)
	at org.openqa.selenium.remote.RemoteWebElement.click(RemoteWebElement.java:76)
	at com.automationexercise.pages.AccountInformationPage.toggleOffers(AccountInformationPage.java:147)
	at com.automationexercise.tests.LoginTest.registerUserFromExcel(LoginTest.java:185)
	at java.base/jdk.internal.reflect.NativeMethodAccessorImpl.invoke0(Native Method)
	at java.base/jdk.internal.reflect.NativeMethodAccessorImpl.invoke(NativeMethodAccessorImpl.java:77)
	at java.base/jdk.internal.reflect.DelegatingMethodAccessorImpl.invoke(DelegatingMethodAccessorImpl.java:43)
	at java.base/java.lang.reflect.Method.invoke(Method.java:569)
	at org.testng.internal.invokers.MethodInvocationHelper.invokeMethod(MethodInvocationHelper.java:141)
	at org.testng.internal.invokers.TestInvoker.invokeMethod(TestInvoker.java:687)
	at org.testng.internal.invokers.TestInvoker.invokeTestMethod(TestInvoker.java:230)
	at org.testng.internal.invokers.MethodRunner.runInSequence(MethodRunner.java:63)
	at org.testng.internal.invokers.TestInvoker$MethodInvocationAgent.invoke(TestInvoker.java:995)
	at org.testng.internal.invokers.TestInvoker.invokeTestMethods(TestInvoker.java:203)
	at org.testng.internal.invokers.TestMethodWorker.invokeTestMethods(TestMethodWorker.java:154)
	at org.testng.internal.invokers.TestMethodWorker.run(TestMethodWorker.java:134)
	at java.base/java.util.ArrayList.forEach(ArrayList.java:1511)
	at org.testng.TestRunner.privateRun(TestRunner.java:741)
	at org.testng.TestRunner.run(TestRunner.java:616)
	at org.testng.SuiteRunner.runTest(SuiteRunner.java:421)
	at org.testng.SuiteRunner$SuiteWorker.run(SuiteRunner.java:463)
	at org.testng.internal.thread.ThreadUtil.lambda$execute$0(ThreadUtil.java:64)
	at java.base/java.util.concurrent.FutureTask.run(FutureTask.java:264)
	at java.base/java.util.concurrent.ThreadPoolExecutor.runWorker(ThreadPoolExecutor.java:1136)
	at java.base/java.util.concurrent.ThreadPoolExecutor$Worker.run(ThreadPoolExecutor.java:635)
	at java.base/java.lang.Thread.run(Thread.java:840)
</pre></div></td>
<td>22</td>
<td>com.automationexercise.tests.LoginTest@13d9b21f</td></tr>
</table><p>
<table width='100%' border='1' class='invocation-passed'>
<tr><td colspan='4' align='center'><b>PASSED TESTS</b></td></tr>
<tr><td><b>Test method</b></td>
<td><b>Attribute(s)</b></td>
<td width="30%"><b>Exception</b></td>
<td width="10%"><b>Time (seconds)</b></td>
<td><b>Instance</b></td>
</tr>
<tr>
<td title='com.automationexercise.tests.LoginTest.verifyUserRegistration()'><b>verifyUserRegistration</b><br>Test class: com.automationexercise.tests.LoginTest</td>
<td></td>
<td>16</td>
<td>com.automationexercise.tests.LoginTest@13d9b21f</td></tr>
<tr>
<td title='com.automationexercise.tests.LoginTest.verifyLogin()'><b>verifyLogin</b><br>Test class: com.automationexercise.tests.LoginTest<br>Parameters: user2_@example.com, Secret456</td>
<td></td>
<td>10</td>
<td>com.automationexercise.tests.LoginTest@13d9b21f</td></tr>
<tr>
<td title='com.automationexercise.tests.HomePageTest.verifyLogoIsDisplayed()'><b>verifyLogoIsDisplayed</b><br>Test class: com.automationexercise.tests.HomePageTest</td>
<td></td>
<td>35</td>
<td>com.automationexercise.tests.HomePageTest@2eee3069</td></tr>
<tr>
<td title='com.automationexercise.tests.LoginTest.verifySignUpSectionIsDisplayed()'><b>verifySignUpSectionIsDisplayed</b><br>Test class: com.automationexercise.tests.LoginTest</td>
<td></td>
<td>4</td>
<td>com.automationexercise.tests.LoginTest@13d9b21f</td></tr>
<tr>
<td title='com.automationexercise.tests.HomePageTest.verifyHomePageTitle()'><b>verifyHomePageTitle</b><br>Test class: com.automationexercise.tests.HomePageTest</td>
<td></td>
<td>6</td>
<td>com.automationexercise.tests.HomePageTest@2eee3069</td></tr>
<tr>
<td title='com.automationexercise.tests.LoginTest.registerUserFromExcel()'><b>registerUserFromExcel</b><br>Test class: com.automationexercise.tests.LoginTest<br>Parameters: TestUser2, user2_{{unique}}@example.com, Secret456, 25, June, 1990, yes, yes, Alice, Smith, TechCorp, 456 Second Ave, Suite 200, Canada, Ontario, Toronto, M5H 2N2, 14165550123</td>
<td></td>
<td>18</td>
<td>com.automationexercise.tests.LoginTest@13d9b21f</td></tr>
<tr>
<td title='com.automationexercise.tests.LoginTest.verifyLogin()'><b>verifyLogin</b><br>Test class: com.automationexercise.tests.LoginTest<br>Parameters: akashmangond6656@gmail.com, NrXqTP9VxF@Yt</td>
<td></td>
<td>39</td>
<td>com.automationexercise.tests.LoginTest@13d9b21f</td></tr>
<tr>
<td title='com.automationexercise.tests.LoginTest.verifyEnterAccountInformationHeaderIsDisplayed()'><b>verifyEnterAccountInformationHeaderIsDisplayed</b><br>Test class: com.automationexercise.tests.LoginTest</td>
<td></td>
<td>7</td>
<td>com.automationexercise.tests.LoginTest@13d9b21f</td></tr>
<tr>
<td title='com.automationexercise.tests.LoginTest.verifyLogin()'><b>verifyLogin</b><br>Test class: com.automationexercise.tests.LoginTest<br>Parameters: user3_@example.com, MyPass789</td>
<td></td>
<td>10</td>
<td>com.automationexercise.tests.LoginTest@13d9b21f</td></tr>
<tr>
<td title='com.automationexercise.tests.LoginTest.verifyLogout()'><b>verifyLogout</b><br>Test class: com.automationexercise.tests.LoginTest<br>Parameters: user3_@example.com, MyPass789</td>
<td></td>
<td>22</td>
<td>com.automationexercise.tests.LoginTest@13d9b21f</td></tr>
<tr>
<td title='com.automationexercise.tests.LoginTest.verifyAddressInformationHeaderIsDisplayed()'><b>verifyAddressInformationHeaderIsDisplayed</b><br>Test class: com.automationexercise.tests.LoginTest</td>
<td></td>
<td>7</td>
<td>com.automationexercise.tests.LoginTest@13d9b21f</td></tr>
<tr>
<td title='com.automationexercise.tests.LoginTest.registerUserFromExcel()'><b>registerUserFromExcel</b><br>Test class: com.automationexercise.tests.LoginTest<br>Parameters: TestUser1, user1_{{unique}}@example.com, Password123, 10, May, 1995, TRUE, FALSE, John, Doe, TestCompany, 123 Main Street, Apt 1, United States, California, Los Angeles, 90001, 1234567890</td>
<td></td>
<td>16</td>
<td>com.automationexercise.tests.LoginTest@13d9b21f</td></tr>
<tr>
<td title='com.automationexercise.tests.LoginTest.verifyLogout()'><b>verifyLogout</b><br>Test class: com.automationexercise.tests.LoginTest<br>Parameters: akashmangond6656@gmail.com, NrXqTP9VxF@Yt</td>
<td></td>
<td>10</td>
<td>com.automationexercise.tests.LoginTest@13d9b21f</td></tr>
<tr>
<td title='com.automationexercise.tests.LoginTest.verifyLogout()'><b>verifyLogout</b><br>Test class: com.automationexercise.tests.LoginTest<br>Parameters: user2_@example.com, Secret456</td>
<td></td>
<td>11</td>
<td>com.automationexercise.tests.LoginTest@13d9b21f</td></tr>
<tr>
<td title='com.automationexercise.tests.LoginTest.verifyLoginPageIsDisplayed()'><b>verifyLoginPageIsDisplayed</b><br>Test class: com.automationexercise.tests.LoginTest</td>
<td></td>
<td>4</td>
<td>com.automationexercise.tests.LoginTest@13d9b21f</td></tr>
</table><p>
</body>
</html>