<?xml version="1.0" encoding="UTF-8"?>
<testng-results ignored="0" total="16" passed="15" failed="1" skipped="0">
  <reporter-output>
  </reporter-output>
  <suite started-at="2025-09-02T17:04:20 IST" name="Suite" finished-at="2025-09-02T17:08:45 IST" duration-ms="264559">
    <groups>
      <group name="functional">
        <method signature="LoginTest.verifyUserRegistration()[pri:3, instance:com.automationexercise.tests.LoginTest@13d9b21f]" name="verifyUserRegistration" class="com.automationexercise.tests.LoginTest"/>
        <method signature="LoginTest.verifyLogin(java.lang.String,java.lang.String)[pri:7, instance:com.automationexercise.tests.LoginTest@13d9b21f]" name="verifyLogin" class="com.automationexercise.tests.LoginTest"/>
        <method signature="LoginTest.verifyLogout(java.lang.String,java.lang.String)[pri:8, instance:com.automationexercise.tests.LoginTest@13d9b21f]" name="verifyLogout" class="com.automationexercise.tests.LoginTest"/>
        <method signature="HomePageTest.verifyHomePageTitle()[pri:0, instance:com.automationexercise.tests.HomePageTest@2eee3069]" name="verifyHomePageTitle" class="com.automationexercise.tests.HomePageTest"/>
        <method signature="HomePageTest.verifyLogoIsDisplayed()[pri:0, instance:com.automationexercise.tests.HomePageTest@2eee3069]" name="verifyLogoIsDisplayed" class="com.automationexercise.tests.HomePageTest"/>
        <method signature="LoginTest.registerUserFromExcel(java.lang.String,java.lang.String,java.lang.String,java.lang.String,java.lang.String,java.lang.String,java.lang.String,java.lang.String,java.lang.String,java.lang.String,java.lang.String,java.lang.String,java.lang.String,java.lang.String,java.lang.String,java.lang.String,java.lang.String,java.lang.String)[pri:6, instance:com.automationexercise.tests.LoginTest@13d9b21f]" name="registerUserFromExcel" class="com.automationexercise.tests.LoginTest"/>
      </group> <!-- functional -->
      <group name="smoke">
        <method signature="LoginTest.verifyLoginPageIsDisplayed()[pri:1, instance:com.automationexercise.tests.LoginTest@13d9b21f]" name="verifyLoginPageIsDisplayed" class="com.automationexercise.tests.LoginTest"/>
        <method signature="LoginTest.verifySignUpSectionIsDisplayed()[pri:2, instance:com.automationexercise.tests.LoginTest@13d9b21f]" name="verifySignUpSectionIsDisplayed" class="com.automationexercise.tests.LoginTest"/>
        <method signature="LoginTest.verifyUserRegistration()[pri:3, instance:com.automationexercise.tests.LoginTest@13d9b21f]" name="verifyUserRegistration" class="com.automationexercise.tests.LoginTest"/>
        <method signature="LoginTest.verifyAddressInformationHeaderIsDisplayed()[pri:5, instance:com.automationexercise.tests.LoginTest@13d9b21f]" name="verifyAddressInformationHeaderIsDisplayed" class="com.automationexercise.tests.LoginTest"/>
        <method signature="LoginTest.verifyLogin(java.lang.String,java.lang.String)[pri:7, instance:com.automationexercise.tests.LoginTest@13d9b21f]" name="verifyLogin" class="com.automationexercise.tests.LoginTest"/>
        <method signature="LoginTest.verifyLogout(java.lang.String,java.lang.String)[pri:8, instance:com.automationexercise.tests.LoginTest@13d9b21f]" name="verifyLogout" class="com.automationexercise.tests.LoginTest"/>
        <method signature="HomePageTest.verifyHomePageTitle()[pri:0, instance:com.automationexercise.tests.HomePageTest@2eee3069]" name="verifyHomePageTitle" class="com.automationexercise.tests.HomePageTest"/>
        <method signature="LoginTest.verifyEnterAccountInformationHeaderIsDisplayed()[pri:4, instance:com.automationexercise.tests.LoginTest@13d9b21f]" name="verifyEnterAccountInformationHeaderIsDisplayed" class="com.automationexercise.tests.LoginTest"/>
        <method signature="LoginTest.registerUserFromExcel(java.lang.String,java.lang.String,java.lang.String,java.lang.String,java.lang.String,java.lang.String,java.lang.String,java.lang.String,java.lang.String,java.lang.String,java.lang.String,java.lang.String,java.lang.String,java.lang.String,java.lang.String,java.lang.String,java.lang.String,java.lang.String)[pri:6, instance:com.automationexercise.tests.LoginTest@13d9b21f]" name="registerUserFromExcel" class="com.automationexercise.tests.LoginTest"/>
      </group> <!-- smoke -->
    </groups>
    <test started-at="2025-09-02T17:04:20 IST" name="Chrome - Smoke+Functional" finished-at="2025-09-02T17:08:45 IST" duration-ms="264559">
      <class name="com.automationexercise.tests.LoginTest">
        <test-method is-config="true" signature="setup(java.lang.String,java.lang.String,java.lang.reflect.Method,[Ljava.lang.Object;)[pri:0, instance:com.automationexercise.tests.LoginTest@13d9b21f]" started-at="2025-09-02T17:05:06 IST" name="setup" finished-at="2025-09-02T17:05:07 IST" duration-ms="938" status="PASS">
          <params>
            <param index="0">
              <value>
                <![CDATA[chrome]]>
              </value>
            </param>
            <param index="1">
              <value>
                <![CDATA[false]]>
              </value>
            </param>
            <param index="2">
              <value>
                <![CDATA[public void com.automationexercise.tests.LoginTest.verifyLoginPageIsDisplayed() throws java.lang.Exception]]>
              </value>
            </param>
            <param index="3">
              <value>
                <![CDATA[[Ljava.lang.Object;@6edaa77a]]>
              </value>
            </param>
          </params>
          <reporter-output>
          </reporter-output>
        </test-method> <!-- setup -->
        <test-method signature="verifyLoginPageIsDisplayed()[pri:1, instance:com.automationexercise.tests.LoginTest@13d9b21f]" started-at="2025-09-02T17:05:07 IST" name="verifyLoginPageIsDisplayed" finished-at="2025-09-02T17:05:11 IST" duration-ms="4281" status="PASS">
          <reporter-output>
          </reporter-output>
        </test-method> <!-- verifyLoginPageIsDisplayed -->
        <test-method is-config="true" signature="teardown(org.testng.ITestResult)[pri:0, instance:com.automationexercise.tests.LoginTest@13d9b21f]" started-at="2025-09-02T17:05:11 IST" name="teardown" finished-at="2025-09-02T17:05:11 IST" duration-ms="211" status="PASS">
          <params>
            <param index="0">
              <value>
                <![CDATA[[TestResult name=verifyLoginPageIsDisplayed status=SUCCESS method=LoginTest.verifyLoginPageIsDisplayed()[pri:1, instance:com.automationexercise.tests.LoginTest@13d9b21f] output={null}]]]>
              </value>
            </param>
          </params>
          <reporter-output>
          </reporter-output>
        </test-method> <!-- teardown -->
        <test-method is-config="true" signature="setup(java.lang.String,java.lang.String,java.lang.reflect.Method,[Ljava.lang.Object;)[pri:0, instance:com.automationexercise.tests.LoginTest@13d9b21f]" started-at="2025-09-02T17:05:11 IST" name="setup" finished-at="2025-09-02T17:05:12 IST" duration-ms="884" status="PASS">
          <params>
            <param index="0">
              <value>
                <![CDATA[chrome]]>
              </value>
            </param>
            <param index="1">
              <value>
                <![CDATA[false]]>
              </value>
            </param>
            <param index="2">
              <value>
                <![CDATA[public void com.automationexercise.tests.LoginTest.verifySignUpSectionIsDisplayed() throws java.lang.Exception]]>
              </value>
            </param>
            <param index="3">
              <value>
                <![CDATA[[Ljava.lang.Object;@1e63d216]]>
              </value>
            </param>
          </params>
          <reporter-output>
          </reporter-output>
        </test-method> <!-- setup -->
        <test-method signature="verifySignUpSectionIsDisplayed()[pri:2, instance:com.automationexercise.tests.LoginTest@13d9b21f]" started-at="2025-09-02T17:05:12 IST" name="verifySignUpSectionIsDisplayed" finished-at="2025-09-02T17:05:16 IST" duration-ms="4356" status="PASS">
          <reporter-output>
          </reporter-output>
        </test-method> <!-- verifySignUpSectionIsDisplayed -->
        <test-method is-config="true" signature="teardown(org.testng.ITestResult)[pri:0, instance:com.automationexercise.tests.LoginTest@13d9b21f]" started-at="2025-09-02T17:05:16 IST" name="teardown" finished-at="2025-09-02T17:05:17 IST" duration-ms="225" status="PASS">
          <params>
            <param index="0">
              <value>
                <![CDATA[[TestResult name=verifySignUpSectionIsDisplayed status=SUCCESS method=LoginTest.verifySignUpSectionIsDisplayed()[pri:2, instance:com.automationexercise.tests.LoginTest@13d9b21f] output={null}]]]>
              </value>
            </param>
          </params>
          <reporter-output>
          </reporter-output>
        </test-method> <!-- teardown -->
        <test-method is-config="true" signature="setup(java.lang.String,java.lang.String,java.lang.reflect.Method,[Ljava.lang.Object;)[pri:0, instance:com.automationexercise.tests.LoginTest@13d9b21f]" started-at="2025-09-02T17:05:17 IST" name="setup" finished-at="2025-09-02T17:05:17 IST" duration-ms="877" status="PASS">
          <params>
            <param index="0">
              <value>
                <![CDATA[chrome]]>
              </value>
            </param>
            <param index="1">
              <value>
                <![CDATA[false]]>
              </value>
            </param>
            <param index="2">
              <value>
                <![CDATA[public void com.automationexercise.tests.LoginTest.verifyUserRegistration() throws java.lang.Exception]]>
              </value>
            </param>
            <param index="3">
              <value>
                <![CDATA[[Ljava.lang.Object;@62ddd21b]]>
              </value>
            </param>
          </params>
          <reporter-output>
          </reporter-output>
        </test-method> <!-- setup -->
        <test-method signature="verifyUserRegistration()[pri:3, instance:com.automationexercise.tests.LoginTest@13d9b21f]" started-at="2025-09-02T17:05:17 IST" name="verifyUserRegistration" finished-at="2025-09-02T17:05:34 IST" duration-ms="16188" status="PASS">
          <reporter-output>
          </reporter-output>
        </test-method> <!-- verifyUserRegistration -->
        <test-method is-config="true" signature="teardown(org.testng.ITestResult)[pri:0, instance:com.automationexercise.tests.LoginTest@13d9b21f]" started-at="2025-09-02T17:05:34 IST" name="teardown" finished-at="2025-09-02T17:05:34 IST" duration-ms="265" status="PASS">
          <params>
            <param index="0">
              <value>
                <![CDATA[[TestResult name=verifyUserRegistration status=SUCCESS method=LoginTest.verifyUserRegistration()[pri:3, instance:com.automationexercise.tests.LoginTest@13d9b21f] output={null}]]]>
              </value>
            </param>
          </params>
          <reporter-output>
          </reporter-output>
        </test-method> <!-- teardown -->
        <test-method is-config="true" signature="setup(java.lang.String,java.lang.String,java.lang.reflect.Method,[Ljava.lang.Object;)[pri:0, instance:com.automationexercise.tests.LoginTest@13d9b21f]" started-at="2025-09-02T17:05:34 IST" name="setup" finished-at="2025-09-02T17:05:35 IST" duration-ms="852" status="PASS">
          <params>
            <param index="0">
              <value>
                <![CDATA[chrome]]>
              </value>
            </param>
            <param index="1">
              <value>
                <![CDATA[false]]>
              </value>
            </param>
            <param index="2">
              <value>
                <![CDATA[public void com.automationexercise.tests.LoginTest.verifyEnterAccountInformationHeaderIsDisplayed() throws java.lang.Exception]]>
              </value>
            </param>
            <param index="3">
              <value>
                <![CDATA[[Ljava.lang.Object;@16c3ca31]]>
              </value>
            </param>
          </params>
          <reporter-output>
          </reporter-output>
        </test-method> <!-- setup -->
        <test-method signature="verifyEnterAccountInformationHeaderIsDisplayed()[pri:4, instance:com.automationexercise.tests.LoginTest@13d9b21f]" started-at="2025-09-02T17:05:35 IST" name="verifyEnterAccountInformationHeaderIsDisplayed" finished-at="2025-09-02T17:05:42 IST" duration-ms="7425" status="PASS">
          <reporter-output>
          </reporter-output>
        </test-method> <!-- verifyEnterAccountInformationHeaderIsDisplayed -->
        <test-method is-config="true" signature="teardown(org.testng.ITestResult)[pri:0, instance:com.automationexercise.tests.LoginTest@13d9b21f]" started-at="2025-09-02T17:05:42 IST" name="teardown" finished-at="2025-09-02T17:05:42 IST" duration-ms="251" status="PASS">
          <params>
            <param index="0">
              <value>
                <![CDATA[[TestResult name=verifyEnterAccountInformationHeaderIsDisplayed status=SUCCESS method=LoginTest.verifyEnterAccountInformationHeaderIsDisplayed()[pri:4, instance:com.automationexercise.tests.LoginTest@13d9b21f] output={null}]]]>
              </value>
            </param>
          </params>
          <reporter-output>
          </reporter-output>
        </test-method> <!-- teardown -->
        <test-method is-config="true" signature="setup(java.lang.String,java.lang.String,java.lang.reflect.Method,[Ljava.lang.Object;)[pri:0, instance:com.automationexercise.tests.LoginTest@13d9b21f]" started-at="2025-09-02T17:05:42 IST" name="setup" finished-at="2025-09-02T17:05:43 IST" duration-ms="858" status="PASS">
          <params>
            <param index="0">
              <value>
                <![CDATA[chrome]]>
              </value>
            </param>
            <param index="1">
              <value>
                <![CDATA[false]]>
              </value>
            </param>
            <param index="2">
              <value>
                <![CDATA[public void com.automationexercise.tests.LoginTest.verifyAddressInformationHeaderIsDisplayed() throws java.lang.Exception]]>
              </value>
            </param>
            <param index="3">
              <value>
                <![CDATA[[Ljava.lang.Object;@2d195ee4]]>
              </value>
            </param>
          </params>
          <reporter-output>
          </reporter-output>
        </test-method> <!-- setup -->
        <test-method signature="verifyAddressInformationHeaderIsDisplayed()[pri:5, instance:com.automationexercise.tests.LoginTest@13d9b21f]" started-at="2025-09-02T17:05:43 IST" name="verifyAddressInformationHeaderIsDisplayed" finished-at="2025-09-02T17:05:51 IST" duration-ms="7708" status="PASS">
          <reporter-output>
          </reporter-output>
        </test-method> <!-- verifyAddressInformationHeaderIsDisplayed -->
        <test-method is-config="true" signature="teardown(org.testng.ITestResult)[pri:0, instance:com.automationexercise.tests.LoginTest@13d9b21f]" started-at="2025-09-02T17:05:51 IST" name="teardown" finished-at="2025-09-02T17:05:51 IST" duration-ms="227" status="PASS">
          <params>
            <param index="0">
              <value>
                <![CDATA[[TestResult name=verifyAddressInformationHeaderIsDisplayed status=SUCCESS method=LoginTest.verifyAddressInformationHeaderIsDisplayed()[pri:5, instance:com.automationexercise.tests.LoginTest@13d9b21f] output={null}]]]>
              </value>
            </param>
          </params>
          <reporter-output>
          </reporter-output>
        </test-method> <!-- teardown -->
        <test-method is-config="true" signature="setup(java.lang.String,java.lang.String,java.lang.reflect.Method,[Ljava.lang.Object;)[pri:0, instance:com.automationexercise.tests.LoginTest@13d9b21f]" started-at="2025-09-02T17:05:52 IST" name="setup" finished-at="2025-09-02T17:05:53 IST" duration-ms="875" status="PASS">
          <params>
            <param index="0">
              <value>
                <![CDATA[chrome]]>
              </value>
            </param>
            <param index="1">
              <value>
                <![CDATA[false]]>
              </value>
            </param>
            <param index="2">
              <value>
                <![CDATA[public void com.automationexercise.tests.LoginTest.registerUserFromExcel(java.lang.String,java.lang.String,java.lang.String,java.lang.String,java.lang.String,java.lang.String,java.lang.String,java.lang.String,java.lang.String,java.lang.String,java.lang.String,java.lang.String,java.lang.String,java.lang.String,java.lang.String,java.lang.String,java.lang.String,java.lang.String) throws java.lang.Exception]]>
              </value>
            </param>
            <param index="3">
              <value>
                <![CDATA[[Ljava.lang.Object;@1d4664d7]]>
              </value>
            </param>
          </params>
          <reporter-output>
          </reporter-output>
        </test-method> <!-- setup -->
        <test-method signature="registerUserFromExcel(java.lang.String,java.lang.String,java.lang.String,java.lang.String,java.lang.String,java.lang.String,java.lang.String,java.lang.String,java.lang.String,java.lang.String,java.lang.String,java.lang.String,java.lang.String,java.lang.String,java.lang.String,java.lang.String,java.lang.String,java.lang.String)[pri:6, instance:com.automationexercise.tests.LoginTest@13d9b21f]" started-at="2025-09-02T17:05:53 IST" name="registerUserFromExcel" data-provider="registrationData" finished-at="2025-09-02T17:06:10 IST" duration-ms="16756" status="PASS">
          <params>
            <param index="0">
              <value>
                <![CDATA[TestUser1]]>
              </value>
            </param>
            <param index="1">
              <value>
                <![CDATA[user1_{{unique}}@example.com]]>
              </value>
            </param>
            <param index="2">
              <value>
                <![CDATA[Password123]]>
              </value>
            </param>
            <param index="3">
              <value>
                <![CDATA[10]]>
              </value>
            </param>
            <param index="4">
              <value>
                <![CDATA[May]]>
              </value>
            </param>
            <param index="5">
              <value>
                <![CDATA[1995]]>
              </value>
            </param>
            <param index="6">
              <value>
                <![CDATA[TRUE]]>
              </value>
            </param>
            <param index="7">
              <value>
                <![CDATA[FALSE]]>
              </value>
            </param>
            <param index="8">
              <value>
                <![CDATA[John]]>
              </value>
            </param>
            <param index="9">
              <value>
                <![CDATA[Doe]]>
              </value>
            </param>
            <param index="10">
              <value>
                <![CDATA[TestCompany]]>
              </value>
            </param>
            <param index="11">
              <value>
                <![CDATA[123 Main Street]]>
              </value>
            </param>
            <param index="12">
              <value>
                <![CDATA[Apt 1]]>
              </value>
            </param>
            <param index="13">
              <value>
                <![CDATA[United States]]>
              </value>
            </param>
            <param index="14">
              <value>
                <![CDATA[California]]>
              </value>
            </param>
            <param index="15">
              <value>
                <![CDATA[Los Angeles]]>
              </value>
            </param>
            <param index="16">
              <value>
                <![CDATA[90001]]>
              </value>
            </param>
            <param index="17">
              <value>
                <![CDATA[1234567890]]>
              </value>
            </param>
          </params>
          <reporter-output>
          </reporter-output>
        </test-method> <!-- registerUserFromExcel -->
        <test-method is-config="true" signature="teardown(org.testng.ITestResult)[pri:0, instance:com.automationexercise.tests.LoginTest@13d9b21f]" started-at="2025-09-02T17:06:10 IST" name="teardown" finished-at="2025-09-02T17:06:10 IST" duration-ms="299" status="PASS">
          <params>
            <param index="0">
              <value>
                <![CDATA[[TestResult name=registerUserFromExcel status=SUCCESS method=LoginTest.registerUserFromExcel(java.lang.String,java.lang.String,java.lang.String,java.lang.String,java.lang.String,java.lang.String,java.lang.String,java.lang.String,java.lang.String,java.lang.String,java.lang.String,java.lang.String,java.lang.String,java.lang.String,java.lang.String,java.lang.String,java.lang.String,java.lang.String)[pri:6, instance:com.automationexercise.tests.LoginTest@13d9b21f] output={null}]]]>
              </value>
            </param>
          </params>
          <reporter-output>
          </reporter-output>
        </test-method> <!-- teardown -->
        <test-method is-config="true" signature="setup(java.lang.String,java.lang.String,java.lang.reflect.Method,[Ljava.lang.Object;)[pri:0, instance:com.automationexercise.tests.LoginTest@13d9b21f]" started-at="2025-09-02T17:06:10 IST" name="setup" finished-at="2025-09-02T17:06:11 IST" duration-ms="821" status="PASS">
          <params>
            <param index="0">
              <value>
                <![CDATA[chrome]]>
              </value>
            </param>
            <param index="1">
              <value>
                <![CDATA[false]]>
              </value>
            </param>
            <param index="2">
              <value>
                <![CDATA[public void com.automationexercise.tests.LoginTest.registerUserFromExcel(java.lang.String,java.lang.String,java.lang.String,java.lang.String,java.lang.String,java.lang.String,java.lang.String,java.lang.String,java.lang.String,java.lang.String,java.lang.String,java.lang.String,java.lang.String,java.lang.String,java.lang.String,java.lang.String,java.lang.String,java.lang.String) throws java.lang.Exception]]>
              </value>
            </param>
            <param index="3">
              <value>
                <![CDATA[[Ljava.lang.Object;@46c00568]]>
              </value>
            </param>
          </params>
          <reporter-output>
          </reporter-output>
        </test-method> <!-- setup -->
        <test-method signature="registerUserFromExcel(java.lang.String,java.lang.String,java.lang.String,java.lang.String,java.lang.String,java.lang.String,java.lang.String,java.lang.String,java.lang.String,java.lang.String,java.lang.String,java.lang.String,java.lang.String,java.lang.String,java.lang.String,java.lang.String,java.lang.String,java.lang.String)[pri:6, instance:com.automationexercise.tests.LoginTest@13d9b21f]" started-at="2025-09-02T17:06:11 IST" name="registerUserFromExcel" data-provider="registrationData" finished-at="2025-09-02T17:06:29 IST" duration-ms="18026" status="PASS">
          <params>
            <param index="0">
              <value>
                <![CDATA[TestUser2]]>
              </value>
            </param>
            <param index="1">
              <value>
                <![CDATA[user2_{{unique}}@example.com]]>
              </value>
            </param>
            <param index="2">
              <value>
                <![CDATA[Secret456]]>
              </value>
            </param>
            <param index="3">
              <value>
                <![CDATA[25]]>
              </value>
            </param>
            <param index="4">
              <value>
                <![CDATA[June]]>
              </value>
            </param>
            <param index="5">
              <value>
                <![CDATA[1990]]>
              </value>
            </param>
            <param index="6">
              <value>
                <![CDATA[yes]]>
              </value>
            </param>
            <param index="7">
              <value>
                <![CDATA[yes]]>
              </value>
            </param>
            <param index="8">
              <value>
                <![CDATA[Alice]]>
              </value>
            </param>
            <param index="9">
              <value>
                <![CDATA[Smith]]>
              </value>
            </param>
            <param index="10">
              <value>
                <![CDATA[TechCorp]]>
              </value>
            </param>
            <param index="11">
              <value>
                <![CDATA[456 Second Ave]]>
              </value>
            </param>
            <param index="12">
              <value>
                <![CDATA[Suite 200]]>
              </value>
            </param>
            <param index="13">
              <value>
                <![CDATA[Canada]]>
              </value>
            </param>
            <param index="14">
              <value>
                <![CDATA[Ontario]]>
              </value>
            </param>
            <param index="15">
              <value>
                <![CDATA[Toronto]]>
              </value>
            </param>
            <param index="16">
              <value>
                <![CDATA[M5H 2N2]]>
              </value>
            </param>
            <param index="17">
              <value>
                <![CDATA[14165550123]]>
              </value>
            </param>
          </params>
          <reporter-output>
          </reporter-output>
        </test-method> <!-- registerUserFromExcel -->
        <test-method is-config="true" signature="teardown(org.testng.ITestResult)[pri:0, instance:com.automationexercise.tests.LoginTest@13d9b21f]" started-at="2025-09-02T17:06:29 IST" name="teardown" finished-at="2025-09-02T17:06:29 IST" duration-ms="280" status="PASS">
          <params>
            <param index="0">
              <value>
                <![CDATA[[TestResult name=registerUserFromExcel status=SUCCESS method=LoginTest.registerUserFromExcel(java.lang.String,java.lang.String,java.lang.String,java.lang.String,java.lang.String,java.lang.String,java.lang.String,java.lang.String,java.lang.String,java.lang.String,java.lang.String,java.lang.String,java.lang.String,java.lang.String,java.lang.String,java.lang.String,java.lang.String,java.lang.String)[pri:6, instance:com.automationexercise.tests.LoginTest@13d9b21f] output={null}]]]>
              </value>
            </param>
          </params>
          <reporter-output>
          </reporter-output>
        </test-method> <!-- teardown -->
        <test-method is-config="true" signature="setup(java.lang.String,java.lang.String,java.lang.reflect.Method,[Ljava.lang.Object;)[pri:0, instance:com.automationexercise.tests.LoginTest@13d9b21f]" started-at="2025-09-02T17:06:29 IST" name="setup" finished-at="2025-09-02T17:06:30 IST" duration-ms="879" status="PASS">
          <params>
            <param index="0">
              <value>
                <![CDATA[chrome]]>
              </value>
            </param>
            <param index="1">
              <value>
                <![CDATA[false]]>
              </value>
            </param>
            <param index="2">
              <value>
                <![CDATA[public void com.automationexercise.tests.LoginTest.registerUserFromExcel(java.lang.String,java.lang.String,java.lang.String,java.lang.String,java.lang.String,java.lang.String,java.lang.String,java.lang.String,java.lang.String,java.lang.String,java.lang.String,java.lang.String,java.lang.String,java.lang.String,java.lang.String,java.lang.String,java.lang.String,java.lang.String) throws java.lang.Exception]]>
              </value>
            </param>
            <param index="3">
              <value>
                <![CDATA[[Ljava.lang.Object;@56ccd751]]>
              </value>
            </param>
          </params>
          <reporter-output>
          </reporter-output>
        </test-method> <!-- setup -->
        <test-method signature="registerUserFromExcel(java.lang.String,java.lang.String,java.lang.String,java.lang.String,java.lang.String,java.lang.String,java.lang.String,java.lang.String,java.lang.String,java.lang.String,java.lang.String,java.lang.String,java.lang.String,java.lang.String,java.lang.String,java.lang.String,java.lang.String,java.lang.String)[pri:6, instance:com.automationexercise.tests.LoginTest@13d9b21f]" started-at="2025-09-02T17:06:30 IST" name="registerUserFromExcel" data-provider="registrationData" finished-at="2025-09-02T17:06:53 IST" duration-ms="22921" status="FAIL">
          <params>
            <param index="0">
              <value>
                <![CDATA[TestUser3]]>
              </value>
            </param>
            <param index="1">
              <value>
                <![CDATA[user3_{{unique}}@example.com]]>
              </value>
            </param>
            <param index="2">
              <value>
                <![CDATA[MyPass789]]>
              </value>
            </param>
            <param index="3">
              <value>
                <![CDATA[5]]>
              </value>
            </param>
            <param index="4">
              <value>
                <![CDATA[January]]>
              </value>
            </param>
            <param index="5">
              <value>
                <![CDATA[2000]]>
              </value>
            </param>
            <param index="6">
              <value>
                <![CDATA[no]]>
              </value>
            </param>
            <param index="7">
              <value>
                <![CDATA[TRUE]]>
              </value>
            </param>
            <param index="8">
              <value>
                <![CDATA[Bob]]>
              </value>
            </param>
            <param index="9">
              <value>
                <![CDATA[Williams]]>
              </value>
            </param>
            <param index="10">
              <value>
                <![CDATA[GlobalInc]]>
              </value>
            </param>
            <param index="11">
              <value>
                <![CDATA[789 Third Blvd]]>
              </value>
            </param>
            <param index="12">
              <value>
                <![CDATA[]]>
              </value>
            </param>
            <param index="13">
              <value>
                <![CDATA[Australia]]>
              </value>
            </param>
            <param index="14">
              <value>
                <![CDATA[Victoria]]>
              </value>
            </param>
            <param index="15">
              <value>
                <![CDATA[Melbourne]]>
              </value>
            </param>
            <param index="16">
              <value>
                <![CDATA[3000]]>
              </value>
            </param>
            <param index="17">
              <value>
                <![CDATA[61390123456]]>
              </value>
            </param>
          </params>
          <exception class="org.openqa.selenium.ElementClickInterceptedException">
            <message>
              <![CDATA[element click intercepted: Element <input type="checkbox" name="optin" id="optin" value="1"> is not clickable at point (295, 705). Other element would receive the click: <div id="aswift_1_host" style="border: none !important; height: 90px !important; width: 100% !important; margin: 0px !important; padding: 0px !important; position: relative !important; visibility: visible !important; background-color: transparent !important; display: inline-block !important; inset: auto !important; clear: none !important; float: none !important; max-height: none !important; max-width: none !important; opacity: 1 !important; overflow: visible !important; vertical-align: baseline !important; z-index: auto !important;">...</div>
  (Session info: chrome=139.0.7258.155)
Build info: version: '4.23.0', revision: '4df0a231af'
System info: os.name: 'Windows 11', os.arch: 'amd64', os.version: '10.0', java.version: '17.0.15'
Driver info: org.openqa.selenium.chrome.ChromeDriver
Command: [0c7c2d8b0b27721dfebb6ebc13b357f3, clickElement {id=f.376904A31C7125A2ECCA7FF2DC318EDE.d.18BF0CC9AB639BAB592DC58AF8719F87.e.54}]
Capabilities {acceptInsecureCerts: false, browserName: chrome, browserVersion: 139.0.7258.155, chrome: {chromedriverVersion: 139.0.7258.154 (9e0d6b2b47f..., userDataDir: C:\Users\AKASH\AppData\Loca...}, fedcm:accounts: true, goog:chromeOptions: {debuggerAddress: localhost:61188}, networkConnectionEnabled: false, pageLoadStrategy: normal, platformName: windows, proxy: Proxy(), se:cdp: ws://localhost:61188/devtoo..., se:cdpVersion: 139.0.7258.155, setWindowRect: true, strictFileInteractability: false, timeouts: {implicit: 0, pageLoad: 300000, script: 30000}, unhandledPromptBehavior: dismiss and notify, webauthn:extension:credBlob: true, webauthn:extension:largeBlob: true, webauthn:extension:minPinLength: true, webauthn:extension:prf: true, webauthn:virtualAuthenticators: true}
Element: [[ChromeDriver: chrome on windows (0c7c2d8b0b27721dfebb6ebc13b357f3)] -> id: optin]
Session ID: 0c7c2d8b0b27721dfebb6ebc13b357f3]]>
            </message>
            <full-stacktrace>
              <![CDATA[org.openqa.selenium.ElementClickInterceptedException: element click intercepted: Element <input type="checkbox" name="optin" id="optin" value="1"> is not clickable at point (295, 705). Other element would receive the click: <div id="aswift_1_host" style="border: none !important; height: 90px !important; width: 100% !important; margin: 0px !important; padding: 0px !important; position: relative !important; visibility: visible !important; background-color: transparent !important; display: inline-block !important; inset: auto !important; clear: none !important; float: none !important; max-height: none !important; max-width: none !important; opacity: 1 !important; overflow: visible !important; vertical-align: baseline !important; z-index: auto !important;">...</div>
  (Session info: chrome=139.0.7258.155)
Build info: version: '4.23.0', revision: '4df0a231af'
System info: os.name: 'Windows 11', os.arch: 'amd64', os.version: '10.0', java.version: '17.0.15'
Driver info: org.openqa.selenium.chrome.ChromeDriver
Command: [0c7c2d8b0b27721dfebb6ebc13b357f3, clickElement {id=f.376904A31C7125A2ECCA7FF2DC318EDE.d.18BF0CC9AB639BAB592DC58AF8719F87.e.54}]
Capabilities {acceptInsecureCerts: false, browserName: chrome, browserVersion: 139.0.7258.155, chrome: {chromedriverVersion: 139.0.7258.154 (9e0d6b2b47f..., userDataDir: C:\Users\AKASH\AppData\Loca...}, fedcm:accounts: true, goog:chromeOptions: {debuggerAddress: localhost:61188}, networkConnectionEnabled: false, pageLoadStrategy: normal, platformName: windows, proxy: Proxy(), se:cdp: ws://localhost:61188/devtoo..., se:cdpVersion: 139.0.7258.155, setWindowRect: true, strictFileInteractability: false, timeouts: {implicit: 0, pageLoad: 300000, script: 30000}, unhandledPromptBehavior: dismiss and notify, webauthn:extension:credBlob: true, webauthn:extension:largeBlob: true, webauthn:extension:minPinLength: true, webauthn:extension:prf: true, webauthn:virtualAuthenticators: true}
Element: [[ChromeDriver: chrome on windows (0c7c2d8b0b27721dfebb6ebc13b357f3)] -> id: optin]
Session ID: 0c7c2d8b0b27721dfebb6ebc13b357f3
at java.base/jdk.internal.reflect.NativeConstructorAccessorImpl.newInstance0(Native Method)
at java.base/jdk.internal.reflect.NativeConstructorAccessorImpl.newInstance(NativeConstructorAccessorImpl.java:77)
at java.base/jdk.internal.reflect.DelegatingConstructorAccessorImpl.newInstance(DelegatingConstructorAccessorImpl.java:45)
at java.base/java.lang.reflect.Constructor.newInstanceWithCaller(Constructor.java:500)
at java.base/java.lang.reflect.Constructor.newInstance(Constructor.java:481)
at org.openqa.selenium.remote.ErrorCodec.decode(ErrorCodec.java:167)
at org.openqa.selenium.remote.codec.w3c.W3CHttpResponseCodec.decode(W3CHttpResponseCodec.java:138)
at org.openqa.selenium.remote.codec.w3c.W3CHttpResponseCodec.decode(W3CHttpResponseCodec.java:50)
at org.openqa.selenium.remote.HttpCommandExecutor.execute(HttpCommandExecutor.java:190)
at org.openqa.selenium.remote.service.DriverCommandExecutor.invokeExecute(DriverCommandExecutor.java:216)
at org.openqa.selenium.remote.service.DriverCommandExecutor.execute(DriverCommandExecutor.java:174)
at org.openqa.selenium.remote.RemoteWebDriver.execute(RemoteWebDriver.java:527)
at org.openqa.selenium.remote.RemoteWebElement.execute(RemoteWebElement.java:223)
at org.openqa.selenium.remote.RemoteWebElement.click(RemoteWebElement.java:76)
at com.automationexercise.pages.AccountInformationPage.toggleOffers(AccountInformationPage.java:147)
at com.automationexercise.tests.LoginTest.registerUserFromExcel(LoginTest.java:185)
at java.base/jdk.internal.reflect.NativeMethodAccessorImpl.invoke0(Native Method)
at java.base/jdk.internal.reflect.NativeMethodAccessorImpl.invoke(NativeMethodAccessorImpl.java:77)
at java.base/jdk.internal.reflect.DelegatingMethodAccessorImpl.invoke(DelegatingMethodAccessorImpl.java:43)
at java.base/java.lang.reflect.Method.invoke(Method.java:569)
at org.testng.internal.invokers.MethodInvocationHelper.invokeMethod(MethodInvocationHelper.java:141)
at org.testng.internal.invokers.TestInvoker.invokeMethod(TestInvoker.java:687)
at org.testng.internal.invokers.TestInvoker.invokeTestMethod(TestInvoker.java:230)
at org.testng.internal.invokers.MethodRunner.runInSequence(MethodRunner.java:63)
at org.testng.internal.invokers.TestInvoker$MethodInvocationAgent.invoke(TestInvoker.java:995)
at org.testng.internal.invokers.TestInvoker.invokeTestMethods(TestInvoker.java:203)
at org.testng.internal.invokers.TestMethodWorker.invokeTestMethods(TestMethodWorker.java:154)
at org.testng.internal.invokers.TestMethodWorker.run(TestMethodWorker.java:134)
at java.base/java.util.ArrayList.forEach(ArrayList.java:1511)
at org.testng.TestRunner.privateRun(TestRunner.java:741)
at org.testng.TestRunner.run(TestRunner.java:616)
at org.testng.SuiteRunner.runTest(SuiteRunner.java:421)
at org.testng.SuiteRunner$SuiteWorker.run(SuiteRunner.java:463)
at org.testng.internal.thread.ThreadUtil.lambda$execute$0(ThreadUtil.java:64)
at java.base/java.util.concurrent.FutureTask.run(FutureTask.java:264)
at java.base/java.util.concurrent.ThreadPoolExecutor.runWorker(ThreadPoolExecutor.java:1136)
at java.base/java.util.concurrent.ThreadPoolExecutor$Worker.run(ThreadPoolExecutor.java:635)
at java.base/java.lang.Thread.run(Thread.java:840)
]]>
            </full-stacktrace>
          </exception> <!-- org.openqa.selenium.ElementClickInterceptedException -->
          <reporter-output>
          </reporter-output>
        </test-method> <!-- registerUserFromExcel -->
        <test-method is-config="true" signature="teardown(org.testng.ITestResult)[pri:0, instance:com.automationexercise.tests.LoginTest@13d9b21f]" started-at="2025-09-02T17:06:53 IST" name="teardown" finished-at="2025-09-02T17:06:54 IST" duration-ms="673" status="PASS">
          <params>
            <param index="0">
              <value>
                <![CDATA[[TestResult name=registerUserFromExcel status=FAILURE method=LoginTest.registerUserFromExcel(java.lang.String,java.lang.String,java.lang.String,java.lang.String,java.lang.String,java.lang.String,java.lang.String,java.lang.String,java.lang.String,java.lang.String,java.lang.String,java.lang.String,java.lang.String,java.lang.String,java.lang.String,java.lang.String,java.lang.String,java.lang.String)[pri:6, instance:com.automationexercise.tests.LoginTest@13d9b21f] output={null}]]]>
              </value>
            </param>
          </params>
          <reporter-output>
          </reporter-output>
        </test-method> <!-- teardown -->
        <test-method is-config="true" signature="setup(java.lang.String,java.lang.String,java.lang.reflect.Method,[Ljava.lang.Object;)[pri:0, instance:com.automationexercise.tests.LoginTest@13d9b21f]" started-at="2025-09-02T17:06:54 IST" name="setup" finished-at="2025-09-02T17:06:55 IST" duration-ms="812" status="PASS">
          <params>
            <param index="0">
              <value>
                <![CDATA[chrome]]>
              </value>
            </param>
            <param index="1">
              <value>
                <![CDATA[false]]>
              </value>
            </param>
            <param index="2">
              <value>
                <![CDATA[public void com.automationexercise.tests.LoginTest.verifyLogin(java.lang.String,java.lang.String) throws java.io.IOException]]>
              </value>
            </param>
            <param index="3">
              <value>
                <![CDATA[[Ljava.lang.Object;@458544e0]]>
              </value>
            </param>
          </params>
          <reporter-output>
          </reporter-output>
        </test-method> <!-- setup -->
        <test-method signature="verifyLogin(java.lang.String,java.lang.String)[pri:7, instance:com.automationexercise.tests.LoginTest@13d9b21f]" started-at="2025-09-02T17:06:55 IST" name="verifyLogin" data-provider="logindata" finished-at="2025-09-02T17:07:34 IST" duration-ms="39290" status="PASS">
          <params>
            <param index="0">
              <value>
                <![CDATA[akashmangond6656@gmail.com]]>
              </value>
            </param>
            <param index="1">
              <value>
                <![CDATA[NrXqTP9VxF@Yt]]>
              </value>
            </param>
          </params>
          <reporter-output>
          </reporter-output>
        </test-method> <!-- verifyLogin -->
        <test-method is-config="true" signature="teardown(org.testng.ITestResult)[pri:0, instance:com.automationexercise.tests.LoginTest@13d9b21f]" started-at="2025-09-02T17:07:34 IST" name="teardown" finished-at="2025-09-02T17:07:34 IST" duration-ms="282" status="PASS">
          <params>
            <param index="0">
              <value>
                <![CDATA[[TestResult name=verifyLogin status=SUCCESS method=LoginTest.verifyLogin(java.lang.String,java.lang.String)[pri:7, instance:com.automationexercise.tests.LoginTest@13d9b21f] output={null}]]]>
              </value>
            </param>
          </params>
          <reporter-output>
          </reporter-output>
        </test-method> <!-- teardown -->
        <test-method is-config="true" signature="setup(java.lang.String,java.lang.String,java.lang.reflect.Method,[Ljava.lang.Object;)[pri:0, instance:com.automationexercise.tests.LoginTest@13d9b21f]" started-at="2025-09-02T17:07:34 IST" name="setup" finished-at="2025-09-02T17:07:35 IST" duration-ms="757" status="PASS">
          <params>
            <param index="0">
              <value>
                <![CDATA[chrome]]>
              </value>
            </param>
            <param index="1">
              <value>
                <![CDATA[false]]>
              </value>
            </param>
            <param index="2">
              <value>
                <![CDATA[public void com.automationexercise.tests.LoginTest.verifyLogin(java.lang.String,java.lang.String) throws java.io.IOException]]>
              </value>
            </param>
            <param index="3">
              <value>
                <![CDATA[[Ljava.lang.Object;@6bcbf05b]]>
              </value>
            </param>
          </params>
          <reporter-output>
          </reporter-output>
        </test-method> <!-- setup -->
        <test-method signature="verifyLogin(java.lang.String,java.lang.String)[pri:7, instance:com.automationexercise.tests.LoginTest@13d9b21f]" started-at="2025-09-02T17:07:35 IST" name="verifyLogin" data-provider="logindata" finished-at="2025-09-02T17:07:45 IST" duration-ms="10549" status="PASS">
          <params>
            <param index="0">
              <value>
                <![CDATA[user2_@example.com]]>
              </value>
            </param>
            <param index="1">
              <value>
                <![CDATA[Secret456]]>
              </value>
            </param>
          </params>
          <reporter-output>
          </reporter-output>
        </test-method> <!-- verifyLogin -->
        <test-method is-config="true" signature="teardown(org.testng.ITestResult)[pri:0, instance:com.automationexercise.tests.LoginTest@13d9b21f]" started-at="2025-09-02T17:07:45 IST" name="teardown" finished-at="2025-09-02T17:07:46 IST" duration-ms="287" status="PASS">
          <params>
            <param index="0">
              <value>
                <![CDATA[[TestResult name=verifyLogin status=SUCCESS method=LoginTest.verifyLogin(java.lang.String,java.lang.String)[pri:7, instance:com.automationexercise.tests.LoginTest@13d9b21f] output={null}]]]>
              </value>
            </param>
          </params>
          <reporter-output>
          </reporter-output>
        </test-method> <!-- teardown -->
        <test-method is-config="true" signature="setup(java.lang.String,java.lang.String,java.lang.reflect.Method,[Ljava.lang.Object;)[pri:0, instance:com.automationexercise.tests.LoginTest@13d9b21f]" started-at="2025-09-02T17:07:46 IST" name="setup" finished-at="2025-09-02T17:07:47 IST" duration-ms="939" status="PASS">
          <params>
            <param index="0">
              <value>
                <![CDATA[chrome]]>
              </value>
            </param>
            <param index="1">
              <value>
                <![CDATA[false]]>
              </value>
            </param>
            <param index="2">
              <value>
                <![CDATA[public void com.automationexercise.tests.LoginTest.verifyLogin(java.lang.String,java.lang.String) throws java.io.IOException]]>
              </value>
            </param>
            <param index="3">
              <value>
                <![CDATA[[Ljava.lang.Object;@2d66530f]]>
              </value>
            </param>
          </params>
          <reporter-output>
          </reporter-output>
        </test-method> <!-- setup -->
        <test-method signature="verifyLogin(java.lang.String,java.lang.String)[pri:7, instance:com.automationexercise.tests.LoginTest@13d9b21f]" started-at="2025-09-02T17:07:47 IST" name="verifyLogin" data-provider="logindata" finished-at="2025-09-02T17:07:57 IST" duration-ms="10042" status="PASS">
          <params>
            <param index="0">
              <value>
                <![CDATA[user3_@example.com]]>
              </value>
            </param>
            <param index="1">
              <value>
                <![CDATA[MyPass789]]>
              </value>
            </param>
          </params>
          <reporter-output>
          </reporter-output>
        </test-method> <!-- verifyLogin -->
        <test-method is-config="true" signature="teardown(org.testng.ITestResult)[pri:0, instance:com.automationexercise.tests.LoginTest@13d9b21f]" started-at="2025-09-02T17:07:57 IST" name="teardown" finished-at="2025-09-02T17:07:57 IST" duration-ms="254" status="PASS">
          <params>
            <param index="0">
              <value>
                <![CDATA[[TestResult name=verifyLogin status=SUCCESS method=LoginTest.verifyLogin(java.lang.String,java.lang.String)[pri:7, instance:com.automationexercise.tests.LoginTest@13d9b21f] output={null}]]]>
              </value>
            </param>
          </params>
          <reporter-output>
          </reporter-output>
        </test-method> <!-- teardown -->
        <test-method is-config="true" signature="setup(java.lang.String,java.lang.String,java.lang.reflect.Method,[Ljava.lang.Object;)[pri:0, instance:com.automationexercise.tests.LoginTest@13d9b21f]" started-at="2025-09-02T17:07:57 IST" name="setup" finished-at="2025-09-02T17:07:58 IST" duration-ms="843" status="PASS">
          <params>
            <param index="0">
              <value>
                <![CDATA[chrome]]>
              </value>
            </param>
            <param index="1">
              <value>
                <![CDATA[false]]>
              </value>
            </param>
            <param index="2">
              <value>
                <![CDATA[public void com.automationexercise.tests.LoginTest.verifyLogout(java.lang.String,java.lang.String) throws java.io.IOException]]>
              </value>
            </param>
            <param index="3">
              <value>
                <![CDATA[[Ljava.lang.Object;@1d207fad]]>
              </value>
            </param>
          </params>
          <reporter-output>
          </reporter-output>
        </test-method> <!-- setup -->
        <test-method signature="verifyLogout(java.lang.String,java.lang.String)[pri:8, instance:com.automationexercise.tests.LoginTest@13d9b21f]" started-at="2025-09-02T17:07:58 IST" name="verifyLogout" data-provider="logindata" finished-at="2025-09-02T17:08:08 IST" depends-on-methods="com.automationexercise.tests.LoginTest.verifyLogin" duration-ms="10110" status="PASS">
          <params>
            <param index="0">
              <value>
                <![CDATA[akashmangond6656@gmail.com]]>
              </value>
            </param>
            <param index="1">
              <value>
                <![CDATA[NrXqTP9VxF@Yt]]>
              </value>
            </param>
          </params>
          <reporter-output>
          </reporter-output>
        </test-method> <!-- verifyLogout -->
        <test-method is-config="true" signature="teardown(org.testng.ITestResult)[pri:0, instance:com.automationexercise.tests.LoginTest@13d9b21f]" started-at="2025-09-02T17:08:08 IST" name="teardown" finished-at="2025-09-02T17:08:08 IST" duration-ms="280" status="PASS">
          <params>
            <param index="0">
              <value>
                <![CDATA[[TestResult name=verifyLogout status=SUCCESS method=LoginTest.verifyLogout(java.lang.String,java.lang.String)[pri:8, instance:com.automationexercise.tests.LoginTest@13d9b21f] output={null}]]]>
              </value>
            </param>
          </params>
          <reporter-output>
          </reporter-output>
        </test-method> <!-- teardown -->
        <test-method is-config="true" signature="setup(java.lang.String,java.lang.String,java.lang.reflect.Method,[Ljava.lang.Object;)[pri:0, instance:com.automationexercise.tests.LoginTest@13d9b21f]" started-at="2025-09-02T17:08:08 IST" name="setup" finished-at="2025-09-02T17:08:09 IST" duration-ms="853" status="PASS">
          <params>
            <param index="0">
              <value>
                <![CDATA[chrome]]>
              </value>
            </param>
            <param index="1">
              <value>
                <![CDATA[false]]>
              </value>
            </param>
            <param index="2">
              <value>
                <![CDATA[public void com.automationexercise.tests.LoginTest.verifyLogout(java.lang.String,java.lang.String) throws java.io.IOException]]>
              </value>
            </param>
            <param index="3">
              <value>
                <![CDATA[[Ljava.lang.Object;@72ed9aad]]>
              </value>
            </param>
          </params>
          <reporter-output>
          </reporter-output>
        </test-method> <!-- setup -->
        <test-method signature="verifyLogout(java.lang.String,java.lang.String)[pri:8, instance:com.automationexercise.tests.LoginTest@13d9b21f]" started-at="2025-09-02T17:08:09 IST" name="verifyLogout" data-provider="logindata" finished-at="2025-09-02T17:08:20 IST" depends-on-methods="com.automationexercise.tests.LoginTest.verifyLogin" duration-ms="11224" status="PASS">
          <params>
            <param index="0">
              <value>
                <![CDATA[user2_@example.com]]>
              </value>
            </param>
            <param index="1">
              <value>
                <![CDATA[Secret456]]>
              </value>
            </param>
          </params>
          <reporter-output>
          </reporter-output>
        </test-method> <!-- verifyLogout -->
        <test-method is-config="true" signature="teardown(org.testng.ITestResult)[pri:0, instance:com.automationexercise.tests.LoginTest@13d9b21f]" started-at="2025-09-02T17:08:20 IST" name="teardown" finished-at="2025-09-02T17:08:21 IST" duration-ms="265" status="PASS">
          <params>
            <param index="0">
              <value>
                <![CDATA[[TestResult name=verifyLogout status=SUCCESS method=LoginTest.verifyLogout(java.lang.String,java.lang.String)[pri:8, instance:com.automationexercise.tests.LoginTest@13d9b21f] output={null}]]]>
              </value>
            </param>
          </params>
          <reporter-output>
          </reporter-output>
        </test-method> <!-- teardown -->
        <test-method is-config="true" signature="setup(java.lang.String,java.lang.String,java.lang.reflect.Method,[Ljava.lang.Object;)[pri:0, instance:com.automationexercise.tests.LoginTest@13d9b21f]" started-at="2025-09-02T17:08:21 IST" name="setup" finished-at="2025-09-02T17:08:21 IST" duration-ms="888" status="PASS">
          <params>
            <param index="0">
              <value>
                <![CDATA[chrome]]>
              </value>
            </param>
            <param index="1">
              <value>
                <![CDATA[false]]>
              </value>
            </param>
            <param index="2">
              <value>
                <![CDATA[public void com.automationexercise.tests.LoginTest.verifyLogout(java.lang.String,java.lang.String) throws java.io.IOException]]>
              </value>
            </param>
            <param index="3">
              <value>
                <![CDATA[[Ljava.lang.Object;@4690f583]]>
              </value>
            </param>
          </params>
          <reporter-output>
          </reporter-output>
        </test-method> <!-- setup -->
        <test-method signature="verifyLogout(java.lang.String,java.lang.String)[pri:8, instance:com.automationexercise.tests.LoginTest@13d9b21f]" started-at="2025-09-02T17:08:21 IST" name="verifyLogout" data-provider="logindata" finished-at="2025-09-02T17:08:44 IST" depends-on-methods="com.automationexercise.tests.LoginTest.verifyLogin" duration-ms="22914" status="PASS">
          <params>
            <param index="0">
              <value>
                <![CDATA[user3_@example.com]]>
              </value>
            </param>
            <param index="1">
              <value>
                <![CDATA[MyPass789]]>
              </value>
            </param>
          </params>
          <reporter-output>
          </reporter-output>
        </test-method> <!-- verifyLogout -->
        <test-method is-config="true" signature="teardown(org.testng.ITestResult)[pri:0, instance:com.automationexercise.tests.LoginTest@13d9b21f]" started-at="2025-09-02T17:08:44 IST" name="teardown" finished-at="2025-09-02T17:08:45 IST" duration-ms="328" status="PASS">
          <params>
            <param index="0">
              <value>
                <![CDATA[[TestResult name=verifyLogout status=SUCCESS method=LoginTest.verifyLogout(java.lang.String,java.lang.String)[pri:8, instance:com.automationexercise.tests.LoginTest@13d9b21f] output={null}]]]>
              </value>
            </param>
          </params>
          <reporter-output>
          </reporter-output>
        </test-method> <!-- teardown -->
      </class> <!-- com.automationexercise.tests.LoginTest -->
      <class name="com.automationexercise.tests.HomePageTest">
        <test-method is-config="true" signature="setupReport()[pri:0, instance:com.automationexercise.tests.HomePageTest@2eee3069]" started-at="2025-09-02T17:04:20 IST" name="setupReport" finished-at="2025-09-02T17:04:20 IST" duration-ms="284" status="PASS">
          <reporter-output>
          </reporter-output>
        </test-method> <!-- setupReport -->
        <test-method is-config="true" signature="setup(java.lang.String,java.lang.String,java.lang.reflect.Method,[Ljava.lang.Object;)[pri:0, instance:com.automationexercise.tests.HomePageTest@2eee3069]" started-at="2025-09-02T17:04:20 IST" name="setup" finished-at="2025-09-02T17:04:22 IST" duration-ms="2053" status="PASS">
          <params>
            <param index="0">
              <value>
                <![CDATA[chrome]]>
              </value>
            </param>
            <param index="1">
              <value>
                <![CDATA[false]]>
              </value>
            </param>
            <param index="2">
              <value>
                <![CDATA[public void com.automationexercise.tests.HomePageTest.verifyHomePageTitle() throws java.lang.Exception]]>
              </value>
            </param>
            <param index="3">
              <value>
                <![CDATA[[Ljava.lang.Object;@4e38d975]]>
              </value>
            </param>
          </params>
          <reporter-output>
          </reporter-output>
        </test-method> <!-- setup -->
        <test-method signature="verifyHomePageTitle()[pri:0, instance:com.automationexercise.tests.HomePageTest@2eee3069]" started-at="2025-09-02T17:04:22 IST" name="verifyHomePageTitle" finished-at="2025-09-02T17:04:28 IST" duration-ms="6138" status="PASS">
          <reporter-output>
          </reporter-output>
        </test-method> <!-- verifyHomePageTitle -->
        <test-method is-config="true" signature="teardown(org.testng.ITestResult)[pri:0, instance:com.automationexercise.tests.HomePageTest@2eee3069]" started-at="2025-09-02T17:04:28 IST" name="teardown" finished-at="2025-09-02T17:04:29 IST" duration-ms="268" status="PASS">
          <params>
            <param index="0">
              <value>
                <![CDATA[[TestResult name=verifyHomePageTitle status=SUCCESS method=HomePageTest.verifyHomePageTitle()[pri:0, instance:com.automationexercise.tests.HomePageTest@2eee3069] output={null}]]]>
              </value>
            </param>
          </params>
          <reporter-output>
          </reporter-output>
        </test-method> <!-- teardown -->
        <test-method is-config="true" signature="setup(java.lang.String,java.lang.String,java.lang.reflect.Method,[Ljava.lang.Object;)[pri:0, instance:com.automationexercise.tests.HomePageTest@2eee3069]" started-at="2025-09-02T17:04:29 IST" name="setup" finished-at="2025-09-02T17:04:29 IST" duration-ms="824" status="PASS">
          <params>
            <param index="0">
              <value>
                <![CDATA[chrome]]>
              </value>
            </param>
            <param index="1">
              <value>
                <![CDATA[false]]>
              </value>
            </param>
            <param index="2">
              <value>
                <![CDATA[public void com.automationexercise.tests.HomePageTest.verifyLogoIsDisplayed() throws java.lang.Exception]]>
              </value>
            </param>
            <param index="3">
              <value>
                <![CDATA[[Ljava.lang.Object;@35f8a9d3]]>
              </value>
            </param>
          </params>
          <reporter-output>
          </reporter-output>
        </test-method> <!-- setup -->
        <test-method signature="verifyLogoIsDisplayed()[pri:0, instance:com.automationexercise.tests.HomePageTest@2eee3069]" started-at="2025-09-02T17:04:29 IST" name="verifyLogoIsDisplayed" finished-at="2025-09-02T17:05:05 IST" duration-ms="35816" status="PASS">
          <reporter-output>
          </reporter-output>
        </test-method> <!-- verifyLogoIsDisplayed -->
        <test-method is-config="true" signature="teardown(org.testng.ITestResult)[pri:0, instance:com.automationexercise.tests.HomePageTest@2eee3069]" started-at="2025-09-02T17:05:05 IST" name="teardown" finished-at="2025-09-02T17:05:06 IST" duration-ms="353" status="PASS">
          <params>
            <param index="0">
              <value>
                <![CDATA[[TestResult name=verifyLogoIsDisplayed status=SUCCESS method=HomePageTest.verifyLogoIsDisplayed()[pri:0, instance:com.automationexercise.tests.HomePageTest@2eee3069] output={null}]]]>
              </value>
            </param>
          </params>
          <reporter-output>
          </reporter-output>
        </test-method> <!-- teardown -->
        <test-method is-config="true" signature="flushReport()[pri:0, instance:com.automationexercise.tests.HomePageTest@2eee3069]" started-at="2025-09-02T17:08:45 IST" name="flushReport" finished-at="2025-09-02T17:08:45 IST" duration-ms="553" status="PASS">
          <reporter-output>
          </reporter-output>
        </test-method> <!-- flushReport -->
      </class> <!-- com.automationexercise.tests.HomePageTest -->
    </test> <!-- Chrome - Smoke+Functional -->
  </suite> <!-- Suite -->
</testng-results>
