<<<<<<< HEAD
<?xml version="1.0" encoding="UTF-8"?>
<testng-results ignored="5" total="8" passed="0" failed="0" skipped="3">
  <reporter-output>
  </reporter-output>
  <suite started-at="2025-09-08T14:38:43 IST" name="Default suite" finished-at="2025-09-08T14:56:33 IST" duration-ms="1069831">
    <groups>
      <group name="functional">
        <method signature="PaymentPageTest.testNameOnCardValidation(java.lang.String,java.lang.String,java.lang.String,java.lang.String,java.lang.String)[pri:1, instance:com.automationexercise.tests.PaymentPageTest@18bc345]" name="testNameOnCardValidation" class="com.automationexercise.tests.PaymentPageTest"/>
      </group> <!-- functional -->
    </groups>
    <test started-at="2025-09-08T14:38:43 IST" name="Default test" finished-at="2025-09-08T14:56:33 IST" duration-ms="1069831">
      <class name="com.automationexercise.tests.PaymentPageTest">
        <test-method is-config="true" signature="setupReport()[pri:0, instance:com.automationexercise.tests.PaymentPageTest@18bc345]" started-at="2025-09-08T14:38:43 IST" name="setupReport" finished-at="2025-09-08T14:38:43 IST" duration-ms="264" status="PASS">
          <reporter-output>
          </reporter-output>
        </test-method> <!-- setupReport -->
        <test-method is-config="true" signature="setUp()[pri:0, instance:com.automationexercise.tests.PaymentPageTest@18bc345]" started-at="2025-09-08T14:38:43 IST" name="setUp" finished-at="2025-09-08T14:38:53 IST" duration-ms="9520" status="PASS">
          <reporter-output>
          </reporter-output>
        </test-method> <!-- setUp -->
        <test-method is-config="true" signature="setup(java.lang.String,java.lang.String,java.lang.reflect.Method,[Ljava.lang.Object;)[pri:0, instance:com.automationexercise.tests.PaymentPageTest@18bc345]" started-at="2025-09-08T14:38:55 IST" name="setup" finished-at="2025-09-08T14:38:57 IST" duration-ms="2010" status="PASS">
          <params>
            <param index="0">
              <value>
                <![CDATA[chrome]]>
              </value>
            </param>
            <param index="1">
              <value>
                <![CDATA[false]]>
              </value>
            </param>
            <param index="2">
              <value>
                <![CDATA[public void com.automationexercise.tests.PaymentPageTest.testNameOnCardValidation(java.lang.String,java.lang.String,java.lang.String,java.lang.String,java.lang.String) throws java.lang.Exception]]>
              </value>
            </param>
            <param index="3">
              <value>
                <![CDATA[[Ljava.lang.Object;@77663cd7]]>
              </value>
            </param>
          </params>
          <reporter-output>
          </reporter-output>
        </test-method> <!-- setup -->
        <test-method is-config="true" signature="goToPaymentPage()[pri:0, instance:com.automationexercise.tests.PaymentPageTest@18bc345]" started-at="2025-09-08T14:38:57 IST" name="goToPaymentPage" finished-at="2025-09-08T14:43:34 IST" duration-ms="277288" status="FAIL">
          <exception class="org.openqa.selenium.TimeoutException">
            <message>
              <![CDATA[java.util.concurrent.TimeoutException
Build info: version: '4.23.0', revision: '4df0a231af'
System info: os.name: 'Windows 11', os.arch: 'amd64', os.version: '10.0', java.version: '17.0.12'
Driver info: org.openqa.selenium.chrome.ChromeDriver
Command: [0645043b1e917c368541b4ea783c1d5b, clickElement {id=f.CF634ED24E407355849223B47F9D63DB.d.50B9553028E24F02B0B8A2F9462B8EC1.e.52}]
Capabilities {acceptInsecureCerts: false, browserName: chrome, browserVersion: 139.0.7258.155, chrome: {chromedriverVersion: 139.0.7258.154 (9e0d6b2b47f..., userDataDir: C:\Users\VASUDHA K T\AppDat...}, fedcm:accounts: true, goog:chromeOptions: {debuggerAddress: localhost:49940}, networkConnectionEnabled: false, pageLoadStrategy: normal, platformName: windows, proxy: Proxy(), se:cdp: ws://localhost:49940/devtoo..., se:cdpVersion: 139.0.7258.155, setWindowRect: true, strictFileInteractability: false, timeouts: {implicit: 0, pageLoad: 300000, script: 30000}, unhandledPromptBehavior: dismiss and notify, webauthn:extension:credBlob: true, webauthn:extension:largeBlob: true, webauthn:extension:minPinLength: true, webauthn:extension:prf: true, webauthn:virtualAuthenticators: true}
Element: [[ChromeDriver: chrome on windows (0645043b1e917c368541b4ea783c1d5b)] -> xpath: //a[@href='/products']]
Session ID: 0645043b1e917c368541b4ea783c1d5b]]>
            </message>
            <full-stacktrace>
              <![CDATA[org.openqa.selenium.TimeoutException: java.util.concurrent.TimeoutException
Build info: version: '4.23.0', revision: '4df0a231af'
System info: os.name: 'Windows 11', os.arch: 'amd64', os.version: '10.0', java.version: '17.0.12'
Driver info: org.openqa.selenium.chrome.ChromeDriver
Command: [0645043b1e917c368541b4ea783c1d5b, clickElement {id=f.CF634ED24E407355849223B47F9D63DB.d.50B9553028E24F02B0B8A2F9462B8EC1.e.52}]
Capabilities {acceptInsecureCerts: false, browserName: chrome, browserVersion: 139.0.7258.155, chrome: {chromedriverVersion: 139.0.7258.154 (9e0d6b2b47f..., userDataDir: C:\Users\VASUDHA K T\AppDat...}, fedcm:accounts: true, goog:chromeOptions: {debuggerAddress: localhost:49940}, networkConnectionEnabled: false, pageLoadStrategy: normal, platformName: windows, proxy: Proxy(), se:cdp: ws://localhost:49940/devtoo..., se:cdpVersion: 139.0.7258.155, setWindowRect: true, strictFileInteractability: false, timeouts: {implicit: 0, pageLoad: 300000, script: 30000}, unhandledPromptBehavior: dismiss and notify, webauthn:extension:credBlob: true, webauthn:extension:largeBlob: true, webauthn:extension:minPinLength: true, webauthn:extension:prf: true, webauthn:virtualAuthenticators: true}
Element: [[ChromeDriver: chrome on windows (0645043b1e917c368541b4ea783c1d5b)] -> xpath: //a[@href='/products']]
Session ID: 0645043b1e917c368541b4ea783c1d5b
at org.openqa.selenium.remote.http.jdk.JdkHttpClient.execute0(JdkHttpClient.java:399)
at org.openqa.selenium.remote.http.AddSeleniumUserAgent.lambda$apply$0(AddSeleniumUserAgent.java:42)
at org.openqa.selenium.remote.http.Filter.lambda$andFinally$1(Filter.java:55)
at org.openqa.selenium.remote.http.jdk.JdkHttpClient.execute(JdkHttpClient.java:355)
at org.openqa.selenium.remote.HttpCommandExecutor.execute(HttpCommandExecutor.java:187)
at org.openqa.selenium.remote.service.DriverCommandExecutor.invokeExecute(DriverCommandExecutor.java:216)
at org.openqa.selenium.remote.service.DriverCommandExecutor.execute(DriverCommandExecutor.java:174)
at org.openqa.selenium.remote.RemoteWebDriver.execute(RemoteWebDriver.java:527)
at org.openqa.selenium.remote.RemoteWebElement.execute(RemoteWebElement.java:223)
at org.openqa.selenium.remote.RemoteWebElement.click(RemoteWebElement.java:76)
at com.automationexercise.pages.PaymentPage.goToProductsPage(PaymentPage.java:35)
at com.automationexercise.tests.PaymentPageTest.goToPaymentPage(PaymentPageTest.java:86)
at java.base/jdk.internal.reflect.NativeMethodAccessorImpl.invoke0(Native Method)
at java.base/jdk.internal.reflect.NativeMethodAccessorImpl.invoke(NativeMethodAccessorImpl.java:77)
at java.base/jdk.internal.reflect.DelegatingMethodAccessorImpl.invoke(DelegatingMethodAccessorImpl.java:43)
at java.base/java.lang.reflect.Method.invoke(Method.java:568)
at org.testng.internal.invokers.MethodInvocationHelper.invokeMethod(MethodInvocationHelper.java:141)
at org.testng.internal.invokers.MethodInvocationHelper.invokeMethodConsideringTimeout(MethodInvocationHelper.java:71)
at org.testng.internal.invokers.ConfigInvoker.invokeConfigurationMethod(ConfigInvoker.java:400)
at org.testng.internal.invokers.ConfigInvoker.invokeConfigurations(ConfigInvoker.java:333)
at org.testng.internal.invokers.TestInvoker.runConfigMethods(TestInvoker.java:836)
at org.testng.internal.invokers.TestInvoker.invokeMethod(TestInvoker.java:601)
at org.testng.internal.invokers.TestInvoker.invokeTestMethod(TestInvoker.java:230)
at org.testng.internal.invokers.MethodRunner.runInSequence(MethodRunner.java:63)
at org.testng.internal.invokers.TestInvoker$MethodInvocationAgent.invoke(TestInvoker.java:995)
at org.testng.internal.invokers.TestInvoker.invokeTestMethods(TestInvoker.java:203)
at org.testng.internal.invokers.TestMethodWorker.invokeTestMethods(TestMethodWorker.java:154)
at org.testng.internal.invokers.TestMethodWorker.run(TestMethodWorker.java:134)
at java.base/java.util.ArrayList.forEach(ArrayList.java:1511)
at org.testng.TestRunner.privateRun(TestRunner.java:741)
at org.testng.TestRunner.run(TestRunner.java:616)
at org.testng.SuiteRunner.runTest(SuiteRunner.java:421)
at org.testng.SuiteRunner.runSequentially(SuiteRunner.java:413)
at org.testng.SuiteRunner.privateRun(SuiteRunner.java:373)
at org.testng.SuiteRunner.run(SuiteRunner.java:312)
at org.testng.SuiteRunnerWorker.runSuite(SuiteRunnerWorker.java:52)
at org.testng.SuiteRunnerWorker.run(SuiteRunnerWorker.java:95)
at org.testng.TestNG.runSuitesSequentially(TestNG.java:1274)
at org.testng.TestNG.runSuitesLocally(TestNG.java:1208)
at org.testng.TestNG.runSuites(TestNG.java:1112)
at org.testng.TestNG.run(TestNG.java:1079)
at org.testng.remote.AbstractRemoteTestNG.run(AbstractRemoteTestNG.java:115)
at org.testng.remote.RemoteTestNG.initAndRun(RemoteTestNG.java:293)
at org.testng.remote.RemoteTestNG.main(RemoteTestNG.java:91)
Caused by: java.util.concurrent.TimeoutException
at java.base/java.util.concurrent.CompletableFuture.timedGet(CompletableFuture.java:1960)
at java.base/java.util.concurrent.CompletableFuture.get(CompletableFuture.java:2095)
at org.openqa.selenium.remote.http.jdk.JdkHttpClient.execute0(JdkHttpClient.java:382)
... 43 more
]]>
            </full-stacktrace>
          </exception> <!-- org.openqa.selenium.TimeoutException -->
          <reporter-output>
          </reporter-output>
        </test-method> <!-- goToPaymentPage -->
        <test-method signature="testNameOnCardValidation(java.lang.String,java.lang.String,java.lang.String,java.lang.String,java.lang.String)[pri:1, instance:com.automationexercise.tests.PaymentPageTest@18bc345]" started-at="2025-09-08T14:43:34 IST" name="testNameOnCardValidation" data-provider="PaymentData" finished-at="2025-09-08T14:43:34 IST" duration-ms="15" status="SKIP">
          <params>
            <param index="0">
              <value>
                <![CDATA[Vasudha]]>
              </value>
            </param>
            <param index="1">
              <value>
                <![CDATA[1.23457E+15]]>
              </value>
            </param>
            <param index="2">
              <value>
                <![CDATA[123]]>
              </value>
            </param>
            <param index="3">
              <value>
                <![CDATA[12]]>
              </value>
            </param>
            <param index="4">
              <value>
                <![CDATA[2030]]>
              </value>
            </param>
          </params>
          <exception class="org.openqa.selenium.TimeoutException">
            <message>
              <![CDATA[java.util.concurrent.TimeoutException
Build info: version: '4.23.0', revision: '4df0a231af'
System info: os.name: 'Windows 11', os.arch: 'amd64', os.version: '10.0', java.version: '17.0.12'
Driver info: org.openqa.selenium.chrome.ChromeDriver
Command: [0645043b1e917c368541b4ea783c1d5b, clickElement {id=f.CF634ED24E407355849223B47F9D63DB.d.50B9553028E24F02B0B8A2F9462B8EC1.e.52}]
Capabilities {acceptInsecureCerts: false, browserName: chrome, browserVersion: 139.0.7258.155, chrome: {chromedriverVersion: 139.0.7258.154 (9e0d6b2b47f..., userDataDir: C:\Users\VASUDHA K T\AppDat...}, fedcm:accounts: true, goog:chromeOptions: {debuggerAddress: localhost:49940}, networkConnectionEnabled: false, pageLoadStrategy: normal, platformName: windows, proxy: Proxy(), se:cdp: ws://localhost:49940/devtoo..., se:cdpVersion: 139.0.7258.155, setWindowRect: true, strictFileInteractability: false, timeouts: {implicit: 0, pageLoad: 300000, script: 30000}, unhandledPromptBehavior: dismiss and notify, webauthn:extension:credBlob: true, webauthn:extension:largeBlob: true, webauthn:extension:minPinLength: true, webauthn:extension:prf: true, webauthn:virtualAuthenticators: true}
Element: [[ChromeDriver: chrome on windows (0645043b1e917c368541b4ea783c1d5b)] -> xpath: //a[@href='/products']]
Session ID: 0645043b1e917c368541b4ea783c1d5b]]>
            </message>
            <full-stacktrace>
              <![CDATA[org.openqa.selenium.TimeoutException: java.util.concurrent.TimeoutException
Build info: version: '4.23.0', revision: '4df0a231af'
System info: os.name: 'Windows 11', os.arch: 'amd64', os.version: '10.0', java.version: '17.0.12'
Driver info: org.openqa.selenium.chrome.ChromeDriver
Command: [0645043b1e917c368541b4ea783c1d5b, clickElement {id=f.CF634ED24E407355849223B47F9D63DB.d.50B9553028E24F02B0B8A2F9462B8EC1.e.52}]
Capabilities {acceptInsecureCerts: false, browserName: chrome, browserVersion: 139.0.7258.155, chrome: {chromedriverVersion: 139.0.7258.154 (9e0d6b2b47f..., userDataDir: C:\Users\VASUDHA K T\AppDat...}, fedcm:accounts: true, goog:chromeOptions: {debuggerAddress: localhost:49940}, networkConnectionEnabled: false, pageLoadStrategy: normal, platformName: windows, proxy: Proxy(), se:cdp: ws://localhost:49940/devtoo..., se:cdpVersion: 139.0.7258.155, setWindowRect: true, strictFileInteractability: false, timeouts: {implicit: 0, pageLoad: 300000, script: 30000}, unhandledPromptBehavior: dismiss and notify, webauthn:extension:credBlob: true, webauthn:extension:largeBlob: true, webauthn:extension:minPinLength: true, webauthn:extension:prf: true, webauthn:virtualAuthenticators: true}
Element: [[ChromeDriver: chrome on windows (0645043b1e917c368541b4ea783c1d5b)] -> xpath: //a[@href='/products']]
Session ID: 0645043b1e917c368541b4ea783c1d5b
at org.openqa.selenium.remote.http.jdk.JdkHttpClient.execute0(JdkHttpClient.java:399)
at org.openqa.selenium.remote.http.AddSeleniumUserAgent.lambda$apply$0(AddSeleniumUserAgent.java:42)
at org.openqa.selenium.remote.http.Filter.lambda$andFinally$1(Filter.java:55)
at org.openqa.selenium.remote.http.jdk.JdkHttpClient.execute(JdkHttpClient.java:355)
at org.openqa.selenium.remote.HttpCommandExecutor.execute(HttpCommandExecutor.java:187)
at org.openqa.selenium.remote.service.DriverCommandExecutor.invokeExecute(DriverCommandExecutor.java:216)
at org.openqa.selenium.remote.service.DriverCommandExecutor.execute(DriverCommandExecutor.java:174)
at org.openqa.selenium.remote.RemoteWebDriver.execute(RemoteWebDriver.java:527)
at org.openqa.selenium.remote.RemoteWebElement.execute(RemoteWebElement.java:223)
at org.openqa.selenium.remote.RemoteWebElement.click(RemoteWebElement.java:76)
at com.automationexercise.pages.PaymentPage.goToProductsPage(PaymentPage.java:35)
at com.automationexercise.tests.PaymentPageTest.goToPaymentPage(PaymentPageTest.java:86)
at java.base/jdk.internal.reflect.NativeMethodAccessorImpl.invoke0(Native Method)
at java.base/jdk.internal.reflect.NativeMethodAccessorImpl.invoke(NativeMethodAccessorImpl.java:77)
at java.base/jdk.internal.reflect.DelegatingMethodAccessorImpl.invoke(DelegatingMethodAccessorImpl.java:43)
at java.base/java.lang.reflect.Method.invoke(Method.java:568)
at org.testng.internal.invokers.MethodInvocationHelper.invokeMethod(MethodInvocationHelper.java:141)
at org.testng.internal.invokers.MethodInvocationHelper.invokeMethodConsideringTimeout(MethodInvocationHelper.java:71)
at org.testng.internal.invokers.ConfigInvoker.invokeConfigurationMethod(ConfigInvoker.java:400)
at org.testng.internal.invokers.ConfigInvoker.invokeConfigurations(ConfigInvoker.java:333)
at org.testng.internal.invokers.TestInvoker.runConfigMethods(TestInvoker.java:836)
at org.testng.internal.invokers.TestInvoker.invokeMethod(TestInvoker.java:601)
at org.testng.internal.invokers.TestInvoker.invokeTestMethod(TestInvoker.java:230)
at org.testng.internal.invokers.MethodRunner.runInSequence(MethodRunner.java:63)
at org.testng.internal.invokers.TestInvoker$MethodInvocationAgent.invoke(TestInvoker.java:995)
at org.testng.internal.invokers.TestInvoker.invokeTestMethods(TestInvoker.java:203)
at org.testng.internal.invokers.TestMethodWorker.invokeTestMethods(TestMethodWorker.java:154)
at org.testng.internal.invokers.TestMethodWorker.run(TestMethodWorker.java:134)
at java.base/java.util.ArrayList.forEach(ArrayList.java:1511)
at org.testng.TestRunner.privateRun(TestRunner.java:741)
at org.testng.TestRunner.run(TestRunner.java:616)
at org.testng.SuiteRunner.runTest(SuiteRunner.java:421)
at org.testng.SuiteRunner.runSequentially(SuiteRunner.java:413)
at org.testng.SuiteRunner.privateRun(SuiteRunner.java:373)
at org.testng.SuiteRunner.run(SuiteRunner.java:312)
at org.testng.SuiteRunnerWorker.runSuite(SuiteRunnerWorker.java:52)
at org.testng.SuiteRunnerWorker.run(SuiteRunnerWorker.java:95)
at org.testng.TestNG.runSuitesSequentially(TestNG.java:1274)
at org.testng.TestNG.runSuitesLocally(TestNG.java:1208)
at org.testng.TestNG.runSuites(TestNG.java:1112)
at org.testng.TestNG.run(TestNG.java:1079)
at org.testng.remote.AbstractRemoteTestNG.run(AbstractRemoteTestNG.java:115)
at org.testng.remote.RemoteTestNG.initAndRun(RemoteTestNG.java:293)
at org.testng.remote.RemoteTestNG.main(RemoteTestNG.java:91)
Caused by: java.util.concurrent.TimeoutException
at java.base/java.util.concurrent.CompletableFuture.timedGet(CompletableFuture.java:1960)
at java.base/java.util.concurrent.CompletableFuture.get(CompletableFuture.java:2095)
at org.openqa.selenium.remote.http.jdk.JdkHttpClient.execute0(JdkHttpClient.java:382)
... 43 more
]]>
            </full-stacktrace>
          </exception> <!-- org.openqa.selenium.TimeoutException -->
          <reporter-output>
          </reporter-output>
        </test-method> <!-- testNameOnCardValidation -->
        <test-method is-config="true" signature="teardown(org.testng.ITestResult)[pri:0, instance:com.automationexercise.tests.PaymentPageTest@18bc345]" started-at="2025-09-08T14:43:34 IST" name="teardown" finished-at="2025-09-08T14:44:06 IST" duration-ms="31405" status="PASS">
          <params>
            <param index="0">
              <value>
                <![CDATA[[TestResult name=testNameOnCardValidation status=SKIP method=PaymentPageTest.testNameOnCardValidation(java.lang.String,java.lang.String,java.lang.String,java.lang.String,java.lang.String)[pri:1, instance:com.automationexercise.tests.PaymentPageTest@18bc345] output={null}]]]>
              </value>
            </param>
          </params>
          <reporter-output>
          </reporter-output>
        </test-method> <!-- teardown -->
        <test-method is-config="true" signature="setup(java.lang.String,java.lang.String,java.lang.reflect.Method,[Ljava.lang.Object;)[pri:0, instance:com.automationexercise.tests.PaymentPageTest@18bc345]" started-at="2025-09-08T14:44:06 IST" name="setup" finished-at="2025-09-08T14:44:07 IST" duration-ms="1198" status="PASS">
          <params>
            <param index="0">
              <value>
                <![CDATA[chrome]]>
              </value>
            </param>
            <param index="1">
              <value>
                <![CDATA[false]]>
              </value>
            </param>
            <param index="2">
              <value>
                <![CDATA[public void com.automationexercise.tests.PaymentPageTest.testNameOnCardValidation(java.lang.String,java.lang.String,java.lang.String,java.lang.String,java.lang.String) throws java.lang.Exception]]>
              </value>
            </param>
            <param index="3">
              <value>
                <![CDATA[[Ljava.lang.Object;@1d17423f]]>
              </value>
            </param>
          </params>
          <reporter-output>
          </reporter-output>
        </test-method> <!-- setup -->
        <test-method is-config="true" signature="goToPaymentPage()[pri:0, instance:com.automationexercise.tests.PaymentPageTest@18bc345]" started-at="2025-09-08T14:44:07 IST" name="goToPaymentPage" finished-at="2025-09-08T14:51:07 IST" duration-ms="419845" status="FAIL">
          <exception class="org.openqa.selenium.TimeoutException">
            <message>
              <![CDATA[java.util.concurrent.TimeoutException
Build info: version: '4.23.0', revision: '4df0a231af'
System info: os.name: 'Windows 11', os.arch: 'amd64', os.version: '10.0', java.version: '17.0.12'
Driver info: org.openqa.selenium.chrome.ChromeDriver
Command: [cb62240509e3b6cb17382f11fbc5341f, clickElement {id=f.7B6EF4E9918C47754353960AD530ADE6.d.BE57C4DA4E17D1CFCD7E4536B7641BF9.e.75}]
Capabilities {acceptInsecureCerts: false, browserName: chrome, browserVersion: 139.0.7258.155, chrome: {chromedriverVersion: 139.0.7258.154 (9e0d6b2b47f..., userDataDir: C:\Users\VASUDHA K T\AppDat...}, fedcm:accounts: true, goog:chromeOptions: {debuggerAddress: localhost:50175}, networkConnectionEnabled: false, pageLoadStrategy: normal, platformName: windows, proxy: Proxy(), se:cdp: ws://localhost:50175/devtoo..., se:cdpVersion: 139.0.7258.155, setWindowRect: true, strictFileInteractability: false, timeouts: {implicit: 0, pageLoad: 300000, script: 30000}, unhandledPromptBehavior: dismiss and notify, webauthn:extension:credBlob: true, webauthn:extension:largeBlob: true, webauthn:extension:minPinLength: true, webauthn:extension:prf: true, webauthn:virtualAuthenticators: true}
Element: [[ChromeDriver: chrome on windows (cb62240509e3b6cb17382f11fbc5341f)] -> xpath: //a[@href='/products']]
Session ID: cb62240509e3b6cb17382f11fbc5341f]]>
            </message>
            <full-stacktrace>
              <![CDATA[org.openqa.selenium.TimeoutException: java.util.concurrent.TimeoutException
Build info: version: '4.23.0', revision: '4df0a231af'
System info: os.name: 'Windows 11', os.arch: 'amd64', os.version: '10.0', java.version: '17.0.12'
Driver info: org.openqa.selenium.chrome.ChromeDriver
Command: [cb62240509e3b6cb17382f11fbc5341f, clickElement {id=f.7B6EF4E9918C47754353960AD530ADE6.d.BE57C4DA4E17D1CFCD7E4536B7641BF9.e.75}]
Capabilities {acceptInsecureCerts: false, browserName: chrome, browserVersion: 139.0.7258.155, chrome: {chromedriverVersion: 139.0.7258.154 (9e0d6b2b47f..., userDataDir: C:\Users\VASUDHA K T\AppDat...}, fedcm:accounts: true, goog:chromeOptions: {debuggerAddress: localhost:50175}, networkConnectionEnabled: false, pageLoadStrategy: normal, platformName: windows, proxy: Proxy(), se:cdp: ws://localhost:50175/devtoo..., se:cdpVersion: 139.0.7258.155, setWindowRect: true, strictFileInteractability: false, timeouts: {implicit: 0, pageLoad: 300000, script: 30000}, unhandledPromptBehavior: dismiss and notify, webauthn:extension:credBlob: true, webauthn:extension:largeBlob: true, webauthn:extension:minPinLength: true, webauthn:extension:prf: true, webauthn:virtualAuthenticators: true}
Element: [[ChromeDriver: chrome on windows (cb62240509e3b6cb17382f11fbc5341f)] -> xpath: //a[@href='/products']]
Session ID: cb62240509e3b6cb17382f11fbc5341f
at org.openqa.selenium.remote.http.jdk.JdkHttpClient.execute0(JdkHttpClient.java:399)
at org.openqa.selenium.remote.http.AddSeleniumUserAgent.lambda$apply$0(AddSeleniumUserAgent.java:42)
at org.openqa.selenium.remote.http.Filter.lambda$andFinally$1(Filter.java:55)
at org.openqa.selenium.remote.http.jdk.JdkHttpClient.execute(JdkHttpClient.java:355)
at org.openqa.selenium.remote.HttpCommandExecutor.execute(HttpCommandExecutor.java:187)
at org.openqa.selenium.remote.service.DriverCommandExecutor.invokeExecute(DriverCommandExecutor.java:216)
at org.openqa.selenium.remote.service.DriverCommandExecutor.execute(DriverCommandExecutor.java:174)
at org.openqa.selenium.remote.RemoteWebDriver.execute(RemoteWebDriver.java:527)
at org.openqa.selenium.remote.RemoteWebElement.execute(RemoteWebElement.java:223)
at org.openqa.selenium.remote.RemoteWebElement.click(RemoteWebElement.java:76)
at com.automationexercise.pages.PaymentPage.goToProductsPage(PaymentPage.java:35)
at com.automationexercise.tests.PaymentPageTest.goToPaymentPage(PaymentPageTest.java:86)
at java.base/jdk.internal.reflect.NativeMethodAccessorImpl.invoke0(Native Method)
at java.base/jdk.internal.reflect.NativeMethodAccessorImpl.invoke(NativeMethodAccessorImpl.java:77)
at java.base/jdk.internal.reflect.DelegatingMethodAccessorImpl.invoke(DelegatingMethodAccessorImpl.java:43)
at java.base/java.lang.reflect.Method.invoke(Method.java:568)
at org.testng.internal.invokers.MethodInvocationHelper.invokeMethod(MethodInvocationHelper.java:141)
at org.testng.internal.invokers.MethodInvocationHelper.invokeMethodConsideringTimeout(MethodInvocationHelper.java:71)
at org.testng.internal.invokers.ConfigInvoker.invokeConfigurationMethod(ConfigInvoker.java:400)
at org.testng.internal.invokers.ConfigInvoker.invokeConfigurations(ConfigInvoker.java:333)
at org.testng.internal.invokers.TestInvoker.runConfigMethods(TestInvoker.java:836)
at org.testng.internal.invokers.TestInvoker.invokeMethod(TestInvoker.java:601)
at org.testng.internal.invokers.TestInvoker.invokeTestMethod(TestInvoker.java:230)
at org.testng.internal.invokers.MethodRunner.runInSequence(MethodRunner.java:63)
at org.testng.internal.invokers.TestInvoker$MethodInvocationAgent.invoke(TestInvoker.java:995)
at org.testng.internal.invokers.TestInvoker.invokeTestMethods(TestInvoker.java:203)
at org.testng.internal.invokers.TestMethodWorker.invokeTestMethods(TestMethodWorker.java:154)
at org.testng.internal.invokers.TestMethodWorker.run(TestMethodWorker.java:134)
at java.base/java.util.ArrayList.forEach(ArrayList.java:1511)
at org.testng.TestRunner.privateRun(TestRunner.java:741)
at org.testng.TestRunner.run(TestRunner.java:616)
at org.testng.SuiteRunner.runTest(SuiteRunner.java:421)
at org.testng.SuiteRunner.runSequentially(SuiteRunner.java:413)
at org.testng.SuiteRunner.privateRun(SuiteRunner.java:373)
at org.testng.SuiteRunner.run(SuiteRunner.java:312)
at org.testng.SuiteRunnerWorker.runSuite(SuiteRunnerWorker.java:52)
at org.testng.SuiteRunnerWorker.run(SuiteRunnerWorker.java:95)
at org.testng.TestNG.runSuitesSequentially(TestNG.java:1274)
at org.testng.TestNG.runSuitesLocally(TestNG.java:1208)
at org.testng.TestNG.runSuites(TestNG.java:1112)
at org.testng.TestNG.run(TestNG.java:1079)
at org.testng.remote.AbstractRemoteTestNG.run(AbstractRemoteTestNG.java:115)
at org.testng.remote.RemoteTestNG.initAndRun(RemoteTestNG.java:293)
at org.testng.remote.RemoteTestNG.main(RemoteTestNG.java:91)
Caused by: java.util.concurrent.TimeoutException
at java.base/java.util.concurrent.CompletableFuture.timedGet(CompletableFuture.java:1960)
at java.base/java.util.concurrent.CompletableFuture.get(CompletableFuture.java:2095)
at org.openqa.selenium.remote.http.jdk.JdkHttpClient.execute0(JdkHttpClient.java:382)
... 43 more
]]>
            </full-stacktrace>
          </exception> <!-- org.openqa.selenium.TimeoutException -->
          <reporter-output>
          </reporter-output>
        </test-method> <!-- goToPaymentPage -->
        <test-method signature="testNameOnCardValidation(java.lang.String,java.lang.String,java.lang.String,java.lang.String,java.lang.String)[pri:1, instance:com.automationexercise.tests.PaymentPageTest@18bc345]" started-at="2025-09-08T14:51:07 IST" name="testNameOnCardValidation" data-provider="PaymentData" finished-at="2025-09-08T14:51:07 IST" duration-ms="5" status="SKIP">
          <params>
            <param index="0">
              <value>
                <![CDATA[Test123]]>
              </value>
            </param>
            <param index="1">
              <value>
                <![CDATA[abc123]]>
              </value>
            </param>
            <param index="2">
              <value>
                <![CDATA[12]]>
              </value>
            </param>
            <param index="3">
              <value>
                <![CDATA[15]]>
              </value>
            </param>
            <param index="4">
              <value>
                <![CDATA[20ab]]>
              </value>
            </param>
          </params>
          <exception class="org.openqa.selenium.TimeoutException">
            <message>
              <![CDATA[java.util.concurrent.TimeoutException
Build info: version: '4.23.0', revision: '4df0a231af'
System info: os.name: 'Windows 11', os.arch: 'amd64', os.version: '10.0', java.version: '17.0.12'
Driver info: org.openqa.selenium.chrome.ChromeDriver
Command: [cb62240509e3b6cb17382f11fbc5341f, clickElement {id=f.7B6EF4E9918C47754353960AD530ADE6.d.BE57C4DA4E17D1CFCD7E4536B7641BF9.e.75}]
Capabilities {acceptInsecureCerts: false, browserName: chrome, browserVersion: 139.0.7258.155, chrome: {chromedriverVersion: 139.0.7258.154 (9e0d6b2b47f..., userDataDir: C:\Users\VASUDHA K T\AppDat...}, fedcm:accounts: true, goog:chromeOptions: {debuggerAddress: localhost:50175}, networkConnectionEnabled: false, pageLoadStrategy: normal, platformName: windows, proxy: Proxy(), se:cdp: ws://localhost:50175/devtoo..., se:cdpVersion: 139.0.7258.155, setWindowRect: true, strictFileInteractability: false, timeouts: {implicit: 0, pageLoad: 300000, script: 30000}, unhandledPromptBehavior: dismiss and notify, webauthn:extension:credBlob: true, webauthn:extension:largeBlob: true, webauthn:extension:minPinLength: true, webauthn:extension:prf: true, webauthn:virtualAuthenticators: true}
Element: [[ChromeDriver: chrome on windows (cb62240509e3b6cb17382f11fbc5341f)] -> xpath: //a[@href='/products']]
Session ID: cb62240509e3b6cb17382f11fbc5341f]]>
            </message>
            <full-stacktrace>
              <![CDATA[org.openqa.selenium.TimeoutException: java.util.concurrent.TimeoutException
Build info: version: '4.23.0', revision: '4df0a231af'
System info: os.name: 'Windows 11', os.arch: 'amd64', os.version: '10.0', java.version: '17.0.12'
Driver info: org.openqa.selenium.chrome.ChromeDriver
Command: [cb62240509e3b6cb17382f11fbc5341f, clickElement {id=f.7B6EF4E9918C47754353960AD530ADE6.d.BE57C4DA4E17D1CFCD7E4536B7641BF9.e.75}]
Capabilities {acceptInsecureCerts: false, browserName: chrome, browserVersion: 139.0.7258.155, chrome: {chromedriverVersion: 139.0.7258.154 (9e0d6b2b47f..., userDataDir: C:\Users\VASUDHA K T\AppDat...}, fedcm:accounts: true, goog:chromeOptions: {debuggerAddress: localhost:50175}, networkConnectionEnabled: false, pageLoadStrategy: normal, platformName: windows, proxy: Proxy(), se:cdp: ws://localhost:50175/devtoo..., se:cdpVersion: 139.0.7258.155, setWindowRect: true, strictFileInteractability: false, timeouts: {implicit: 0, pageLoad: 300000, script: 30000}, unhandledPromptBehavior: dismiss and notify, webauthn:extension:credBlob: true, webauthn:extension:largeBlob: true, webauthn:extension:minPinLength: true, webauthn:extension:prf: true, webauthn:virtualAuthenticators: true}
Element: [[ChromeDriver: chrome on windows (cb62240509e3b6cb17382f11fbc5341f)] -> xpath: //a[@href='/products']]
Session ID: cb62240509e3b6cb17382f11fbc5341f
at org.openqa.selenium.remote.http.jdk.JdkHttpClient.execute0(JdkHttpClient.java:399)
at org.openqa.selenium.remote.http.AddSeleniumUserAgent.lambda$apply$0(AddSeleniumUserAgent.java:42)
at org.openqa.selenium.remote.http.Filter.lambda$andFinally$1(Filter.java:55)
at org.openqa.selenium.remote.http.jdk.JdkHttpClient.execute(JdkHttpClient.java:355)
at org.openqa.selenium.remote.HttpCommandExecutor.execute(HttpCommandExecutor.java:187)
at org.openqa.selenium.remote.service.DriverCommandExecutor.invokeExecute(DriverCommandExecutor.java:216)
at org.openqa.selenium.remote.service.DriverCommandExecutor.execute(DriverCommandExecutor.java:174)
at org.openqa.selenium.remote.RemoteWebDriver.execute(RemoteWebDriver.java:527)
at org.openqa.selenium.remote.RemoteWebElement.execute(RemoteWebElement.java:223)
at org.openqa.selenium.remote.RemoteWebElement.click(RemoteWebElement.java:76)
at com.automationexercise.pages.PaymentPage.goToProductsPage(PaymentPage.java:35)
at com.automationexercise.tests.PaymentPageTest.goToPaymentPage(PaymentPageTest.java:86)
at java.base/jdk.internal.reflect.NativeMethodAccessorImpl.invoke0(Native Method)
at java.base/jdk.internal.reflect.NativeMethodAccessorImpl.invoke(NativeMethodAccessorImpl.java:77)
at java.base/jdk.internal.reflect.DelegatingMethodAccessorImpl.invoke(DelegatingMethodAccessorImpl.java:43)
at java.base/java.lang.reflect.Method.invoke(Method.java:568)
at org.testng.internal.invokers.MethodInvocationHelper.invokeMethod(MethodInvocationHelper.java:141)
at org.testng.internal.invokers.MethodInvocationHelper.invokeMethodConsideringTimeout(MethodInvocationHelper.java:71)
at org.testng.internal.invokers.ConfigInvoker.invokeConfigurationMethod(ConfigInvoker.java:400)
at org.testng.internal.invokers.ConfigInvoker.invokeConfigurations(ConfigInvoker.java:333)
at org.testng.internal.invokers.TestInvoker.runConfigMethods(TestInvoker.java:836)
at org.testng.internal.invokers.TestInvoker.invokeMethod(TestInvoker.java:601)
at org.testng.internal.invokers.TestInvoker.invokeTestMethod(TestInvoker.java:230)
at org.testng.internal.invokers.MethodRunner.runInSequence(MethodRunner.java:63)
at org.testng.internal.invokers.TestInvoker$MethodInvocationAgent.invoke(TestInvoker.java:995)
at org.testng.internal.invokers.TestInvoker.invokeTestMethods(TestInvoker.java:203)
at org.testng.internal.invokers.TestMethodWorker.invokeTestMethods(TestMethodWorker.java:154)
at org.testng.internal.invokers.TestMethodWorker.run(TestMethodWorker.java:134)
at java.base/java.util.ArrayList.forEach(ArrayList.java:1511)
at org.testng.TestRunner.privateRun(TestRunner.java:741)
at org.testng.TestRunner.run(TestRunner.java:616)
at org.testng.SuiteRunner.runTest(SuiteRunner.java:421)
at org.testng.SuiteRunner.runSequentially(SuiteRunner.java:413)
at org.testng.SuiteRunner.privateRun(SuiteRunner.java:373)
at org.testng.SuiteRunner.run(SuiteRunner.java:312)
at org.testng.SuiteRunnerWorker.runSuite(SuiteRunnerWorker.java:52)
at org.testng.SuiteRunnerWorker.run(SuiteRunnerWorker.java:95)
at org.testng.TestNG.runSuitesSequentially(TestNG.java:1274)
at org.testng.TestNG.runSuitesLocally(TestNG.java:1208)
at org.testng.TestNG.runSuites(TestNG.java:1112)
at org.testng.TestNG.run(TestNG.java:1079)
at org.testng.remote.AbstractRemoteTestNG.run(AbstractRemoteTestNG.java:115)
at org.testng.remote.RemoteTestNG.initAndRun(RemoteTestNG.java:293)
at org.testng.remote.RemoteTestNG.main(RemoteTestNG.java:91)
Caused by: java.util.concurrent.TimeoutException
at java.base/java.util.concurrent.CompletableFuture.timedGet(CompletableFuture.java:1960)
at java.base/java.util.concurrent.CompletableFuture.get(CompletableFuture.java:2095)
at org.openqa.selenium.remote.http.jdk.JdkHttpClient.execute0(JdkHttpClient.java:382)
... 43 more
]]>
            </full-stacktrace>
          </exception> <!-- org.openqa.selenium.TimeoutException -->
          <reporter-output>
          </reporter-output>
        </test-method> <!-- testNameOnCardValidation -->
        <test-method is-config="true" signature="teardown(org.testng.ITestResult)[pri:0, instance:com.automationexercise.tests.PaymentPageTest@18bc345]" started-at="2025-09-08T14:51:07 IST" name="teardown" finished-at="2025-09-08T14:51:15 IST" duration-ms="7730" status="PASS">
          <params>
            <param index="0">
              <value>
                <![CDATA[[TestResult name=testNameOnCardValidation status=SKIP method=PaymentPageTest.testNameOnCardValidation(java.lang.String,java.lang.String,java.lang.String,java.lang.String,java.lang.String)[pri:1, instance:com.automationexercise.tests.PaymentPageTest@18bc345] output={null}]]]>
              </value>
            </param>
          </params>
          <reporter-output>
          </reporter-output>
        </test-method> <!-- teardown -->
        <test-method is-config="true" signature="setup(java.lang.String,java.lang.String,java.lang.reflect.Method,[Ljava.lang.Object;)[pri:0, instance:com.automationexercise.tests.PaymentPageTest@18bc345]" started-at="2025-09-08T14:51:15 IST" name="setup" finished-at="2025-09-08T14:51:16 IST" duration-ms="1268" status="PASS">
          <params>
            <param index="0">
              <value>
                <![CDATA[chrome]]>
              </value>
            </param>
            <param index="1">
              <value>
                <![CDATA[false]]>
              </value>
            </param>
            <param index="2">
              <value>
                <![CDATA[public void com.automationexercise.tests.PaymentPageTest.testNameOnCardValidation(java.lang.String,java.lang.String,java.lang.String,java.lang.String,java.lang.String) throws java.lang.Exception]]>
              </value>
            </param>
            <param index="3">
              <value>
                <![CDATA[[Ljava.lang.Object;@5c70d7f0]]>
              </value>
            </param>
          </params>
          <reporter-output>
          </reporter-output>
        </test-method> <!-- setup -->
        <test-method is-config="true" signature="goToPaymentPage()[pri:0, instance:com.automationexercise.tests.PaymentPageTest@18bc345]" started-at="2025-09-08T14:51:16 IST" name="goToPaymentPage" finished-at="2025-09-08T14:56:02 IST" duration-ms="285520" status="FAIL">
          <exception class="org.openqa.selenium.TimeoutException">
            <message>
              <![CDATA[java.util.concurrent.TimeoutException
Build info: version: '4.23.0', revision: '4df0a231af'
System info: os.name: 'Windows 11', os.arch: 'amd64', os.version: '10.0', java.version: '17.0.12'
Driver info: org.openqa.selenium.chrome.ChromeDriver
Command: [b0fb878996ba61fe50bcd003aa8a7bea, clickElement {id=f.64091A8A3A847F152761B1D4DED02731.d.098DADD36BA7FD3E13203FE36D41EE30.e.111}]
Capabilities {acceptInsecureCerts: false, browserName: chrome, browserVersion: 139.0.7258.155, chrome: {chromedriverVersion: 139.0.7258.154 (9e0d6b2b47f..., userDataDir: C:\Users\VASUDHA K T\AppDat...}, fedcm:accounts: true, goog:chromeOptions: {debuggerAddress: localhost:50595}, networkConnectionEnabled: false, pageLoadStrategy: normal, platformName: windows, proxy: Proxy(), se:cdp: ws://localhost:50595/devtoo..., se:cdpVersion: 139.0.7258.155, setWindowRect: true, strictFileInteractability: false, timeouts: {implicit: 0, pageLoad: 300000, script: 30000}, unhandledPromptBehavior: dismiss and notify, webauthn:extension:credBlob: true, webauthn:extension:largeBlob: true, webauthn:extension:minPinLength: true, webauthn:extension:prf: true, webauthn:virtualAuthenticators: true}
Element: [[ChromeDriver: chrome on windows (b0fb878996ba61fe50bcd003aa8a7bea)] -> xpath: //*[@id='do_action']/div[1]/div/div/a]
Session ID: b0fb878996ba61fe50bcd003aa8a7bea]]>
            </message>
            <full-stacktrace>
              <![CDATA[org.openqa.selenium.TimeoutException: java.util.concurrent.TimeoutException
Build info: version: '4.23.0', revision: '4df0a231af'
System info: os.name: 'Windows 11', os.arch: 'amd64', os.version: '10.0', java.version: '17.0.12'
Driver info: org.openqa.selenium.chrome.ChromeDriver
Command: [b0fb878996ba61fe50bcd003aa8a7bea, clickElement {id=f.64091A8A3A847F152761B1D4DED02731.d.098DADD36BA7FD3E13203FE36D41EE30.e.111}]
Capabilities {acceptInsecureCerts: false, browserName: chrome, browserVersion: 139.0.7258.155, chrome: {chromedriverVersion: 139.0.7258.154 (9e0d6b2b47f..., userDataDir: C:\Users\VASUDHA K T\AppDat...}, fedcm:accounts: true, goog:chromeOptions: {debuggerAddress: localhost:50595}, networkConnectionEnabled: false, pageLoadStrategy: normal, platformName: windows, proxy: Proxy(), se:cdp: ws://localhost:50595/devtoo..., se:cdpVersion: 139.0.7258.155, setWindowRect: true, strictFileInteractability: false, timeouts: {implicit: 0, pageLoad: 300000, script: 30000}, unhandledPromptBehavior: dismiss and notify, webauthn:extension:credBlob: true, webauthn:extension:largeBlob: true, webauthn:extension:minPinLength: true, webauthn:extension:prf: true, webauthn:virtualAuthenticators: true}
Element: [[ChromeDriver: chrome on windows (b0fb878996ba61fe50bcd003aa8a7bea)] -> xpath: //*[@id='do_action']/div[1]/div/div/a]
Session ID: b0fb878996ba61fe50bcd003aa8a7bea
at org.openqa.selenium.remote.http.jdk.JdkHttpClient.execute0(JdkHttpClient.java:399)
at org.openqa.selenium.remote.http.AddSeleniumUserAgent.lambda$apply$0(AddSeleniumUserAgent.java:42)
at org.openqa.selenium.remote.http.Filter.lambda$andFinally$1(Filter.java:55)
at org.openqa.selenium.remote.http.jdk.JdkHttpClient.execute(JdkHttpClient.java:355)
at org.openqa.selenium.remote.HttpCommandExecutor.execute(HttpCommandExecutor.java:187)
at org.openqa.selenium.remote.service.DriverCommandExecutor.invokeExecute(DriverCommandExecutor.java:216)
at org.openqa.selenium.remote.service.DriverCommandExecutor.execute(DriverCommandExecutor.java:174)
at org.openqa.selenium.remote.RemoteWebDriver.execute(RemoteWebDriver.java:527)
at org.openqa.selenium.remote.RemoteWebElement.execute(RemoteWebElement.java:223)
at org.openqa.selenium.remote.RemoteWebElement.click(RemoteWebElement.java:76)
at com.automationexercise.pages.PaymentPage.clickProceedToCheckout(PaymentPage.java:97)
at com.automationexercise.tests.PaymentPageTest.goToPaymentPage(PaymentPageTest.java:101)
at java.base/jdk.internal.reflect.NativeMethodAccessorImpl.invoke0(Native Method)
at java.base/jdk.internal.reflect.NativeMethodAccessorImpl.invoke(NativeMethodAccessorImpl.java:77)
at java.base/jdk.internal.reflect.DelegatingMethodAccessorImpl.invoke(DelegatingMethodAccessorImpl.java:43)
at java.base/java.lang.reflect.Method.invoke(Method.java:568)
at org.testng.internal.invokers.MethodInvocationHelper.invokeMethod(MethodInvocationHelper.java:141)
at org.testng.internal.invokers.MethodInvocationHelper.invokeMethodConsideringTimeout(MethodInvocationHelper.java:71)
at org.testng.internal.invokers.ConfigInvoker.invokeConfigurationMethod(ConfigInvoker.java:400)
at org.testng.internal.invokers.ConfigInvoker.invokeConfigurations(ConfigInvoker.java:333)
at org.testng.internal.invokers.TestInvoker.runConfigMethods(TestInvoker.java:836)
at org.testng.internal.invokers.TestInvoker.invokeMethod(TestInvoker.java:601)
at org.testng.internal.invokers.TestInvoker.invokeTestMethod(TestInvoker.java:230)
at org.testng.internal.invokers.MethodRunner.runInSequence(MethodRunner.java:63)
at org.testng.internal.invokers.TestInvoker$MethodInvocationAgent.invoke(TestInvoker.java:995)
at org.testng.internal.invokers.TestInvoker.invokeTestMethods(TestInvoker.java:203)
at org.testng.internal.invokers.TestMethodWorker.invokeTestMethods(TestMethodWorker.java:154)
at org.testng.internal.invokers.TestMethodWorker.run(TestMethodWorker.java:134)
at java.base/java.util.ArrayList.forEach(ArrayList.java:1511)
at org.testng.TestRunner.privateRun(TestRunner.java:741)
at org.testng.TestRunner.run(TestRunner.java:616)
at org.testng.SuiteRunner.runTest(SuiteRunner.java:421)
at org.testng.SuiteRunner.runSequentially(SuiteRunner.java:413)
at org.testng.SuiteRunner.privateRun(SuiteRunner.java:373)
at org.testng.SuiteRunner.run(SuiteRunner.java:312)
at org.testng.SuiteRunnerWorker.runSuite(SuiteRunnerWorker.java:52)
at org.testng.SuiteRunnerWorker.run(SuiteRunnerWorker.java:95)
at org.testng.TestNG.runSuitesSequentially(TestNG.java:1274)
at org.testng.TestNG.runSuitesLocally(TestNG.java:1208)
at org.testng.TestNG.runSuites(TestNG.java:1112)
at org.testng.TestNG.run(TestNG.java:1079)
at org.testng.remote.AbstractRemoteTestNG.run(AbstractRemoteTestNG.java:115)
at org.testng.remote.RemoteTestNG.initAndRun(RemoteTestNG.java:293)
at org.testng.remote.RemoteTestNG.main(RemoteTestNG.java:91)
Caused by: java.util.concurrent.TimeoutException
at java.base/java.util.concurrent.CompletableFuture.timedGet(CompletableFuture.java:1960)
at java.base/java.util.concurrent.CompletableFuture.get(CompletableFuture.java:2095)
at org.openqa.selenium.remote.http.jdk.JdkHttpClient.execute0(JdkHttpClient.java:382)
... 43 more
]]>
            </full-stacktrace>
          </exception> <!-- org.openqa.selenium.TimeoutException -->
          <reporter-output>
          </reporter-output>
        </test-method> <!-- goToPaymentPage -->
        <test-method signature="testNameOnCardValidation(java.lang.String,java.lang.String,java.lang.String,java.lang.String,java.lang.String)[pri:1, instance:com.automationexercise.tests.PaymentPageTest@18bc345]" started-at="2025-09-08T14:56:02 IST" name="testNameOnCardValidation" data-provider="PaymentData" finished-at="2025-09-08T14:56:02 IST" duration-ms="4" status="SKIP">
          <params>
            <param index="0">
              <value>
                <![CDATA[(blank)]]>
              </value>
            </param>
            <param index="1">
              <value>
                <![CDATA[1.11122E+15]]>
              </value>
            </param>
            <param index="2">
              <value>
                <![CDATA[321]]>
              </value>
            </param>
            <param index="3">
              <value>
                <![CDATA[1]]>
              </value>
            </param>
            <param index="4">
              <value>
                <![CDATA[2028]]>
              </value>
            </param>
          </params>
          <exception class="org.openqa.selenium.TimeoutException">
            <message>
              <![CDATA[java.util.concurrent.TimeoutException
Build info: version: '4.23.0', revision: '4df0a231af'
System info: os.name: 'Windows 11', os.arch: 'amd64', os.version: '10.0', java.version: '17.0.12'
Driver info: org.openqa.selenium.chrome.ChromeDriver
Command: [cb62240509e3b6cb17382f11fbc5341f, clickElement {id=f.7B6EF4E9918C47754353960AD530ADE6.d.BE57C4DA4E17D1CFCD7E4536B7641BF9.e.75}]
Capabilities {acceptInsecureCerts: false, browserName: chrome, browserVersion: 139.0.7258.155, chrome: {chromedriverVersion: 139.0.7258.154 (9e0d6b2b47f..., userDataDir: C:\Users\VASUDHA K T\AppDat...}, fedcm:accounts: true, goog:chromeOptions: {debuggerAddress: localhost:50175}, networkConnectionEnabled: false, pageLoadStrategy: normal, platformName: windows, proxy: Proxy(), se:cdp: ws://localhost:50175/devtoo..., se:cdpVersion: 139.0.7258.155, setWindowRect: true, strictFileInteractability: false, timeouts: {implicit: 0, pageLoad: 300000, script: 30000}, unhandledPromptBehavior: dismiss and notify, webauthn:extension:credBlob: true, webauthn:extension:largeBlob: true, webauthn:extension:minPinLength: true, webauthn:extension:prf: true, webauthn:virtualAuthenticators: true}
Element: [[ChromeDriver: chrome on windows (cb62240509e3b6cb17382f11fbc5341f)] -> xpath: //a[@href='/products']]
Session ID: cb62240509e3b6cb17382f11fbc5341f]]>
            </message>
            <full-stacktrace>
              <![CDATA[org.openqa.selenium.TimeoutException: java.util.concurrent.TimeoutException
Build info: version: '4.23.0', revision: '4df0a231af'
System info: os.name: 'Windows 11', os.arch: 'amd64', os.version: '10.0', java.version: '17.0.12'
Driver info: org.openqa.selenium.chrome.ChromeDriver
Command: [cb62240509e3b6cb17382f11fbc5341f, clickElement {id=f.7B6EF4E9918C47754353960AD530ADE6.d.BE57C4DA4E17D1CFCD7E4536B7641BF9.e.75}]
Capabilities {acceptInsecureCerts: false, browserName: chrome, browserVersion: 139.0.7258.155, chrome: {chromedriverVersion: 139.0.7258.154 (9e0d6b2b47f..., userDataDir: C:\Users\VASUDHA K T\AppDat...}, fedcm:accounts: true, goog:chromeOptions: {debuggerAddress: localhost:50175}, networkConnectionEnabled: false, pageLoadStrategy: normal, platformName: windows, proxy: Proxy(), se:cdp: ws://localhost:50175/devtoo..., se:cdpVersion: 139.0.7258.155, setWindowRect: true, strictFileInteractability: false, timeouts: {implicit: 0, pageLoad: 300000, script: 30000}, unhandledPromptBehavior: dismiss and notify, webauthn:extension:credBlob: true, webauthn:extension:largeBlob: true, webauthn:extension:minPinLength: true, webauthn:extension:prf: true, webauthn:virtualAuthenticators: true}
Element: [[ChromeDriver: chrome on windows (cb62240509e3b6cb17382f11fbc5341f)] -> xpath: //a[@href='/products']]
Session ID: cb62240509e3b6cb17382f11fbc5341f
at org.openqa.selenium.remote.http.jdk.JdkHttpClient.execute0(JdkHttpClient.java:399)
at org.openqa.selenium.remote.http.AddSeleniumUserAgent.lambda$apply$0(AddSeleniumUserAgent.java:42)
at org.openqa.selenium.remote.http.Filter.lambda$andFinally$1(Filter.java:55)
at org.openqa.selenium.remote.http.jdk.JdkHttpClient.execute(JdkHttpClient.java:355)
at org.openqa.selenium.remote.HttpCommandExecutor.execute(HttpCommandExecutor.java:187)
at org.openqa.selenium.remote.service.DriverCommandExecutor.invokeExecute(DriverCommandExecutor.java:216)
at org.openqa.selenium.remote.service.DriverCommandExecutor.execute(DriverCommandExecutor.java:174)
at org.openqa.selenium.remote.RemoteWebDriver.execute(RemoteWebDriver.java:527)
at org.openqa.selenium.remote.RemoteWebElement.execute(RemoteWebElement.java:223)
at org.openqa.selenium.remote.RemoteWebElement.click(RemoteWebElement.java:76)
at com.automationexercise.pages.PaymentPage.goToProductsPage(PaymentPage.java:35)
at com.automationexercise.tests.PaymentPageTest.goToPaymentPage(PaymentPageTest.java:86)
at java.base/jdk.internal.reflect.NativeMethodAccessorImpl.invoke0(Native Method)
at java.base/jdk.internal.reflect.NativeMethodAccessorImpl.invoke(NativeMethodAccessorImpl.java:77)
at java.base/jdk.internal.reflect.DelegatingMethodAccessorImpl.invoke(DelegatingMethodAccessorImpl.java:43)
at java.base/java.lang.reflect.Method.invoke(Method.java:568)
at org.testng.internal.invokers.MethodInvocationHelper.invokeMethod(MethodInvocationHelper.java:141)
at org.testng.internal.invokers.MethodInvocationHelper.invokeMethodConsideringTimeout(MethodInvocationHelper.java:71)
at org.testng.internal.invokers.ConfigInvoker.invokeConfigurationMethod(ConfigInvoker.java:400)
at org.testng.internal.invokers.ConfigInvoker.invokeConfigurations(ConfigInvoker.java:333)
at org.testng.internal.invokers.TestInvoker.runConfigMethods(TestInvoker.java:836)
at org.testng.internal.invokers.TestInvoker.invokeMethod(TestInvoker.java:601)
at org.testng.internal.invokers.TestInvoker.invokeTestMethod(TestInvoker.java:230)
at org.testng.internal.invokers.MethodRunner.runInSequence(MethodRunner.java:63)
at org.testng.internal.invokers.TestInvoker$MethodInvocationAgent.invoke(TestInvoker.java:995)
at org.testng.internal.invokers.TestInvoker.invokeTestMethods(TestInvoker.java:203)
at org.testng.internal.invokers.TestMethodWorker.invokeTestMethods(TestMethodWorker.java:154)
at org.testng.internal.invokers.TestMethodWorker.run(TestMethodWorker.java:134)
at java.base/java.util.ArrayList.forEach(ArrayList.java:1511)
at org.testng.TestRunner.privateRun(TestRunner.java:741)
at org.testng.TestRunner.run(TestRunner.java:616)
at org.testng.SuiteRunner.runTest(SuiteRunner.java:421)
at org.testng.SuiteRunner.runSequentially(SuiteRunner.java:413)
at org.testng.SuiteRunner.privateRun(SuiteRunner.java:373)
at org.testng.SuiteRunner.run(SuiteRunner.java:312)
at org.testng.SuiteRunnerWorker.runSuite(SuiteRunnerWorker.java:52)
at org.testng.SuiteRunnerWorker.run(SuiteRunnerWorker.java:95)
at org.testng.TestNG.runSuitesSequentially(TestNG.java:1274)
at org.testng.TestNG.runSuitesLocally(TestNG.java:1208)
at org.testng.TestNG.runSuites(TestNG.java:1112)
at org.testng.TestNG.run(TestNG.java:1079)
at org.testng.remote.AbstractRemoteTestNG.run(AbstractRemoteTestNG.java:115)
at org.testng.remote.RemoteTestNG.initAndRun(RemoteTestNG.java:293)
at org.testng.remote.RemoteTestNG.main(RemoteTestNG.java:91)
Caused by: java.util.concurrent.TimeoutException
at java.base/java.util.concurrent.CompletableFuture.timedGet(CompletableFuture.java:1960)
at java.base/java.util.concurrent.CompletableFuture.get(CompletableFuture.java:2095)
at org.openqa.selenium.remote.http.jdk.JdkHttpClient.execute0(JdkHttpClient.java:382)
... 43 more
]]>
            </full-stacktrace>
          </exception> <!-- org.openqa.selenium.TimeoutException -->
          <reporter-output>
          </reporter-output>
        </test-method> <!-- testNameOnCardValidation -->
        <test-method is-config="true" signature="teardown(org.testng.ITestResult)[pri:0, instance:com.automationexercise.tests.PaymentPageTest@18bc345]" started-at="2025-09-08T14:56:02 IST" name="teardown" finished-at="2025-09-08T14:56:33 IST" duration-ms="31077" status="PASS">
          <params>
            <param index="0">
              <value>
                <![CDATA[[TestResult name=testNameOnCardValidation status=SKIP method=PaymentPageTest.testNameOnCardValidation(java.lang.String,java.lang.String,java.lang.String,java.lang.String,java.lang.String)[pri:1, instance:com.automationexercise.tests.PaymentPageTest@18bc345] output={null}]]]>
              </value>
            </param>
          </params>
          <reporter-output>
          </reporter-output>
        </test-method> <!-- teardown -->
        <test-method is-config="true" signature="flushReport()[pri:0, instance:com.automationexercise.tests.PaymentPageTest@18bc345]" started-at="2025-09-08T14:56:33 IST" name="flushReport" finished-at="2025-09-08T14:56:34 IST" duration-ms="1071" status="PASS">
          <reporter-output>
          </reporter-output>
        </test-method> <!-- flushReport -->
      </class> <!-- com.automationexercise.tests.PaymentPageTest -->
    </test> <!-- Default test -->
  </suite> <!-- Default suite -->
</testng-results>
=======
<?xml version="1.0" encoding="UTF-8"?>
<testng-results ignored="0" total="9" passed="9" failed="0" skipped="0">
  <reporter-output>
  </reporter-output>
  <suite started-at="2025-09-04T14:36:35 IST" name="Default suite" finished-at="2025-09-04T14:38:58 IST" duration-ms="143381">
    <groups>
      <group name="functional">
        <method signature="HomePageTest.verifyHomePageTitle()[pri:1, instance:com.automationexercise.tests.HomePageTest@acdb094]" name="verifyHomePageTitle" class="com.automationexercise.tests.HomePageTest"/>
        <method signature="HomePageTest.verifyNavigationFromHomePage()[pri:3, instance:com.automationexercise.tests.HomePageTest@acdb094]" name="verifyNavigationFromHomePage" class="com.automationexercise.tests.HomePageTest"/>
        <method signature="HomePageTest.verifySliderNavigation()[pri:4, instance:com.automationexercise.tests.HomePageTest@acdb094]" name="verifySliderNavigation" class="com.automationexercise.tests.HomePageTest"/>
        <method signature="HomePageTest.verifyCategoryItemsVisibleAndClickable()[pri:5, instance:com.automationexercise.tests.HomePageTest@acdb094]" name="verifyCategoryItemsVisibleAndClickable" class="com.automationexercise.tests.HomePageTest"/>
        <method signature="HomePageTest.verifyFeaturesItemsVisibleAndScreenshot()[pri:6, instance:com.automationexercise.tests.HomePageTest@acdb094]" name="verifyFeaturesItemsVisibleAndScreenshot" class="com.automationexercise.tests.HomePageTest"/>
        <method signature="HomePageTest.verifyBrandsSectionVisibleAndScreenshot()[pri:7, instance:com.automationexercise.tests.HomePageTest@acdb094]" name="verifyBrandsSectionVisibleAndScreenshot" class="com.automationexercise.tests.HomePageTest"/>
        <method signature="HomePageTest.verifyRecommendedItemsVisibleAndScreenshot()[pri:8, instance:com.automationexercise.tests.HomePageTest@acdb094]" name="verifyRecommendedItemsVisibleAndScreenshot" class="com.automationexercise.tests.HomePageTest"/>
        <method signature="HomePageTest.verifyBlueTopCardInfoAndImageDisplayed()[pri:9, instance:com.automationexercise.tests.HomePageTest@acdb094]" name="verifyBlueTopCardInfoAndImageDisplayed" class="com.automationexercise.tests.HomePageTest"/>
      </group> <!-- functional -->
      <group name="ui">
        <method signature="HomePageTest.verifyHomePageTitle()[pri:1, instance:com.automationexercise.tests.HomePageTest@acdb094]" name="verifyHomePageTitle" class="com.automationexercise.tests.HomePageTest"/>
        <method signature="HomePageTest.verifyLogoIsDisplayed()[pri:2, instance:com.automationexercise.tests.HomePageTest@acdb094]" name="verifyLogoIsDisplayed" class="com.automationexercise.tests.HomePageTest"/>
        <method signature="HomePageTest.verifyNavigationFromHomePage()[pri:3, instance:com.automationexercise.tests.HomePageTest@acdb094]" name="verifyNavigationFromHomePage" class="com.automationexercise.tests.HomePageTest"/>
        <method signature="HomePageTest.verifySliderNavigation()[pri:4, instance:com.automationexercise.tests.HomePageTest@acdb094]" name="verifySliderNavigation" class="com.automationexercise.tests.HomePageTest"/>
        <method signature="HomePageTest.verifyCategoryItemsVisibleAndClickable()[pri:5, instance:com.automationexercise.tests.HomePageTest@acdb094]" name="verifyCategoryItemsVisibleAndClickable" class="com.automationexercise.tests.HomePageTest"/>
        <method signature="HomePageTest.verifyFeaturesItemsVisibleAndScreenshot()[pri:6, instance:com.automationexercise.tests.HomePageTest@acdb094]" name="verifyFeaturesItemsVisibleAndScreenshot" class="com.automationexercise.tests.HomePageTest"/>
        <method signature="HomePageTest.verifyBrandsSectionVisibleAndScreenshot()[pri:7, instance:com.automationexercise.tests.HomePageTest@acdb094]" name="verifyBrandsSectionVisibleAndScreenshot" class="com.automationexercise.tests.HomePageTest"/>
        <method signature="HomePageTest.verifyRecommendedItemsVisibleAndScreenshot()[pri:8, instance:com.automationexercise.tests.HomePageTest@acdb094]" name="verifyRecommendedItemsVisibleAndScreenshot" class="com.automationexercise.tests.HomePageTest"/>
        <method signature="HomePageTest.verifyBlueTopCardInfoAndImageDisplayed()[pri:9, instance:com.automationexercise.tests.HomePageTest@acdb094]" name="verifyBlueTopCardInfoAndImageDisplayed" class="com.automationexercise.tests.HomePageTest"/>
      </group> <!-- ui -->
      <group name="Regression">
        <method signature="HomePageTest.verifyHomePageTitle()[pri:1, instance:com.automationexercise.tests.HomePageTest@acdb094]" name="verifyHomePageTitle" class="com.automationexercise.tests.HomePageTest"/>
        <method signature="HomePageTest.verifyLogoIsDisplayed()[pri:2, instance:com.automationexercise.tests.HomePageTest@acdb094]" name="verifyLogoIsDisplayed" class="com.automationexercise.tests.HomePageTest"/>
        <method signature="HomePageTest.verifyNavigationFromHomePage()[pri:3, instance:com.automationexercise.tests.HomePageTest@acdb094]" name="verifyNavigationFromHomePage" class="com.automationexercise.tests.HomePageTest"/>
        <method signature="HomePageTest.verifySliderNavigation()[pri:4, instance:com.automationexercise.tests.HomePageTest@acdb094]" name="verifySliderNavigation" class="com.automationexercise.tests.HomePageTest"/>
        <method signature="HomePageTest.verifyCategoryItemsVisibleAndClickable()[pri:5, instance:com.automationexercise.tests.HomePageTest@acdb094]" name="verifyCategoryItemsVisibleAndClickable" class="com.automationexercise.tests.HomePageTest"/>
        <method signature="HomePageTest.verifyFeaturesItemsVisibleAndScreenshot()[pri:6, instance:com.automationexercise.tests.HomePageTest@acdb094]" name="verifyFeaturesItemsVisibleAndScreenshot" class="com.automationexercise.tests.HomePageTest"/>
        <method signature="HomePageTest.verifyBrandsSectionVisibleAndScreenshot()[pri:7, instance:com.automationexercise.tests.HomePageTest@acdb094]" name="verifyBrandsSectionVisibleAndScreenshot" class="com.automationexercise.tests.HomePageTest"/>
        <method signature="HomePageTest.verifyRecommendedItemsVisibleAndScreenshot()[pri:8, instance:com.automationexercise.tests.HomePageTest@acdb094]" name="verifyRecommendedItemsVisibleAndScreenshot" class="com.automationexercise.tests.HomePageTest"/>
      </group> <!-- Regression -->
      <group name="smoke">
        <method signature="HomePageTest.verifyHomePageTitle()[pri:1, instance:com.automationexercise.tests.HomePageTest@acdb094]" name="verifyHomePageTitle" class="com.automationexercise.tests.HomePageTest"/>
        <method signature="HomePageTest.verifyLogoIsDisplayed()[pri:2, instance:com.automationexercise.tests.HomePageTest@acdb094]" name="verifyLogoIsDisplayed" class="com.automationexercise.tests.HomePageTest"/>
      </group> <!-- smoke -->
    </groups>
    <test started-at="2025-09-04T14:36:35 IST" name="Default test" finished-at="2025-09-04T14:38:58 IST" duration-ms="143381">
      <class name="com.automationexercise.tests.HomePageTest">
        <test-method is-config="true" signature="setupReport()[pri:0, instance:com.automationexercise.tests.HomePageTest@acdb094]" started-at="2025-09-04T14:36:34 IST" name="setupReport" finished-at="2025-09-04T14:36:35 IST" duration-ms="369" status="PASS">
          <reporter-output>
          </reporter-output>
        </test-method> <!-- setupReport -->
        <test-method is-config="true" signature="setup(java.lang.String,java.lang.String,java.lang.reflect.Method,[Ljava.lang.Object;)[pri:0, instance:com.automationexercise.tests.HomePageTest@acdb094]" started-at="2025-09-04T14:36:35 IST" name="setup" finished-at="2025-09-04T14:36:38 IST" duration-ms="3476" status="PASS">
          <params>
            <param index="0">
              <value>
                <![CDATA[chrome]]>
              </value>
            </param>
            <param index="1">
              <value>
                <![CDATA[false]]>
              </value>
            </param>
            <param index="2">
              <value>
                <![CDATA[public void com.automationexercise.tests.HomePageTest.verifyHomePageTitle() throws java.lang.Exception]]>
              </value>
            </param>
            <param index="3">
              <value>
                <![CDATA[[Ljava.lang.Object;@2abedbbd]]>
              </value>
            </param>
          </params>
          <reporter-output>
          </reporter-output>
        </test-method> <!-- setup -->
        <test-method signature="verifyHomePageTitle()[pri:1, instance:com.automationexercise.tests.HomePageTest@acdb094]" started-at="2025-09-04T14:36:38 IST" name="verifyHomePageTitle" finished-at="2025-09-04T14:36:44 IST" duration-ms="6098" status="PASS">
          <reporter-output>
          </reporter-output>
        </test-method> <!-- verifyHomePageTitle -->
        <test-method is-config="true" signature="teardown(org.testng.ITestResult)[pri:0, instance:com.automationexercise.tests.HomePageTest@acdb094]" started-at="2025-09-04T14:36:44 IST" name="teardown" finished-at="2025-09-04T14:36:45 IST" duration-ms="251" status="PASS">
          <params>
            <param index="0">
              <value>
                <![CDATA[[TestResult name=verifyHomePageTitle status=SUCCESS method=HomePageTest.verifyHomePageTitle()[pri:1, instance:com.automationexercise.tests.HomePageTest@acdb094] output={null}]]]>
              </value>
            </param>
          </params>
          <reporter-output>
          </reporter-output>
        </test-method> <!-- teardown -->
        <test-method is-config="true" signature="setup(java.lang.String,java.lang.String,java.lang.reflect.Method,[Ljava.lang.Object;)[pri:0, instance:com.automationexercise.tests.HomePageTest@acdb094]" started-at="2025-09-04T14:36:45 IST" name="setup" finished-at="2025-09-04T14:36:45 IST" duration-ms="843" status="PASS">
          <params>
            <param index="0">
              <value>
                <![CDATA[chrome]]>
              </value>
            </param>
            <param index="1">
              <value>
                <![CDATA[false]]>
              </value>
            </param>
            <param index="2">
              <value>
                <![CDATA[public void com.automationexercise.tests.HomePageTest.verifyLogoIsDisplayed() throws java.lang.Exception]]>
              </value>
            </param>
            <param index="3">
              <value>
                <![CDATA[[Ljava.lang.Object;@2c56eba5]]>
              </value>
            </param>
          </params>
          <reporter-output>
          </reporter-output>
        </test-method> <!-- setup -->
        <test-method signature="verifyLogoIsDisplayed()[pri:2, instance:com.automationexercise.tests.HomePageTest@acdb094]" started-at="2025-09-04T14:36:45 IST" name="verifyLogoIsDisplayed" finished-at="2025-09-04T14:36:50 IST" duration-ms="5004" status="PASS">
          <reporter-output>
          </reporter-output>
        </test-method> <!-- verifyLogoIsDisplayed -->
        <test-method is-config="true" signature="teardown(org.testng.ITestResult)[pri:0, instance:com.automationexercise.tests.HomePageTest@acdb094]" started-at="2025-09-04T14:36:50 IST" name="teardown" finished-at="2025-09-04T14:36:51 IST" duration-ms="245" status="PASS">
          <params>
            <param index="0">
              <value>
                <![CDATA[[TestResult name=verifyLogoIsDisplayed status=SUCCESS method=HomePageTest.verifyLogoIsDisplayed()[pri:2, instance:com.automationexercise.tests.HomePageTest@acdb094] output={null}]]]>
              </value>
            </param>
          </params>
          <reporter-output>
          </reporter-output>
        </test-method> <!-- teardown -->
        <test-method is-config="true" signature="setup(java.lang.String,java.lang.String,java.lang.reflect.Method,[Ljava.lang.Object;)[pri:0, instance:com.automationexercise.tests.HomePageTest@acdb094]" started-at="2025-09-04T14:36:51 IST" name="setup" finished-at="2025-09-04T14:36:51 IST" duration-ms="872" status="PASS">
          <params>
            <param index="0">
              <value>
                <![CDATA[chrome]]>
              </value>
            </param>
            <param index="1">
              <value>
                <![CDATA[false]]>
              </value>
            </param>
            <param index="2">
              <value>
                <![CDATA[public void com.automationexercise.tests.HomePageTest.verifyNavigationFromHomePage() throws java.lang.Exception]]>
              </value>
            </param>
            <param index="3">
              <value>
                <![CDATA[[Ljava.lang.Object;@6231f77a]]>
              </value>
            </param>
          </params>
          <reporter-output>
          </reporter-output>
        </test-method> <!-- setup -->
        <test-method signature="verifyNavigationFromHomePage()[pri:3, instance:com.automationexercise.tests.HomePageTest@acdb094]" started-at="2025-09-04T14:36:51 IST" name="verifyNavigationFromHomePage" finished-at="2025-09-04T14:37:14 IST" duration-ms="22256" status="PASS">
          <reporter-output>
          </reporter-output>
        </test-method> <!-- verifyNavigationFromHomePage -->
        <test-method is-config="true" signature="teardown(org.testng.ITestResult)[pri:0, instance:com.automationexercise.tests.HomePageTest@acdb094]" started-at="2025-09-04T14:37:14 IST" name="teardown" finished-at="2025-09-04T14:37:14 IST" duration-ms="339" status="PASS">
          <params>
            <param index="0">
              <value>
                <![CDATA[[TestResult name=verifyNavigationFromHomePage status=SUCCESS method=HomePageTest.verifyNavigationFromHomePage()[pri:3, instance:com.automationexercise.tests.HomePageTest@acdb094] output={null}]]]>
              </value>
            </param>
          </params>
          <reporter-output>
          </reporter-output>
        </test-method> <!-- teardown -->
        <test-method is-config="true" signature="setup(java.lang.String,java.lang.String,java.lang.reflect.Method,[Ljava.lang.Object;)[pri:0, instance:com.automationexercise.tests.HomePageTest@acdb094]" started-at="2025-09-04T14:37:14 IST" name="setup" finished-at="2025-09-04T14:37:15 IST" duration-ms="881" status="PASS">
          <params>
            <param index="0">
              <value>
                <![CDATA[chrome]]>
              </value>
            </param>
            <param index="1">
              <value>
                <![CDATA[false]]>
              </value>
            </param>
            <param index="2">
              <value>
                <![CDATA[public void com.automationexercise.tests.HomePageTest.verifySliderNavigation() throws java.lang.Exception]]>
              </value>
            </param>
            <param index="3">
              <value>
                <![CDATA[[Ljava.lang.Object;@290c266c]]>
              </value>
            </param>
          </params>
          <reporter-output>
          </reporter-output>
        </test-method> <!-- setup -->
        <test-method signature="verifySliderNavigation()[pri:4, instance:com.automationexercise.tests.HomePageTest@acdb094]" started-at="2025-09-04T14:37:15 IST" name="verifySliderNavigation" finished-at="2025-09-04T14:37:23 IST" duration-ms="7522" status="PASS">
          <reporter-output>
          </reporter-output>
        </test-method> <!-- verifySliderNavigation -->
        <test-method is-config="true" signature="teardown(org.testng.ITestResult)[pri:0, instance:com.automationexercise.tests.HomePageTest@acdb094]" started-at="2025-09-04T14:37:23 IST" name="teardown" finished-at="2025-09-04T14:37:23 IST" duration-ms="244" status="PASS">
          <params>
            <param index="0">
              <value>
                <![CDATA[[TestResult name=verifySliderNavigation status=SUCCESS method=HomePageTest.verifySliderNavigation()[pri:4, instance:com.automationexercise.tests.HomePageTest@acdb094] output={null}]]]>
              </value>
            </param>
          </params>
          <reporter-output>
          </reporter-output>
        </test-method> <!-- teardown -->
        <test-method is-config="true" signature="setup(java.lang.String,java.lang.String,java.lang.reflect.Method,[Ljava.lang.Object;)[pri:0, instance:com.automationexercise.tests.HomePageTest@acdb094]" started-at="2025-09-04T14:37:23 IST" name="setup" finished-at="2025-09-04T14:37:24 IST" duration-ms="839" status="PASS">
          <params>
            <param index="0">
              <value>
                <![CDATA[chrome]]>
              </value>
            </param>
            <param index="1">
              <value>
                <![CDATA[false]]>
              </value>
            </param>
            <param index="2">
              <value>
                <![CDATA[public void com.automationexercise.tests.HomePageTest.verifyCategoryItemsVisibleAndClickable() throws java.lang.Exception]]>
              </value>
            </param>
            <param index="3">
              <value>
                <![CDATA[[Ljava.lang.Object;@75b363c3]]>
              </value>
            </param>
          </params>
          <reporter-output>
          </reporter-output>
        </test-method> <!-- setup -->
        <test-method signature="verifyCategoryItemsVisibleAndClickable()[pri:5, instance:com.automationexercise.tests.HomePageTest@acdb094]" started-at="2025-09-04T14:37:24 IST" name="verifyCategoryItemsVisibleAndClickable" finished-at="2025-09-04T14:38:02 IST" duration-ms="38129" status="PASS">
          <reporter-output>
          </reporter-output>
        </test-method> <!-- verifyCategoryItemsVisibleAndClickable -->
        <test-method is-config="true" signature="teardown(org.testng.ITestResult)[pri:0, instance:com.automationexercise.tests.HomePageTest@acdb094]" started-at="2025-09-04T14:38:02 IST" name="teardown" finished-at="2025-09-04T14:38:02 IST" duration-ms="343" status="PASS">
          <params>
            <param index="0">
              <value>
                <![CDATA[[TestResult name=verifyCategoryItemsVisibleAndClickable status=SUCCESS method=HomePageTest.verifyCategoryItemsVisibleAndClickable()[pri:5, instance:com.automationexercise.tests.HomePageTest@acdb094] output={null}]]]>
              </value>
            </param>
          </params>
          <reporter-output>
          </reporter-output>
        </test-method> <!-- teardown -->
        <test-method is-config="true" signature="setup(java.lang.String,java.lang.String,java.lang.reflect.Method,[Ljava.lang.Object;)[pri:0, instance:com.automationexercise.tests.HomePageTest@acdb094]" started-at="2025-09-04T14:38:02 IST" name="setup" finished-at="2025-09-04T14:38:03 IST" duration-ms="819" status="PASS">
          <params>
            <param index="0">
              <value>
                <![CDATA[chrome]]>
              </value>
            </param>
            <param index="1">
              <value>
                <![CDATA[false]]>
              </value>
            </param>
            <param index="2">
              <value>
                <![CDATA[public void com.automationexercise.tests.HomePageTest.verifyFeaturesItemsVisibleAndScreenshot() throws java.lang.Exception]]>
              </value>
            </param>
            <param index="3">
              <value>
                <![CDATA[[Ljava.lang.Object;@6ea3a513]]>
              </value>
            </param>
          </params>
          <reporter-output>
          </reporter-output>
        </test-method> <!-- setup -->
        <test-method signature="verifyFeaturesItemsVisibleAndScreenshot()[pri:6, instance:com.automationexercise.tests.HomePageTest@acdb094]" started-at="2025-09-04T14:38:03 IST" name="verifyFeaturesItemsVisibleAndScreenshot" finished-at="2025-09-04T14:38:12 IST" duration-ms="8711" status="PASS">
          <reporter-output>
          </reporter-output>
        </test-method> <!-- verifyFeaturesItemsVisibleAndScreenshot -->
        <test-method is-config="true" signature="teardown(org.testng.ITestResult)[pri:0, instance:com.automationexercise.tests.HomePageTest@acdb094]" started-at="2025-09-04T14:38:12 IST" name="teardown" finished-at="2025-09-04T14:38:12 IST" duration-ms="271" status="PASS">
          <params>
            <param index="0">
              <value>
                <![CDATA[[TestResult name=verifyFeaturesItemsVisibleAndScreenshot status=SUCCESS method=HomePageTest.verifyFeaturesItemsVisibleAndScreenshot()[pri:6, instance:com.automationexercise.tests.HomePageTest@acdb094] output={null}]]]>
              </value>
            </param>
          </params>
          <reporter-output>
          </reporter-output>
        </test-method> <!-- teardown -->
        <test-method is-config="true" signature="setup(java.lang.String,java.lang.String,java.lang.reflect.Method,[Ljava.lang.Object;)[pri:0, instance:com.automationexercise.tests.HomePageTest@acdb094]" started-at="2025-09-04T14:38:12 IST" name="setup" finished-at="2025-09-04T14:38:13 IST" duration-ms="852" status="PASS">
          <params>
            <param index="0">
              <value>
                <![CDATA[chrome]]>
              </value>
            </param>
            <param index="1">
              <value>
                <![CDATA[false]]>
              </value>
            </param>
            <param index="2">
              <value>
                <![CDATA[public void com.automationexercise.tests.HomePageTest.verifyBrandsSectionVisibleAndScreenshot() throws java.lang.Exception]]>
              </value>
            </param>
            <param index="3">
              <value>
                <![CDATA[[Ljava.lang.Object;@3c4059a]]>
              </value>
            </param>
          </params>
          <reporter-output>
          </reporter-output>
        </test-method> <!-- setup -->
        <test-method signature="verifyBrandsSectionVisibleAndScreenshot()[pri:7, instance:com.automationexercise.tests.HomePageTest@acdb094]" started-at="2025-09-04T14:38:13 IST" name="verifyBrandsSectionVisibleAndScreenshot" finished-at="2025-09-04T14:38:32 IST" duration-ms="19696" status="PASS">
          <reporter-output>
          </reporter-output>
        </test-method> <!-- verifyBrandsSectionVisibleAndScreenshot -->
        <test-method is-config="true" signature="teardown(org.testng.ITestResult)[pri:0, instance:com.automationexercise.tests.HomePageTest@acdb094]" started-at="2025-09-04T14:38:32 IST" name="teardown" finished-at="2025-09-04T14:38:33 IST" duration-ms="241" status="PASS">
          <params>
            <param index="0">
              <value>
                <![CDATA[[TestResult name=verifyBrandsSectionVisibleAndScreenshot status=SUCCESS method=HomePageTest.verifyBrandsSectionVisibleAndScreenshot()[pri:7, instance:com.automationexercise.tests.HomePageTest@acdb094] output={null}]]]>
              </value>
            </param>
          </params>
          <reporter-output>
          </reporter-output>
        </test-method> <!-- teardown -->
        <test-method is-config="true" signature="setup(java.lang.String,java.lang.String,java.lang.reflect.Method,[Ljava.lang.Object;)[pri:0, instance:com.automationexercise.tests.HomePageTest@acdb094]" started-at="2025-09-04T14:38:33 IST" name="setup" finished-at="2025-09-04T14:38:33 IST" duration-ms="824" status="PASS">
          <params>
            <param index="0">
              <value>
                <![CDATA[chrome]]>
              </value>
            </param>
            <param index="1">
              <value>
                <![CDATA[false]]>
              </value>
            </param>
            <param index="2">
              <value>
                <![CDATA[public void com.automationexercise.tests.HomePageTest.verifyRecommendedItemsVisibleAndScreenshot() throws java.lang.Exception]]>
              </value>
            </param>
            <param index="3">
              <value>
                <![CDATA[[Ljava.lang.Object;@4b336cc8]]>
              </value>
            </param>
          </params>
          <reporter-output>
          </reporter-output>
        </test-method> <!-- setup -->
        <test-method signature="verifyRecommendedItemsVisibleAndScreenshot()[pri:8, instance:com.automationexercise.tests.HomePageTest@acdb094]" started-at="2025-09-04T14:38:33 IST" name="verifyRecommendedItemsVisibleAndScreenshot" finished-at="2025-09-04T14:38:39 IST" duration-ms="5636" status="PASS">
          <reporter-output>
          </reporter-output>
        </test-method> <!-- verifyRecommendedItemsVisibleAndScreenshot -->
        <test-method is-config="true" signature="teardown(org.testng.ITestResult)[pri:0, instance:com.automationexercise.tests.HomePageTest@acdb094]" started-at="2025-09-04T14:38:39 IST" name="teardown" finished-at="2025-09-04T14:38:39 IST" duration-ms="222" status="PASS">
          <params>
            <param index="0">
              <value>
                <![CDATA[[TestResult name=verifyRecommendedItemsVisibleAndScreenshot status=SUCCESS method=HomePageTest.verifyRecommendedItemsVisibleAndScreenshot()[pri:8, instance:com.automationexercise.tests.HomePageTest@acdb094] output={null}]]]>
              </value>
            </param>
          </params>
          <reporter-output>
          </reporter-output>
        </test-method> <!-- teardown -->
        <test-method is-config="true" signature="setup(java.lang.String,java.lang.String,java.lang.reflect.Method,[Ljava.lang.Object;)[pri:0, instance:com.automationexercise.tests.HomePageTest@acdb094]" started-at="2025-09-04T14:38:39 IST" name="setup" finished-at="2025-09-04T14:38:40 IST" duration-ms="847" status="PASS">
          <params>
            <param index="0">
              <value>
                <![CDATA[chrome]]>
              </value>
            </param>
            <param index="1">
              <value>
                <![CDATA[false]]>
              </value>
            </param>
            <param index="2">
              <value>
                <![CDATA[public void com.automationexercise.tests.HomePageTest.verifyBlueTopCardInfoAndImageDisplayed() throws java.lang.Exception]]>
              </value>
            </param>
            <param index="3">
              <value>
                <![CDATA[[Ljava.lang.Object;@2570b316]]>
              </value>
            </param>
          </params>
          <reporter-output>
          </reporter-output>
        </test-method> <!-- setup -->
        <test-method signature="verifyBlueTopCardInfoAndImageDisplayed()[pri:9, instance:com.automationexercise.tests.HomePageTest@acdb094]" started-at="2025-09-04T14:38:40 IST" name="verifyBlueTopCardInfoAndImageDisplayed" finished-at="2025-09-04T14:38:58 IST" duration-ms="17512" status="PASS">
          <reporter-output>
          </reporter-output>
        </test-method> <!-- verifyBlueTopCardInfoAndImageDisplayed -->
        <test-method is-config="true" signature="teardown(org.testng.ITestResult)[pri:0, instance:com.automationexercise.tests.HomePageTest@acdb094]" started-at="2025-09-04T14:38:58 IST" name="teardown" finished-at="2025-09-04T14:38:58 IST" duration-ms="314" status="PASS">
          <params>
            <param index="0">
              <value>
                <![CDATA[[TestResult name=verifyBlueTopCardInfoAndImageDisplayed status=SUCCESS method=HomePageTest.verifyBlueTopCardInfoAndImageDisplayed()[pri:9, instance:com.automationexercise.tests.HomePageTest@acdb094] output={null}]]]>
              </value>
            </param>
          </params>
          <reporter-output>
          </reporter-output>
        </test-method> <!-- teardown -->
        <test-method is-config="true" signature="flushReport()[pri:0, instance:com.automationexercise.tests.HomePageTest@acdb094]" started-at="2025-09-04T14:38:58 IST" name="flushReport" finished-at="2025-09-04T14:38:59 IST" duration-ms="576" status="PASS">
          <reporter-output>
          </reporter-output>
        </test-method> <!-- flushReport -->
      </class> <!-- com.automationexercise.tests.HomePageTest -->
    </test> <!-- Default test -->
  </suite> <!-- Default suite -->
</testng-results>
>>>>>>> 0a6df1f363092f53e021b80fd9ef2b15b40e0818
